2023-11-30 17:17:23.739134: I tensorflow/core/platform/cpu_feature_guard.cc:182] This TensorFlow binary is optimized to use available CPU instructions in performance-critical operations.
To enable the following instructions: AVX2 FMA, in other operations, rebuild TensorFlow with the appropriate compiler flags.
2023-11-30 17:17:24.464118: W tensorflow/compiler/tf2tensorrt/utils/py_utils.cc:38] TF-TRT Warning: Could not find TensorRT
No model was supplied, defaulted to sshleifer/distilbart-cnn-12-6 and revision a4f8f3e (https://huggingface.co/sshleifer/distilbart-cnn-12-6).
Using a pipeline without specifying a model name and revision in production is not recommended.
config.json:   0%|                                                                  | 0.00/1.80k [00:00<?, ?B/s]config.json: 100%|██████████████████████████████████████████████████████████| 1.80k/1.80k [00:00<00:00, 376kB/s]
pytorch_model.bin:   0%|                                                            | 0.00/1.22G [00:00<?, ?B/s]pytorch_model.bin:   1%|▍                                               | 10.5M/1.22G [10:03<19:23:14, 17.4kB/s]pytorch_model.bin:   1%|▍                                               | 10.5M/1.22G [10:21<19:23:14, 17.4kB/s]pytorch_model.bin:   1%|▍                                               | 10.5M/1.22G [20:46<40:00:58, 8.41kB/s]
Traceback (most recent call last):
  File "./f00058_summarize_text.py", line 45, in <module>
    test_summarize_text()
  File "./f00058_summarize_text.py", line 32, in test_summarize_text
    assert len(summarize_text(text1)) > 0
  File "./f00058_summarize_text.py", line 18, in summarize_text
    summarizer = pipeline('summarization')
  File "/root/autodl-tmp/conda-envs/py38/lib/python3.8/site-packages/transformers/pipelines/__init__.py", line 870, in pipeline
    framework, model = infer_framework_load_model(
  File "/root/autodl-tmp/conda-envs/py38/lib/python3.8/site-packages/transformers/pipelines/base.py", line 282, in infer_framework_load_model
    raise ValueError(
ValueError: Could not load model sshleifer/distilbart-cnn-12-6 with any of the following classes: (<class 'transformers.models.auto.modeling_auto.AutoModelForSeq2SeqLM'>, <class 'transformers.models.auto.modeling_tf_auto.TFAutoModelForSeq2SeqLM'>, <class 'transformers.models.bart.modeling_bart.BartForConditionalGeneration'>, <class 'transformers.models.bart.modeling_tf_bart.TFBartForConditionalGeneration'>). See the original errors:

while loading with AutoModelForSeq2SeqLM, an error is thrown:
Traceback (most recent call last):
  File "/root/autodl-tmp/conda-envs/py38/lib/python3.8/site-packages/urllib3/response.py", line 712, in _error_catcher
    yield
  File "/root/autodl-tmp/conda-envs/py38/lib/python3.8/site-packages/urllib3/response.py", line 833, in _raw_read
    raise IncompleteRead(self._fp_bytes_read, self.length_remaining)
urllib3.exceptions.IncompleteRead: IncompleteRead(20298648 bytes read, 1202018721 more expected)

The above exception was the direct cause of the following exception:

Traceback (most recent call last):
  File "/root/autodl-tmp/conda-envs/py38/lib/python3.8/site-packages/requests/models.py", line 816, in generate
    yield from self.raw.stream(chunk_size, decode_content=True)
  File "/root/autodl-tmp/conda-envs/py38/lib/python3.8/site-packages/urllib3/response.py", line 934, in stream
    data = self.read(amt=amt, decode_content=decode_content)
  File "/root/autodl-tmp/conda-envs/py38/lib/python3.8/site-packages/urllib3/response.py", line 905, in read
    data = self._raw_read(amt)
  File "/root/autodl-tmp/conda-envs/py38/lib/python3.8/site-packages/urllib3/response.py", line 833, in _raw_read
    raise IncompleteRead(self._fp_bytes_read, self.length_remaining)
  File "/root/autodl-tmp/conda-envs/py38/lib/python3.8/contextlib.py", line 131, in __exit__
    self.gen.throw(type, value, traceback)
  File "/root/autodl-tmp/conda-envs/py38/lib/python3.8/site-packages/urllib3/response.py", line 729, in _error_catcher
    raise ProtocolError(f"Connection broken: {e!r}", e) from e
urllib3.exceptions.ProtocolError: ('Connection broken: IncompleteRead(20298648 bytes read, 1202018721 more expected)', IncompleteRead(20298648 bytes read, 1202018721 more expected))

During handling of the above exception, another exception occurred:

Traceback (most recent call last):
  File "/root/autodl-tmp/conda-envs/py38/lib/python3.8/site-packages/transformers/pipelines/base.py", line 269, in infer_framework_load_model
    model = model_class.from_pretrained(model, **kwargs)
  File "/root/autodl-tmp/conda-envs/py38/lib/python3.8/site-packages/transformers/models/auto/auto_factory.py", line 566, in from_pretrained
    return model_class.from_pretrained(
  File "/root/autodl-tmp/conda-envs/py38/lib/python3.8/site-packages/transformers/modeling_utils.py", line 3057, in from_pretrained
    resolved_archive_file = cached_file(
  File "/root/autodl-tmp/conda-envs/py38/lib/python3.8/site-packages/transformers/utils/hub.py", line 430, in cached_file
    resolved_file = hf_hub_download(
  File "/root/autodl-tmp/conda-envs/py38/lib/python3.8/site-packages/huggingface_hub/utils/_validators.py", line 118, in _inner_fn
    return fn(*args, **kwargs)
  File "/root/autodl-tmp/conda-envs/py38/lib/python3.8/site-packages/huggingface_hub/file_download.py", line 1461, in hf_hub_download
    http_get(
  File "/root/autodl-tmp/conda-envs/py38/lib/python3.8/site-packages/huggingface_hub/file_download.py", line 541, in http_get
    for chunk in r.iter_content(chunk_size=DOWNLOAD_CHUNK_SIZE):
  File "/root/autodl-tmp/conda-envs/py38/lib/python3.8/site-packages/requests/models.py", line 818, in generate
    raise ChunkedEncodingError(e)
requests.exceptions.ChunkedEncodingError: ('Connection broken: IncompleteRead(20298648 bytes read, 1202018721 more expected)', IncompleteRead(20298648 bytes read, 1202018721 more expected))

while loading with TFAutoModelForSeq2SeqLM, an error is thrown:
Traceback (most recent call last):
  File "/root/autodl-tmp/conda-envs/py38/lib/python3.8/site-packages/urllib3/connectionpool.py", line 776, in urlopen
    self._prepare_proxy(conn)
  File "/root/autodl-tmp/conda-envs/py38/lib/python3.8/site-packages/urllib3/connectionpool.py", line 1045, in _prepare_proxy
    conn.connect()
  File "/root/autodl-tmp/conda-envs/py38/lib/python3.8/site-packages/urllib3/connection.py", line 642, in connect
    sock_and_verified = _ssl_wrap_socket_and_match_hostname(
  File "/root/autodl-tmp/conda-envs/py38/lib/python3.8/site-packages/urllib3/connection.py", line 782, in _ssl_wrap_socket_and_match_hostname
    ssl_sock = ssl_wrap_socket(
  File "/root/autodl-tmp/conda-envs/py38/lib/python3.8/site-packages/urllib3/util/ssl_.py", line 470, in ssl_wrap_socket
    ssl_sock = _ssl_wrap_socket_impl(sock, context, tls_in_tls, server_hostname)
  File "/root/autodl-tmp/conda-envs/py38/lib/python3.8/site-packages/urllib3/util/ssl_.py", line 514, in _ssl_wrap_socket_impl
    return ssl_context.wrap_socket(sock, server_hostname=server_hostname)
  File "/root/autodl-tmp/conda-envs/py38/lib/python3.8/ssl.py", line 500, in wrap_socket
    return self.sslsocket_class._create(
  File "/root/autodl-tmp/conda-envs/py38/lib/python3.8/ssl.py", line 1073, in _create
    self.do_handshake()
  File "/root/autodl-tmp/conda-envs/py38/lib/python3.8/ssl.py", line 1342, in do_handshake
    self._sslobj.do_handshake()
socket.timeout: _ssl.c:1114: The handshake operation timed out

The above exception was the direct cause of the following exception:

Traceback (most recent call last):
  File "/root/autodl-tmp/conda-envs/py38/lib/python3.8/site-packages/requests/adapters.py", line 486, in send
    resp = conn.urlopen(
  File "/root/autodl-tmp/conda-envs/py38/lib/python3.8/site-packages/urllib3/connectionpool.py", line 844, in urlopen
    retries = retries.increment(
  File "/root/autodl-tmp/conda-envs/py38/lib/python3.8/site-packages/urllib3/util/retry.py", line 470, in increment
    raise reraise(type(error), error, _stacktrace)
  File "/root/autodl-tmp/conda-envs/py38/lib/python3.8/site-packages/urllib3/util/util.py", line 39, in reraise
    raise value
  File "/root/autodl-tmp/conda-envs/py38/lib/python3.8/site-packages/urllib3/connectionpool.py", line 778, in urlopen
    self._raise_timeout(
  File "/root/autodl-tmp/conda-envs/py38/lib/python3.8/site-packages/urllib3/connectionpool.py", line 370, in _raise_timeout
    raise ReadTimeoutError(
urllib3.exceptions.ReadTimeoutError: HTTPSConnectionPool(host='huggingface.co', port=443): Read timed out. (read timeout=10)

During handling of the above exception, another exception occurred:

Traceback (most recent call last):
  File "/root/autodl-tmp/conda-envs/py38/lib/python3.8/site-packages/transformers/pipelines/base.py", line 269, in infer_framework_load_model
    model = model_class.from_pretrained(model, **kwargs)
  File "/root/autodl-tmp/conda-envs/py38/lib/python3.8/site-packages/transformers/models/auto/auto_factory.py", line 566, in from_pretrained
    return model_class.from_pretrained(
  File "/root/autodl-tmp/conda-envs/py38/lib/python3.8/site-packages/transformers/modeling_tf_utils.py", line 2817, in from_pretrained
    if has_file(pretrained_model_name_or_path, SAFE_WEIGHTS_INDEX_NAME, **has_file_kwargs):
  File "/root/autodl-tmp/conda-envs/py38/lib/python3.8/site-packages/transformers/utils/hub.py", line 650, in has_file
    r = requests.head(url, headers=headers, allow_redirects=False, proxies=proxies, timeout=10)
  File "/root/autodl-tmp/conda-envs/py38/lib/python3.8/site-packages/requests/api.py", line 100, in head
    return request("head", url, **kwargs)
  File "/root/autodl-tmp/conda-envs/py38/lib/python3.8/site-packages/requests/api.py", line 59, in request
    return session.request(method=method, url=url, **kwargs)
  File "/root/autodl-tmp/conda-envs/py38/lib/python3.8/site-packages/requests/sessions.py", line 589, in request
    resp = self.send(prep, **send_kwargs)
  File "/root/autodl-tmp/conda-envs/py38/lib/python3.8/site-packages/requests/sessions.py", line 703, in send
    r = adapter.send(request, **kwargs)
  File "/root/autodl-tmp/conda-envs/py38/lib/python3.8/site-packages/requests/adapters.py", line 532, in send
    raise ReadTimeout(e, request=request)
requests.exceptions.ReadTimeout: HTTPSConnectionPool(host='huggingface.co', port=443): Read timed out. (read timeout=10)

while loading with BartForConditionalGeneration, an error is thrown:
Traceback (most recent call last):
  File "/root/autodl-tmp/conda-envs/py38/lib/python3.8/site-packages/urllib3/connectionpool.py", line 776, in urlopen
    self._prepare_proxy(conn)
  File "/root/autodl-tmp/conda-envs/py38/lib/python3.8/site-packages/urllib3/connectionpool.py", line 1045, in _prepare_proxy
    conn.connect()
  File "/root/autodl-tmp/conda-envs/py38/lib/python3.8/site-packages/urllib3/connection.py", line 642, in connect
    sock_and_verified = _ssl_wrap_socket_and_match_hostname(
  File "/root/autodl-tmp/conda-envs/py38/lib/python3.8/site-packages/urllib3/connection.py", line 782, in _ssl_wrap_socket_and_match_hostname
    ssl_sock = ssl_wrap_socket(
  File "/root/autodl-tmp/conda-envs/py38/lib/python3.8/site-packages/urllib3/util/ssl_.py", line 470, in ssl_wrap_socket
    ssl_sock = _ssl_wrap_socket_impl(sock, context, tls_in_tls, server_hostname)
  File "/root/autodl-tmp/conda-envs/py38/lib/python3.8/site-packages/urllib3/util/ssl_.py", line 514, in _ssl_wrap_socket_impl
    return ssl_context.wrap_socket(sock, server_hostname=server_hostname)
  File "/root/autodl-tmp/conda-envs/py38/lib/python3.8/ssl.py", line 500, in wrap_socket
    return self.sslsocket_class._create(
  File "/root/autodl-tmp/conda-envs/py38/lib/python3.8/ssl.py", line 1073, in _create
    self.do_handshake()
  File "/root/autodl-tmp/conda-envs/py38/lib/python3.8/ssl.py", line 1342, in do_handshake
    self._sslobj.do_handshake()
socket.timeout: _ssl.c:1114: The handshake operation timed out

The above exception was the direct cause of the following exception:

Traceback (most recent call last):
  File "/root/autodl-tmp/conda-envs/py38/lib/python3.8/site-packages/requests/adapters.py", line 486, in send
    resp = conn.urlopen(
  File "/root/autodl-tmp/conda-envs/py38/lib/python3.8/site-packages/urllib3/connectionpool.py", line 844, in urlopen
    retries = retries.increment(
  File "/root/autodl-tmp/conda-envs/py38/lib/python3.8/site-packages/urllib3/util/retry.py", line 470, in increment
    raise reraise(type(error), error, _stacktrace)
  File "/root/autodl-tmp/conda-envs/py38/lib/python3.8/site-packages/urllib3/util/util.py", line 39, in reraise
    raise value
  File "/root/autodl-tmp/conda-envs/py38/lib/python3.8/site-packages/urllib3/connectionpool.py", line 778, in urlopen
    self._raise_timeout(
  File "/root/autodl-tmp/conda-envs/py38/lib/python3.8/site-packages/urllib3/connectionpool.py", line 370, in _raise_timeout
    raise ReadTimeoutError(
urllib3.exceptions.ReadTimeoutError: HTTPSConnectionPool(host='huggingface.co', port=443): Read timed out. (read timeout=10)

During handling of the above exception, another exception occurred:

Traceback (most recent call last):
  File "/root/autodl-tmp/conda-envs/py38/lib/python3.8/site-packages/transformers/pipelines/base.py", line 269, in infer_framework_load_model
    model = model_class.from_pretrained(model, **kwargs)
  File "/root/autodl-tmp/conda-envs/py38/lib/python3.8/site-packages/transformers/modeling_utils.py", line 3077, in from_pretrained
    if has_file(pretrained_model_name_or_path, TF2_WEIGHTS_NAME, **has_file_kwargs):
  File "/root/autodl-tmp/conda-envs/py38/lib/python3.8/site-packages/transformers/utils/hub.py", line 650, in has_file
    r = requests.head(url, headers=headers, allow_redirects=False, proxies=proxies, timeout=10)
  File "/root/autodl-tmp/conda-envs/py38/lib/python3.8/site-packages/requests/api.py", line 100, in head
    return request("head", url, **kwargs)
  File "/root/autodl-tmp/conda-envs/py38/lib/python3.8/site-packages/requests/api.py", line 59, in request
    return session.request(method=method, url=url, **kwargs)
  File "/root/autodl-tmp/conda-envs/py38/lib/python3.8/site-packages/requests/sessions.py", line 589, in request
    resp = self.send(prep, **send_kwargs)
  File "/root/autodl-tmp/conda-envs/py38/lib/python3.8/site-packages/requests/sessions.py", line 703, in send
    r = adapter.send(request, **kwargs)
  File "/root/autodl-tmp/conda-envs/py38/lib/python3.8/site-packages/requests/adapters.py", line 532, in send
    raise ReadTimeout(e, request=request)
requests.exceptions.ReadTimeout: HTTPSConnectionPool(host='huggingface.co', port=443): Read timed out. (read timeout=10)

while loading with TFBartForConditionalGeneration, an error is thrown:
Traceback (most recent call last):
  File "/root/autodl-tmp/conda-envs/py38/lib/python3.8/site-packages/urllib3/connectionpool.py", line 776, in urlopen
    self._prepare_proxy(conn)
  File "/root/autodl-tmp/conda-envs/py38/lib/python3.8/site-packages/urllib3/connectionpool.py", line 1045, in _prepare_proxy
    conn.connect()
  File "/root/autodl-tmp/conda-envs/py38/lib/python3.8/site-packages/urllib3/connection.py", line 642, in connect
    sock_and_verified = _ssl_wrap_socket_and_match_hostname(
  File "/root/autodl-tmp/conda-envs/py38/lib/python3.8/site-packages/urllib3/connection.py", line 782, in _ssl_wrap_socket_and_match_hostname
    ssl_sock = ssl_wrap_socket(
  File "/root/autodl-tmp/conda-envs/py38/lib/python3.8/site-packages/urllib3/util/ssl_.py", line 470, in ssl_wrap_socket
    ssl_sock = _ssl_wrap_socket_impl(sock, context, tls_in_tls, server_hostname)
  File "/root/autodl-tmp/conda-envs/py38/lib/python3.8/site-packages/urllib3/util/ssl_.py", line 514, in _ssl_wrap_socket_impl
    return ssl_context.wrap_socket(sock, server_hostname=server_hostname)
  File "/root/autodl-tmp/conda-envs/py38/lib/python3.8/ssl.py", line 500, in wrap_socket
    return self.sslsocket_class._create(
  File "/root/autodl-tmp/conda-envs/py38/lib/python3.8/ssl.py", line 1073, in _create
    self.do_handshake()
  File "/root/autodl-tmp/conda-envs/py38/lib/python3.8/ssl.py", line 1342, in do_handshake
    self._sslobj.do_handshake()
socket.timeout: _ssl.c:1114: The handshake operation timed out

The above exception was the direct cause of the following exception:

Traceback (most recent call last):
  File "/root/autodl-tmp/conda-envs/py38/lib/python3.8/site-packages/requests/adapters.py", line 486, in send
    resp = conn.urlopen(
  File "/root/autodl-tmp/conda-envs/py38/lib/python3.8/site-packages/urllib3/connectionpool.py", line 844, in urlopen
    retries = retries.increment(
  File "/root/autodl-tmp/conda-envs/py38/lib/python3.8/site-packages/urllib3/util/retry.py", line 470, in increment
    raise reraise(type(error), error, _stacktrace)
  File "/root/autodl-tmp/conda-envs/py38/lib/python3.8/site-packages/urllib3/util/util.py", line 39, in reraise
    raise value
  File "/root/autodl-tmp/conda-envs/py38/lib/python3.8/site-packages/urllib3/connectionpool.py", line 778, in urlopen
    self._raise_timeout(
  File "/root/autodl-tmp/conda-envs/py38/lib/python3.8/site-packages/urllib3/connectionpool.py", line 370, in _raise_timeout
    raise ReadTimeoutError(
urllib3.exceptions.ReadTimeoutError: HTTPSConnectionPool(host='huggingface.co', port=443): Read timed out. (read timeout=10)

During handling of the above exception, another exception occurred:

Traceback (most recent call last):
  File "/root/autodl-tmp/conda-envs/py38/lib/python3.8/site-packages/transformers/pipelines/base.py", line 269, in infer_framework_load_model
    model = model_class.from_pretrained(model, **kwargs)
  File "/root/autodl-tmp/conda-envs/py38/lib/python3.8/site-packages/transformers/modeling_tf_utils.py", line 2817, in from_pretrained
    if has_file(pretrained_model_name_or_path, SAFE_WEIGHTS_INDEX_NAME, **has_file_kwargs):
  File "/root/autodl-tmp/conda-envs/py38/lib/python3.8/site-packages/transformers/utils/hub.py", line 650, in has_file
    r = requests.head(url, headers=headers, allow_redirects=False, proxies=proxies, timeout=10)
  File "/root/autodl-tmp/conda-envs/py38/lib/python3.8/site-packages/requests/api.py", line 100, in head
    return request("head", url, **kwargs)
  File "/root/autodl-tmp/conda-envs/py38/lib/python3.8/site-packages/requests/api.py", line 59, in request
    return session.request(method=method, url=url, **kwargs)
  File "/root/autodl-tmp/conda-envs/py38/lib/python3.8/site-packages/requests/sessions.py", line 589, in request
    resp = self.send(prep, **send_kwargs)
  File "/root/autodl-tmp/conda-envs/py38/lib/python3.8/site-packages/requests/sessions.py", line 703, in send
    r = adapter.send(request, **kwargs)
  File "/root/autodl-tmp/conda-envs/py38/lib/python3.8/site-packages/requests/adapters.py", line 532, in send
    raise ReadTimeout(e, request=request)
requests.exceptions.ReadTimeout: HTTPSConnectionPool(host='huggingface.co', port=443): Read timed out. (read timeout=10)



