2023-12-01 00:56:17.183811: I tensorflow/core/platform/cpu_feature_guard.cc:182] This TensorFlow binary is optimized to use available CPU instructions in performance-critical operations.
To enable the following instructions: AVX2 FMA, in other operations, rebuild TensorFlow with the appropriate compiler flags.
2023-12-01 00:56:17.927905: W tensorflow/compiler/tf2tensorrt/utils/py_utils.cc:38] TF-TRT Warning: Could not find TensorRT
/root/autodl-tmp/conda-envs/py38/lib/python3.8/site-packages/huggingface_hub/utils/_runtime.py:184: UserWarning: Pydantic is installed but cannot be imported. Please check your installation. `huggingface_hub` will default to not using Pydantic. Error message: '{e}'
  warnings.warn(
preprocessor_config.json:   0%|                                                       | 0.00/380 [00:00<?, ?B/s]preprocessor_config.json: 100%|â–ˆâ–ˆâ–ˆâ–ˆâ–ˆâ–ˆâ–ˆâ–ˆâ–ˆâ–ˆâ–ˆâ–ˆâ–ˆâ–ˆâ–ˆâ–ˆâ–ˆâ–ˆâ–ˆâ–ˆâ–ˆâ–ˆâ–ˆâ–ˆâ–ˆâ–ˆâ–ˆâ–ˆâ–ˆâ–ˆâ–ˆâ–ˆâ–ˆâ–ˆâ–ˆâ–ˆâ–ˆâ–ˆâ–ˆâ–ˆâ–ˆâ–ˆâ–ˆâ–ˆâ–ˆâ–ˆâ–ˆâ–ˆ| 380/380 [00:00<00:00, 56.6kB/s]
/root/autodl-tmp/conda-envs/py38/lib/python3.8/site-packages/transformers/models/maskformer/feature_extraction_maskformer.py:28: FutureWarning: The class MaskFormerFeatureExtractor is deprecated and will be removed in version 5 of Transformers. Please use MaskFormerImageProcessor instead.
  warnings.warn(
/root/autodl-tmp/conda-envs/py38/lib/python3.8/site-packages/transformers/models/maskformer/image_processing_maskformer.py:410: FutureWarning: The `size_divisibility` argument is deprecated and will be removed in v4.27. Please use `size_divisor` instead.
  warnings.warn(
/root/autodl-tmp/conda-envs/py38/lib/python3.8/site-packages/transformers/models/maskformer/image_processing_maskformer.py:417: FutureWarning: The `max_size` argument is deprecated and will be removed in v4.27. Please use size['longest_edge'] instead.
  warnings.warn(
config.json:   0%|                                                                  | 0.00/10.8k [00:00<?, ?B/s]config.json: 100%|â–ˆâ–ˆâ–ˆâ–ˆâ–ˆâ–ˆâ–ˆâ–ˆâ–ˆâ–ˆâ–ˆâ–ˆâ–ˆâ–ˆâ–ˆâ–ˆâ–ˆâ–ˆâ–ˆâ–ˆâ–ˆâ–ˆâ–ˆâ–ˆâ–ˆâ–ˆâ–ˆâ–ˆâ–ˆâ–ˆâ–ˆâ–ˆâ–ˆâ–ˆâ–ˆâ–ˆâ–ˆâ–ˆâ–ˆâ–ˆâ–ˆâ–ˆâ–ˆâ–ˆâ–ˆâ–ˆâ–ˆâ–ˆâ–ˆâ–ˆâ–ˆâ–ˆâ–ˆâ–ˆâ–ˆâ–ˆâ–ˆ| 10.8k/10.8k [00:00<00:00, 3.96MB/s]
model.safetensors:   0%|                                                             | 0.00/253M [00:00<?, ?B/s]model.safetensors:   4%|â–ˆâ–ˆâ–                                                  | 10.5M/253M [01:00<23:19, 173kB/s]model.safetensors:   4%|â–ˆâ–ˆâ–                                                  | 10.5M/253M [01:14<23:19, 173kB/s]Error while downloading from https://cdn-lfs.huggingface.co/facebook/maskformer-swin-small-coco/e4a6ba783bce9ba2bbec0c39fbd9f65236c5938e71d2a9d55de203714102f935?response-content-disposition=attachment%3B+filename*%3DUTF-8%27%27model.safetensors%3B+filename%3D%22model.safetensors%22%3B&Expires=1701622584&Policy=eyJTdGF0ZW1lbnQiOlt7IkNvbmRpdGlvbiI6eyJEYXRlTGVzc1RoYW4iOnsiQVdTOkVwb2NoVGltZSI6MTcwMTYyMjU4NH19LCJSZXNvdXJjZSI6Imh0dHBzOi8vY2RuLWxmcy5odWdnaW5nZmFjZS5jby9mYWNlYm9vay9tYXNrZm9ybWVyLXN3aW4tc21hbGwtY29jby9lNGE2YmE3ODNiY2U5YmEyYmJlYzBjMzlmYmQ5ZjY1MjM2YzU5MzhlNzFkMmE5ZDU1ZGUyMDM3MTQxMDJmOTM1P3Jlc3BvbnNlLWNvbnRlbnQtZGlzcG9zaXRpb249KiJ9XX0_&Signature=DMAmwYvJL2pw4sHpD0N2LjIeDqQgk2mQaBWjLBc8ydAC7D3q4PwU63Au18KO8d0F473vwbuIXXHydKIGF9y7DVp6x4i7s3gI0ncAQEZ9ANTLuUqa0cXEdh1PjN4VuWtNAoG3meTjw3KpewmcLGstu90XRikUiMF90zuzdM7hWKMEsZoeMzhNld6BeKB68g7fUEAPyMWaJxZeZVhLati6MrRLw-3eqGTWO3vFRL41gUoOSUjxT8QSkmJKiePk%7E5epIlVQeXBLLO8anWEI2PwJQlJb%7Ej4LyIH-x6aOwnuL%7E0no1pVbOoeoMuccq8zWKtKZcUVcVdkikEU80l84hus8SA__&Key-Pair-Id=KVTP0A1DKRTAX: HTTPSConnectionPool(host='cdn-lfs.huggingface.co', port=443): Read timed out.
Trying to resume download...

model.safetensors:   4%|â–ˆâ–ˆâ–                                                         | 10.5M/253M [00:00<?, ?B/s][AError while downloading from https://cdn-lfs.huggingface.co/facebook/maskformer-swin-small-coco/e4a6ba783bce9ba2bbec0c39fbd9f65236c5938e71d2a9d55de203714102f935?response-content-disposition=attachment%3B+filename*%3DUTF-8%27%27model.safetensors%3B+filename%3D%22model.safetensors%22%3B&Expires=1701622584&Policy=eyJTdGF0ZW1lbnQiOlt7IkNvbmRpdGlvbiI6eyJEYXRlTGVzc1RoYW4iOnsiQVdTOkVwb2NoVGltZSI6MTcwMTYyMjU4NH19LCJSZXNvdXJjZSI6Imh0dHBzOi8vY2RuLWxmcy5odWdnaW5nZmFjZS5jby9mYWNlYm9vay9tYXNrZm9ybWVyLXN3aW4tc21hbGwtY29jby9lNGE2YmE3ODNiY2U5YmEyYmJlYzBjMzlmYmQ5ZjY1MjM2YzU5MzhlNzFkMmE5ZDU1ZGUyMDM3MTQxMDJmOTM1P3Jlc3BvbnNlLWNvbnRlbnQtZGlzcG9zaXRpb249KiJ9XX0_&Signature=DMAmwYvJL2pw4sHpD0N2LjIeDqQgk2mQaBWjLBc8ydAC7D3q4PwU63Au18KO8d0F473vwbuIXXHydKIGF9y7DVp6x4i7s3gI0ncAQEZ9ANTLuUqa0cXEdh1PjN4VuWtNAoG3meTjw3KpewmcLGstu90XRikUiMF90zuzdM7hWKMEsZoeMzhNld6BeKB68g7fUEAPyMWaJxZeZVhLati6MrRLw-3eqGTWO3vFRL41gUoOSUjxT8QSkmJKiePk%7E5epIlVQeXBLLO8anWEI2PwJQlJb%7Ej4LyIH-x6aOwnuL%7E0no1pVbOoeoMuccq8zWKtKZcUVcVdkikEU80l84hus8SA__&Key-Pair-Id=KVTP0A1DKRTAX: HTTPSConnectionPool(host='cdn-lfs.huggingface.co', port=443): Read timed out.
Trying to resume download...
model.safetensors:   4%|â–ˆâ–ˆâ–                                                         | 10.5M/253M [00:21<?, ?B/s]
model.safetensors:   4%|â–ˆâ–ˆâ–                                                 | 10.5M/253M [02:25<55:56, 72.2kB/s]
Traceback (most recent call last):
  File "/root/autodl-tmp/conda-envs/py38/lib/python3.8/site-packages/urllib3/response.py", line 444, in _error_catcher
    yield
  File "/root/autodl-tmp/conda-envs/py38/lib/python3.8/site-packages/urllib3/response.py", line 567, in read
    data = self._fp_read(amt) if not fp_closed else b""
  File "/root/autodl-tmp/conda-envs/py38/lib/python3.8/site-packages/urllib3/response.py", line 533, in _fp_read
    return self._fp.read(amt) if amt is not None else self._fp.read()
  File "/root/autodl-tmp/conda-envs/py38/lib/python3.8/http/client.py", line 459, in read
    n = self.readinto(b)
  File "/root/autodl-tmp/conda-envs/py38/lib/python3.8/http/client.py", line 503, in readinto
    n = self.fp.readinto(b)
  File "/root/autodl-tmp/conda-envs/py38/lib/python3.8/socket.py", line 669, in readinto
    return self._sock.recv_into(b)
  File "/root/autodl-tmp/conda-envs/py38/lib/python3.8/ssl.py", line 1274, in recv_into
    return self.read(nbytes, buffer)
  File "/root/autodl-tmp/conda-envs/py38/lib/python3.8/ssl.py", line 1132, in read
    return self._sslobj.read(len, buffer)
socket.timeout: The read operation timed out

During handling of the above exception, another exception occurred:

Traceback (most recent call last):
  File "/root/autodl-tmp/conda-envs/py38/lib/python3.8/site-packages/requests/models.py", line 816, in generate
    yield from self.raw.stream(chunk_size, decode_content=True)
  File "/root/autodl-tmp/conda-envs/py38/lib/python3.8/site-packages/urllib3/response.py", line 628, in stream
    data = self.read(amt=amt, decode_content=decode_content)
  File "/root/autodl-tmp/conda-envs/py38/lib/python3.8/site-packages/urllib3/response.py", line 593, in read
    raise IncompleteRead(self._fp_bytes_read, self.length_remaining)
  File "/root/autodl-tmp/conda-envs/py38/lib/python3.8/contextlib.py", line 131, in __exit__
    self.gen.throw(type, value, traceback)
  File "/root/autodl-tmp/conda-envs/py38/lib/python3.8/site-packages/urllib3/response.py", line 449, in _error_catcher
    raise ReadTimeoutError(self._pool, None, "Read timed out.")
urllib3.exceptions.ReadTimeoutError: HTTPSConnectionPool(host='cdn-lfs.huggingface.co', port=443): Read timed out.

During handling of the above exception, another exception occurred:

Traceback (most recent call last):
  File "/root/autodl-tmp/conda-envs/py38/lib/python3.8/site-packages/huggingface_hub/file_download.py", line 541, in http_get
    for chunk in r.iter_content(chunk_size=DOWNLOAD_CHUNK_SIZE):
  File "/root/autodl-tmp/conda-envs/py38/lib/python3.8/site-packages/requests/models.py", line 822, in generate
    raise ConnectionError(e)
requests.exceptions.ConnectionError: HTTPSConnectionPool(host='cdn-lfs.huggingface.co', port=443): Read timed out.

During handling of the above exception, another exception occurred:

Traceback (most recent call last):
  File "/root/autodl-tmp/conda-envs/py38/lib/python3.8/site-packages/urllib3/response.py", line 444, in _error_catcher
    yield
  File "/root/autodl-tmp/conda-envs/py38/lib/python3.8/site-packages/urllib3/response.py", line 567, in read
    data = self._fp_read(amt) if not fp_closed else b""
  File "/root/autodl-tmp/conda-envs/py38/lib/python3.8/site-packages/urllib3/response.py", line 533, in _fp_read
    return self._fp.read(amt) if amt is not None else self._fp.read()
  File "/root/autodl-tmp/conda-envs/py38/lib/python3.8/http/client.py", line 459, in read
    n = self.readinto(b)
  File "/root/autodl-tmp/conda-envs/py38/lib/python3.8/http/client.py", line 503, in readinto
    n = self.fp.readinto(b)
  File "/root/autodl-tmp/conda-envs/py38/lib/python3.8/socket.py", line 669, in readinto
    return self._sock.recv_into(b)
  File "/root/autodl-tmp/conda-envs/py38/lib/python3.8/ssl.py", line 1274, in recv_into
    return self.read(nbytes, buffer)
  File "/root/autodl-tmp/conda-envs/py38/lib/python3.8/ssl.py", line 1132, in read
    return self._sslobj.read(len, buffer)
socket.timeout: The read operation timed out

During handling of the above exception, another exception occurred:

Traceback (most recent call last):
  File "/root/autodl-tmp/conda-envs/py38/lib/python3.8/site-packages/requests/models.py", line 816, in generate
    yield from self.raw.stream(chunk_size, decode_content=True)
  File "/root/autodl-tmp/conda-envs/py38/lib/python3.8/site-packages/urllib3/response.py", line 628, in stream
    data = self.read(amt=amt, decode_content=decode_content)
  File "/root/autodl-tmp/conda-envs/py38/lib/python3.8/site-packages/urllib3/response.py", line 593, in read
    raise IncompleteRead(self._fp_bytes_read, self.length_remaining)
  File "/root/autodl-tmp/conda-envs/py38/lib/python3.8/contextlib.py", line 131, in __exit__
    self.gen.throw(type, value, traceback)
  File "/root/autodl-tmp/conda-envs/py38/lib/python3.8/site-packages/urllib3/response.py", line 449, in _error_catcher
    raise ReadTimeoutError(self._pool, None, "Read timed out.")
urllib3.exceptions.ReadTimeoutError: HTTPSConnectionPool(host='cdn-lfs.huggingface.co', port=443): Read timed out.

During handling of the above exception, another exception occurred:

Traceback (most recent call last):
  File "/root/autodl-tmp/conda-envs/py38/lib/python3.8/site-packages/huggingface_hub/file_download.py", line 541, in http_get
    for chunk in r.iter_content(chunk_size=DOWNLOAD_CHUNK_SIZE):
  File "/root/autodl-tmp/conda-envs/py38/lib/python3.8/site-packages/requests/models.py", line 822, in generate
    raise ConnectionError(e)
requests.exceptions.ConnectionError: HTTPSConnectionPool(host='cdn-lfs.huggingface.co', port=443): Read timed out.

During handling of the above exception, another exception occurred:

Traceback (most recent call last):
  File "/root/autodl-tmp/conda-envs/py38/lib/python3.8/site-packages/urllib3/connectionpool.py", line 712, in urlopen
    self._prepare_proxy(conn)
  File "/root/autodl-tmp/conda-envs/py38/lib/python3.8/site-packages/urllib3/connectionpool.py", line 1012, in _prepare_proxy
    conn.connect()
  File "/root/autodl-tmp/conda-envs/py38/lib/python3.8/site-packages/urllib3/connection.py", line 419, in connect
    self.sock = ssl_wrap_socket(
  File "/root/autodl-tmp/conda-envs/py38/lib/python3.8/site-packages/urllib3/util/ssl_.py", line 449, in ssl_wrap_socket
    ssl_sock = _ssl_wrap_socket_impl(
  File "/root/autodl-tmp/conda-envs/py38/lib/python3.8/site-packages/urllib3/util/ssl_.py", line 493, in _ssl_wrap_socket_impl
    return ssl_context.wrap_socket(sock, server_hostname=server_hostname)
  File "/root/autodl-tmp/conda-envs/py38/lib/python3.8/ssl.py", line 500, in wrap_socket
    return self.sslsocket_class._create(
  File "/root/autodl-tmp/conda-envs/py38/lib/python3.8/ssl.py", line 1073, in _create
    self.do_handshake()
  File "/root/autodl-tmp/conda-envs/py38/lib/python3.8/ssl.py", line 1342, in do_handshake
    self._sslobj.do_handshake()
socket.timeout: _ssl.c:1114: The handshake operation timed out

During handling of the above exception, another exception occurred:

Traceback (most recent call last):
  File "/root/autodl-tmp/conda-envs/py38/lib/python3.8/site-packages/requests/adapters.py", line 486, in send
    resp = conn.urlopen(
  File "/root/autodl-tmp/conda-envs/py38/lib/python3.8/site-packages/urllib3/connectionpool.py", line 799, in urlopen
    retries = retries.increment(
  File "/root/autodl-tmp/conda-envs/py38/lib/python3.8/site-packages/urllib3/util/retry.py", line 592, in increment
    raise MaxRetryError(_pool, url, error or ResponseError(cause))
urllib3.exceptions.MaxRetryError: HTTPSConnectionPool(host='cdn-lfs.huggingface.co', port=443): Max retries exceeded with url: /facebook/maskformer-swin-small-coco/e4a6ba783bce9ba2bbec0c39fbd9f65236c5938e71d2a9d55de203714102f935?response-content-disposition=attachment%3B+filename*%3DUTF-8%27%27model.safetensors%3B+filename%3D%22model.safetensors%22%3B&Expires=1701622584&Policy=eyJTdGF0ZW1lbnQiOlt7IkNvbmRpdGlvbiI6eyJEYXRlTGVzc1RoYW4iOnsiQVdTOkVwb2NoVGltZSI6MTcwMTYyMjU4NH19LCJSZXNvdXJjZSI6Imh0dHBzOi8vY2RuLWxmcy5odWdnaW5nZmFjZS5jby9mYWNlYm9vay9tYXNrZm9ybWVyLXN3aW4tc21hbGwtY29jby9lNGE2YmE3ODNiY2U5YmEyYmJlYzBjMzlmYmQ5ZjY1MjM2YzU5MzhlNzFkMmE5ZDU1ZGUyMDM3MTQxMDJmOTM1P3Jlc3BvbnNlLWNvbnRlbnQtZGlzcG9zaXRpb249KiJ9XX0_&Signature=DMAmwYvJL2pw4sHpD0N2LjIeDqQgk2mQaBWjLBc8ydAC7D3q4PwU63Au18KO8d0F473vwbuIXXHydKIGF9y7DVp6x4i7s3gI0ncAQEZ9ANTLuUqa0cXEdh1PjN4VuWtNAoG3meTjw3KpewmcLGstu90XRikUiMF90zuzdM7hWKMEsZoeMzhNld6BeKB68g7fUEAPyMWaJxZeZVhLati6MrRLw-3eqGTWO3vFRL41gUoOSUjxT8QSkmJKiePk~5epIlVQeXBLLO8anWEI2PwJQlJb~j4LyIH-x6aOwnuL~0no1pVbOoeoMuccq8zWKtKZcUVcVdkikEU80l84hus8SA__&Key-Pair-Id=KVTP0A1DKRTAX (Caused by ProxyError('Cannot connect to proxy.', timeout('_ssl.c:1114: The handshake operation timed out')))

During handling of the above exception, another exception occurred:

Traceback (most recent call last):
  File "./f00566_image_segmentation.py", line 58, in <module>
    test_image_segmentation()
  File "./f00566_image_segmentation.py", line 46, in test_image_segmentation
    result = image_segmentation(test_image_url)
  File "./f00566_image_segmentation.py", line 30, in image_segmentation
    model = MaskFormerForInstanceSegmentation.from_pretrained("facebook/maskformer-swin-small-coco")
  File "/root/autodl-tmp/conda-envs/py38/lib/python3.8/site-packages/transformers/modeling_utils.py", line 3037, in from_pretrained
    resolved_archive_file = cached_file(pretrained_model_name_or_path, filename, **cached_file_kwargs)
  File "/root/autodl-tmp/conda-envs/py38/lib/python3.8/site-packages/transformers/utils/hub.py", line 430, in cached_file
    resolved_file = hf_hub_download(
  File "/root/autodl-tmp/conda-envs/py38/lib/python3.8/site-packages/huggingface_hub/utils/_validators.py", line 118, in _inner_fn
    return fn(*args, **kwargs)
  File "/root/autodl-tmp/conda-envs/py38/lib/python3.8/site-packages/huggingface_hub/file_download.py", line 1461, in hf_hub_download
    http_get(
  File "/root/autodl-tmp/conda-envs/py38/lib/python3.8/site-packages/huggingface_hub/file_download.py", line 558, in http_get
    return http_get(
  File "/root/autodl-tmp/conda-envs/py38/lib/python3.8/site-packages/huggingface_hub/file_download.py", line 558, in http_get
    return http_get(
  File "/root/autodl-tmp/conda-envs/py38/lib/python3.8/site-packages/huggingface_hub/file_download.py", line 468, in http_get
    r = _request_wrapper(
  File "/root/autodl-tmp/conda-envs/py38/lib/python3.8/site-packages/huggingface_hub/file_download.py", line 425, in _request_wrapper
    response = get_session().request(method=method, url=url, **params)
  File "/root/autodl-tmp/conda-envs/py38/lib/python3.8/site-packages/requests/sessions.py", line 589, in request
    resp = self.send(prep, **send_kwargs)
  File "/root/autodl-tmp/conda-envs/py38/lib/python3.8/site-packages/requests/sessions.py", line 703, in send
    r = adapter.send(request, **kwargs)
  File "/root/autodl-tmp/conda-envs/py38/lib/python3.8/site-packages/huggingface_hub/utils/_http.py", line 63, in send
    return super().send(request, *args, **kwargs)
  File "/root/autodl-tmp/conda-envs/py38/lib/python3.8/site-packages/requests/adapters.py", line 513, in send
    raise ProxyError(e, request=request)
requests.exceptions.ProxyError: (MaxRetryError("HTTPSConnectionPool(host='cdn-lfs.huggingface.co', port=443): Max retries exceeded with url: /facebook/maskformer-swin-small-coco/e4a6ba783bce9ba2bbec0c39fbd9f65236c5938e71d2a9d55de203714102f935?response-content-disposition=attachment%3B+filename*%3DUTF-8%27%27model.safetensors%3B+filename%3D%22model.safetensors%22%3B&Expires=1701622584&Policy=eyJTdGF0ZW1lbnQiOlt7IkNvbmRpdGlvbiI6eyJEYXRlTGVzc1RoYW4iOnsiQVdTOkVwb2NoVGltZSI6MTcwMTYyMjU4NH19LCJSZXNvdXJjZSI6Imh0dHBzOi8vY2RuLWxmcy5odWdnaW5nZmFjZS5jby9mYWNlYm9vay9tYXNrZm9ybWVyLXN3aW4tc21hbGwtY29jby9lNGE2YmE3ODNiY2U5YmEyYmJlYzBjMzlmYmQ5ZjY1MjM2YzU5MzhlNzFkMmE5ZDU1ZGUyMDM3MTQxMDJmOTM1P3Jlc3BvbnNlLWNvbnRlbnQtZGlzcG9zaXRpb249KiJ9XX0_&Signature=DMAmwYvJL2pw4sHpD0N2LjIeDqQgk2mQaBWjLBc8ydAC7D3q4PwU63Au18KO8d0F473vwbuIXXHydKIGF9y7DVp6x4i7s3gI0ncAQEZ9ANTLuUqa0cXEdh1PjN4VuWtNAoG3meTjw3KpewmcLGstu90XRikUiMF90zuzdM7hWKMEsZoeMzhNld6BeKB68g7fUEAPyMWaJxZeZVhLati6MrRLw-3eqGTWO3vFRL41gUoOSUjxT8QSkmJKiePk~5epIlVQeXBLLO8anWEI2PwJQlJb~j4LyIH-x6aOwnuL~0no1pVbOoeoMuccq8zWKtKZcUVcVdkikEU80l84hus8SA__&Key-Pair-Id=KVTP0A1DKRTAX (Caused by ProxyError('Cannot connect to proxy.', timeout('_ssl.c:1114: The handshake operation timed out')))"), '(Request ID: be21b2c6-4083-4421-b798-8b948ccc08e7)')
