Traceback (most recent call last):
  File "/root/autodl-tmp/conda-envs/py38/lib/python3.8/site-packages/huggingface_hub/utils/_errors.py", line 270, in hf_raise_for_status
    response.raise_for_status()
  File "/root/autodl-tmp/conda-envs/py38/lib/python3.8/site-packages/requests/models.py", line 1021, in raise_for_status
    raise HTTPError(http_error_msg, response=self)
requests.exceptions.HTTPError: 404 Client Error: Not Found for url: https://huggingface.co/api/models/kan-bayashi/css10zh_nishitani_raw_phn_tacotron/revision/main

The above exception was the direct cause of the following exception:

Traceback (most recent call last):
  File "./f00706_convert_text_to_speech.py", line 72, in <module>
    test_convert_text_to_speech()
  File "./f00706_convert_text_to_speech.py", line 63, in test_convert_text_to_speech
    convert_text_to_speech('汉语很有趣', 'lesson_audio_example.wav')
  File "./f00706_convert_text_to_speech.py", line 37, in convert_text_to_speech
    **d.download_and_unpack(
  File "/root/autodl-tmp/conda-envs/py38/lib/python3.8/site-packages/espnet_model_zoo/downloader.py", line 382, in download_and_unpack
    cache_dir = self.huggingface_download(name=name, version=version, **kwargs)
  File "/root/autodl-tmp/conda-envs/py38/lib/python3.8/site-packages/espnet_model_zoo/downloader.py", line 267, in huggingface_download
    return snapshot_download(
  File "/root/autodl-tmp/conda-envs/py38/lib/python3.8/site-packages/huggingface_hub/utils/_validators.py", line 118, in _inner_fn
    return fn(*args, **kwargs)
  File "/root/autodl-tmp/conda-envs/py38/lib/python3.8/site-packages/huggingface_hub/_snapshot_download.py", line 187, in snapshot_download
    repo_info = api.repo_info(repo_id=repo_id, repo_type=repo_type, revision=revision, token=token)
  File "/root/autodl-tmp/conda-envs/py38/lib/python3.8/site-packages/huggingface_hub/utils/_validators.py", line 118, in _inner_fn
    return fn(*args, **kwargs)
  File "/root/autodl-tmp/conda-envs/py38/lib/python3.8/site-packages/huggingface_hub/hf_api.py", line 2112, in repo_info
    return method(
  File "/root/autodl-tmp/conda-envs/py38/lib/python3.8/site-packages/huggingface_hub/utils/_validators.py", line 118, in _inner_fn
    return fn(*args, **kwargs)
  File "/root/autodl-tmp/conda-envs/py38/lib/python3.8/site-packages/huggingface_hub/hf_api.py", line 1922, in model_info
    hf_raise_for_status(r)
  File "/root/autodl-tmp/conda-envs/py38/lib/python3.8/site-packages/huggingface_hub/utils/_errors.py", line 320, in hf_raise_for_status
    raise RepositoryNotFoundError(message, response) from e
huggingface_hub.utils._errors.RepositoryNotFoundError: 404 Client Error. (Request ID: Root=1-6568cda7-33e08b1427af0f0730f05381;5f23b0aa-57cf-496b-a997-d7ac00641cdb)

Repository Not Found for url: https://huggingface.co/api/models/kan-bayashi/css10zh_nishitani_raw_phn_tacotron/revision/main.
Please make sure you specified the correct `repo_id` and `repo_type`.
If you are trying to access a private or gated repo, make sure you are authenticated.
