Downloading (…)lve/main/config.json:   0%|                                 | 0.00/480 [00:00<?, ?B/s]Downloading (…)lve/main/config.json: 100%|██████████████████████████| 480/480 [00:00<00:00, 78.1kB/s]
Downloading pytorch_model.bin:   0%|                                      | 0.00/336M [00:00<?, ?B/s]Downloading pytorch_model.bin:   3%|▉                             | 10.5M/336M [00:47<24:33, 221kB/s]Downloading pytorch_model.bin:   3%|▉                             | 10.5M/336M [00:57<24:33, 221kB/s]Downloading pytorch_model.bin:   3%|▊                          | 10.5M/336M [02:12<1:08:50, 78.9kB/s]
Downloading pytorch_model.bin:   0%|                                      | 0.00/336M [00:00<?, ?B/s]Downloading pytorch_model.bin:   3%|▉                             | 10.5M/336M [00:20<10:29, 518kB/s]Downloading pytorch_model.bin:   3%|▉                             | 10.5M/336M [00:38<10:29, 518kB/s]Downloading pytorch_model.bin:   6%|█▊                            | 21.0M/336M [00:52<13:41, 384kB/s]Downloading pytorch_model.bin:   6%|█▊                            | 21.0M/336M [01:08<13:41, 384kB/s]Downloading pytorch_model.bin:   9%|██▊                           | 31.5M/336M [02:29<28:35, 178kB/s]Downloading pytorch_model.bin:   9%|██▊                           | 31.5M/336M [02:48<28:35, 178kB/s]Downloading pytorch_model.bin:   9%|██▊                           | 31.5M/336M [04:57<48:07, 106kB/s]
Traceback (most recent call last):
  File "output/hf-eval-data-v2/f00067_complete_code.py", line 40, in <module>
    test_complete_code()
  File "output/hf-eval-data-v2/f00067_complete_code.py", line 34, in test_complete_code
    completed_code_snippet = complete_code(incomplete_code_snippet)
  File "output/hf-eval-data-v2/f00067_complete_code.py", line 23, in complete_code
    fill_mask = pipeline('fill-mask', model='huggingface/CodeBERTa-small-v1')
  File "/root/miniconda3/envs/py38/lib/python3.8/site-packages/transformers/pipelines/__init__.py", line 824, in pipeline
    framework, model = infer_framework_load_model(
  File "/root/miniconda3/envs/py38/lib/python3.8/site-packages/transformers/pipelines/base.py", line 282, in infer_framework_load_model
    raise ValueError(
ValueError: Could not load model huggingface/CodeBERTa-small-v1 with any of the following classes: (<class 'transformers.models.auto.modeling_auto.AutoModelForMaskedLM'>, <class 'transformers.models.roberta.modeling_roberta.RobertaForMaskedLM'>). See the original errors:

while loading with AutoModelForMaskedLM, an error is thrown:
Traceback (most recent call last):
  File "/root/miniconda3/envs/py38/lib/python3.8/site-packages/urllib3/response.py", line 710, in _error_catcher
    yield
  File "/root/miniconda3/envs/py38/lib/python3.8/site-packages/urllib3/response.py", line 835, in _raw_read
    raise IncompleteRead(self._fp_bytes_read, self.length_remaining)
urllib3.exceptions.IncompleteRead: IncompleteRead(18528574 bytes read, 317878914 more expected)

The above exception was the direct cause of the following exception:

Traceback (most recent call last):
  File "/root/miniconda3/envs/py38/lib/python3.8/site-packages/requests/models.py", line 816, in generate
    yield from self.raw.stream(chunk_size, decode_content=True)
  File "/root/miniconda3/envs/py38/lib/python3.8/site-packages/urllib3/response.py", line 940, in stream
    data = self.read(amt=amt, decode_content=decode_content)
  File "/root/miniconda3/envs/py38/lib/python3.8/site-packages/urllib3/response.py", line 911, in read
    data = self._raw_read(amt)
  File "/root/miniconda3/envs/py38/lib/python3.8/site-packages/urllib3/response.py", line 835, in _raw_read
    raise IncompleteRead(self._fp_bytes_read, self.length_remaining)
  File "/root/miniconda3/envs/py38/lib/python3.8/contextlib.py", line 131, in __exit__
    self.gen.throw(type, value, traceback)
  File "/root/miniconda3/envs/py38/lib/python3.8/site-packages/urllib3/response.py", line 727, in _error_catcher
    raise ProtocolError(f"Connection broken: {e!r}", e) from e
urllib3.exceptions.ProtocolError: ('Connection broken: IncompleteRead(18528574 bytes read, 317878914 more expected)', IncompleteRead(18528574 bytes read, 317878914 more expected))

During handling of the above exception, another exception occurred:

Traceback (most recent call last):
  File "/root/miniconda3/envs/py38/lib/python3.8/site-packages/transformers/pipelines/base.py", line 269, in infer_framework_load_model
    model = model_class.from_pretrained(model, **kwargs)
  File "/root/miniconda3/envs/py38/lib/python3.8/site-packages/transformers/models/auto/auto_factory.py", line 563, in from_pretrained
    return model_class.from_pretrained(
  File "/root/miniconda3/envs/py38/lib/python3.8/site-packages/transformers/modeling_utils.py", line 2793, in from_pretrained
    resolved_archive_file = cached_file(
  File "/root/miniconda3/envs/py38/lib/python3.8/site-packages/transformers/utils/hub.py", line 429, in cached_file
    resolved_file = hf_hub_download(
  File "/root/miniconda3/envs/py38/lib/python3.8/site-packages/huggingface_hub/utils/_validators.py", line 118, in _inner_fn
    return fn(*args, **kwargs)
  File "/root/miniconda3/envs/py38/lib/python3.8/site-packages/huggingface_hub/file_download.py", line 1429, in hf_hub_download
    http_get(
  File "/root/miniconda3/envs/py38/lib/python3.8/site-packages/huggingface_hub/file_download.py", line 551, in http_get
    for chunk in r.iter_content(chunk_size=10 * 1024 * 1024):
  File "/root/miniconda3/envs/py38/lib/python3.8/site-packages/requests/models.py", line 818, in generate
    raise ChunkedEncodingError(e)
requests.exceptions.ChunkedEncodingError: ('Connection broken: IncompleteRead(18528574 bytes read, 317878914 more expected)', IncompleteRead(18528574 bytes read, 317878914 more expected))

while loading with RobertaForMaskedLM, an error is thrown:
Traceback (most recent call last):
  File "/root/miniconda3/envs/py38/lib/python3.8/site-packages/urllib3/response.py", line 710, in _error_catcher
    yield
  File "/root/miniconda3/envs/py38/lib/python3.8/site-packages/urllib3/response.py", line 835, in _raw_read
    raise IncompleteRead(self._fp_bytes_read, self.length_remaining)
urllib3.exceptions.IncompleteRead: IncompleteRead(38952187 bytes read, 297455301 more expected)

The above exception was the direct cause of the following exception:

Traceback (most recent call last):
  File "/root/miniconda3/envs/py38/lib/python3.8/site-packages/requests/models.py", line 816, in generate
    yield from self.raw.stream(chunk_size, decode_content=True)
  File "/root/miniconda3/envs/py38/lib/python3.8/site-packages/urllib3/response.py", line 940, in stream
    data = self.read(amt=amt, decode_content=decode_content)
  File "/root/miniconda3/envs/py38/lib/python3.8/site-packages/urllib3/response.py", line 911, in read
    data = self._raw_read(amt)
  File "/root/miniconda3/envs/py38/lib/python3.8/site-packages/urllib3/response.py", line 835, in _raw_read
    raise IncompleteRead(self._fp_bytes_read, self.length_remaining)
  File "/root/miniconda3/envs/py38/lib/python3.8/contextlib.py", line 131, in __exit__
    self.gen.throw(type, value, traceback)
  File "/root/miniconda3/envs/py38/lib/python3.8/site-packages/urllib3/response.py", line 727, in _error_catcher
    raise ProtocolError(f"Connection broken: {e!r}", e) from e
urllib3.exceptions.ProtocolError: ('Connection broken: IncompleteRead(38952187 bytes read, 297455301 more expected)', IncompleteRead(38952187 bytes read, 297455301 more expected))

During handling of the above exception, another exception occurred:

Traceback (most recent call last):
  File "/root/miniconda3/envs/py38/lib/python3.8/site-packages/transformers/pipelines/base.py", line 269, in infer_framework_load_model
    model = model_class.from_pretrained(model, **kwargs)
  File "/root/miniconda3/envs/py38/lib/python3.8/site-packages/transformers/modeling_utils.py", line 2793, in from_pretrained
    resolved_archive_file = cached_file(
  File "/root/miniconda3/envs/py38/lib/python3.8/site-packages/transformers/utils/hub.py", line 429, in cached_file
    resolved_file = hf_hub_download(
  File "/root/miniconda3/envs/py38/lib/python3.8/site-packages/huggingface_hub/utils/_validators.py", line 118, in _inner_fn
    return fn(*args, **kwargs)
  File "/root/miniconda3/envs/py38/lib/python3.8/site-packages/huggingface_hub/file_download.py", line 1429, in hf_hub_download
    http_get(
  File "/root/miniconda3/envs/py38/lib/python3.8/site-packages/huggingface_hub/file_download.py", line 551, in http_get
    for chunk in r.iter_content(chunk_size=10 * 1024 * 1024):
  File "/root/miniconda3/envs/py38/lib/python3.8/site-packages/requests/models.py", line 818, in generate
    raise ChunkedEncodingError(e)
requests.exceptions.ChunkedEncodingError: ('Connection broken: IncompleteRead(38952187 bytes read, 297455301 more expected)', IncompleteRead(38952187 bytes read, 297455301 more expected))



