HF google storage unreachable. Downloading and preparing it from source
Downloading data files:   0%|                                                  | 0/1 [00:00<?, ?it/s]Downloading data files: 100%|████████████████████████████████████████| 1/1 [00:00<00:00, 6269.51it/s]
Extracting data files:   0%|                                                   | 0/1 [00:00<?, ?it/s]Extracting data files: 100%|█████████████████████████████████████████| 1/1 [00:00<00:00, 1560.38it/s]
Generating validation split: 0 examples [00:00, ? examples/s]Generating validation split: 0 examples [00:00, ? examples/s]
Traceback (most recent call last):
  File "/root/miniconda3/envs/py38/lib/python3.8/site-packages/datasets/features/audio.py", line 91, in encode_example
    import soundfile as sf  # soundfile is a dependency of librosa, needed to decode audio files.
ModuleNotFoundError: No module named 'soundfile'

The above exception was the direct cause of the following exception:

Traceback (most recent call last):
  File "/root/miniconda3/envs/py38/lib/python3.8/site-packages/datasets/builder.py", line 1693, in _prepare_split_single
    example = self.info.features.encode_example(record) if self.info.features is not None else record
  File "/root/miniconda3/envs/py38/lib/python3.8/site-packages/datasets/features/features.py", line 1852, in encode_example
    return encode_nested_example(self, example)
  File "/root/miniconda3/envs/py38/lib/python3.8/site-packages/datasets/features/features.py", line 1229, in encode_nested_example
    {
  File "/root/miniconda3/envs/py38/lib/python3.8/site-packages/datasets/features/features.py", line 1230, in <dictcomp>
    k: encode_nested_example(sub_schema, sub_obj, level=level + 1)
  File "/root/miniconda3/envs/py38/lib/python3.8/site-packages/datasets/features/features.py", line 1284, in encode_nested_example
    return schema.encode_example(obj) if obj is not None else None
  File "/root/miniconda3/envs/py38/lib/python3.8/site-packages/datasets/features/audio.py", line 93, in encode_example
    raise ImportError("To support encoding audio data, please install 'soundfile'.") from err
ImportError: To support encoding audio data, please install 'soundfile'.

The above exception was the direct cause of the following exception:

Traceback (most recent call last):
  File "output/hf-eval-data-v2/f00321_transcribe_audio.py", line 38, in <module>
    test_transcribe_audio()
  File "output/hf-eval-data-v2/f00321_transcribe_audio.py", line 31, in test_transcribe_audio
    ds = load_dataset('hf-internal-testing/librispeech_asr_dummy', 'clean', split='validation')
  File "/root/miniconda3/envs/py38/lib/python3.8/site-packages/datasets/load.py", line 2153, in load_dataset
    builder_instance.download_and_prepare(
  File "/root/miniconda3/envs/py38/lib/python3.8/site-packages/datasets/builder.py", line 954, in download_and_prepare
    self._download_and_prepare(
  File "/root/miniconda3/envs/py38/lib/python3.8/site-packages/datasets/builder.py", line 1717, in _download_and_prepare
    super()._download_and_prepare(
  File "/root/miniconda3/envs/py38/lib/python3.8/site-packages/datasets/builder.py", line 1049, in _download_and_prepare
    self._prepare_split(split_generator, **prepare_split_kwargs)
  File "/root/miniconda3/envs/py38/lib/python3.8/site-packages/datasets/builder.py", line 1555, in _prepare_split
    for job_id, done, content in self._prepare_split_single(
  File "/root/miniconda3/envs/py38/lib/python3.8/site-packages/datasets/builder.py", line 1712, in _prepare_split_single
    raise DatasetGenerationError("An error occurred while generating the dataset") from e
datasets.builder.DatasetGenerationError: An error occurred while generating the dataset
