Downloading (…)rocessor_config.json:   0%|                                 | 0.00/392 [00:00<?, ?B/s]Downloading (…)rocessor_config.json: 100%|██████████████████████████| 392/392 [00:00<00:00, 63.6kB/s]
Downloading (…)okenizer_config.json:   0%|                                 | 0.00/775 [00:00<?, ?B/s]Downloading (…)okenizer_config.json: 100%|███████████████████████████| 775/775 [00:00<00:00, 143kB/s]
Downloading (…)olve/main/vocab.json:   0%|                               | 0.00/1.06M [00:00<?, ?B/s]Downloading (…)olve/main/vocab.json: 100%|███████████████████████| 1.06M/1.06M [00:01<00:00, 991kB/s]Downloading (…)olve/main/vocab.json: 100%|███████████████████████| 1.06M/1.06M [00:01<00:00, 990kB/s]
Downloading (…)olve/main/merges.txt:   0%|                                | 0.00/525k [00:00<?, ?B/s]Downloading (…)olve/main/merges.txt: 100%|█████████████████████████| 525k/525k [00:00<00:00, 994kB/s]Downloading (…)olve/main/merges.txt: 100%|█████████████████████████| 525k/525k [00:00<00:00, 992kB/s]
Downloading (…)cial_tokens_map.json:   0%|                                 | 0.00/460 [00:00<?, ?B/s]Downloading (…)cial_tokens_map.json: 100%|███████████████████████████| 460/460 [00:00<00:00, 518kB/s]
Downloading (…)lve/main/config.json:   0%|                               | 0.00/4.42k [00:00<?, ?B/s]Downloading (…)lve/main/config.json: 100%|███████████████████████| 4.42k/4.42k [00:00<00:00, 794kB/s]
Downloading pytorch_model.bin:   0%|                                     | 0.00/1.74G [00:00<?, ?B/s]Downloading pytorch_model.bin:   1%|▏                           | 10.5M/1.74G [00:02<07:32, 3.81MB/s]Downloading pytorch_model.bin:   1%|▎                           | 21.0M/1.74G [00:04<05:41, 5.02MB/s]Downloading pytorch_model.bin:   2%|▌                           | 31.5M/1.74G [00:06<05:18, 5.35MB/s]Downloading pytorch_model.bin:   2%|▋                           | 41.9M/1.74G [00:08<05:21, 5.27MB/s]Downloading pytorch_model.bin:   3%|▊                           | 52.4M/1.74G [00:09<04:56, 5.68MB/s]Downloading pytorch_model.bin:   4%|█                           | 62.9M/1.74G [00:12<05:17, 5.28MB/s]Downloading pytorch_model.bin:   4%|█▏                          | 73.4M/1.74G [00:13<05:08, 5.39MB/s]Downloading pytorch_model.bin:   5%|█▎                          | 83.9M/1.74G [00:15<04:50, 5.68MB/s]Downloading pytorch_model.bin:   5%|█▌                          | 94.4M/1.74G [00:17<04:33, 6.00MB/s]Downloading pytorch_model.bin:   6%|█▊                           | 105M/1.74G [00:19<04:42, 5.77MB/s]Downloading pytorch_model.bin:   7%|█▉                           | 115M/1.74G [00:20<04:28, 6.04MB/s]Downloading pytorch_model.bin:   7%|██                           | 126M/1.74G [00:21<03:55, 6.83MB/s]Downloading pytorch_model.bin:   8%|██▎                          | 136M/1.74G [00:23<03:46, 7.06MB/s]Downloading pytorch_model.bin:   8%|██▍                          | 147M/1.74G [00:24<03:46, 7.03MB/s]Downloading pytorch_model.bin:   9%|██▋                          | 157M/1.74G [00:26<04:06, 6.40MB/s]Downloading pytorch_model.bin:  10%|██▊                          | 168M/1.74G [00:28<04:06, 6.36MB/s]Downloading pytorch_model.bin:  10%|██▉                          | 178M/1.74G [00:29<03:46, 6.88MB/s]Downloading pytorch_model.bin:  11%|███▏                         | 189M/1.74G [00:30<03:20, 7.70MB/s]Downloading pytorch_model.bin:  11%|███▎                         | 199M/1.74G [00:31<03:03, 8.36MB/s]Downloading pytorch_model.bin:  12%|███▌                         | 210M/1.74G [00:32<02:54, 8.74MB/s]Downloading pytorch_model.bin:  13%|███▋                         | 220M/1.74G [00:33<02:43, 9.26MB/s]Downloading pytorch_model.bin:  13%|███▊                         | 231M/1.74G [00:34<02:39, 9.47MB/s]Downloading pytorch_model.bin:  14%|████                         | 241M/1.74G [00:35<02:25, 10.3MB/s]Downloading pytorch_model.bin:  14%|████▏                        | 252M/1.74G [00:36<02:30, 9.88MB/s]Downloading pytorch_model.bin:  15%|████▍                        | 262M/1.74G [00:37<02:39, 9.23MB/s]Downloading pytorch_model.bin:  16%|████▌                        | 273M/1.74G [00:38<02:26, 10.0MB/s]Downloading pytorch_model.bin:  16%|████▋                        | 283M/1.74G [00:39<02:15, 10.7MB/s]Downloading pytorch_model.bin:  17%|████▉                        | 294M/1.74G [00:40<02:09, 11.1MB/s]Downloading pytorch_model.bin:  18%|█████                        | 304M/1.74G [00:41<02:05, 11.4MB/s]Downloading pytorch_model.bin:  18%|█████▎                       | 315M/1.74G [00:42<02:08, 11.0MB/s]Downloading pytorch_model.bin:  19%|█████▍                       | 325M/1.74G [00:43<02:16, 10.3MB/s]Downloading pytorch_model.bin:  19%|█████▌                       | 336M/1.74G [00:44<02:20, 9.98MB/s]Downloading pytorch_model.bin:  20%|█████▊                       | 346M/1.74G [00:46<02:49, 8.18MB/s]Downloading pytorch_model.bin:  21%|█████▉                       | 357M/1.74G [00:47<02:34, 8.95MB/s]Downloading pytorch_model.bin:  21%|██████▏                      | 367M/1.74G [00:48<02:32, 8.99MB/s]Downloading pytorch_model.bin:  22%|██████▎                      | 377M/1.74G [00:49<02:20, 9.67MB/s]Downloading pytorch_model.bin:  22%|██████▍                      | 388M/1.74G [00:50<02:09, 10.4MB/s]Downloading pytorch_model.bin:  23%|██████▋                      | 398M/1.74G [00:51<02:03, 10.8MB/s]Downloading pytorch_model.bin:  24%|██████▊                      | 409M/1.74G [00:52<02:10, 10.2MB/s]Downloading pytorch_model.bin:  24%|███████                      | 419M/1.74G [00:53<02:12, 9.94MB/s]Downloading pytorch_model.bin:  25%|███████▏                     | 430M/1.74G [00:55<02:39, 8.20MB/s]Downloading pytorch_model.bin:  25%|███████▎                     | 440M/1.74G [00:57<03:32, 6.10MB/s]Downloading pytorch_model.bin:  26%|███████▌                     | 451M/1.74G [00:59<03:40, 5.83MB/s]Downloading pytorch_model.bin:  27%|███████▋                     | 461M/1.74G [01:02<03:55, 5.41MB/s]Downloading pytorch_model.bin:  27%|███████▉                     | 472M/1.74G [01:03<03:38, 5.79MB/s]Downloading pytorch_model.bin:  28%|████████                     | 482M/1.74G [01:04<03:13, 6.47MB/s]Downloading pytorch_model.bin:  28%|████████▏                    | 493M/1.74G [01:06<02:59, 6.92MB/s]Downloading pytorch_model.bin:  29%|████████▍                    | 503M/1.74G [01:07<03:04, 6.69MB/s]Downloading pytorch_model.bin:  30%|████████▌                    | 514M/1.74G [01:08<02:36, 7.78MB/s]Downloading pytorch_model.bin:  30%|████████▊                    | 524M/1.74G [01:09<02:21, 8.55MB/s]Downloading pytorch_model.bin:  31%|████████▉                    | 535M/1.74G [01:10<02:20, 8.53MB/s]Downloading pytorch_model.bin:  31%|█████████                    | 545M/1.74G [01:11<02:16, 8.75MB/s]Downloading pytorch_model.bin:  32%|█████████▎                   | 556M/1.74G [01:12<02:07, 9.23MB/s]Downloading pytorch_model.bin:  33%|█████████▍                   | 566M/1.74G [01:13<02:01, 9.61MB/s]Downloading pytorch_model.bin:  33%|█████████▋                   | 577M/1.74G [01:14<01:51, 10.4MB/s]Downloading pytorch_model.bin:  34%|█████████▊                   | 587M/1.74G [01:15<01:55, 9.94MB/s]Downloading pytorch_model.bin:  34%|█████████▉                   | 598M/1.74G [01:18<02:55, 6.49MB/s]Downloading pytorch_model.bin:  35%|██████████▏                  | 608M/1.74G [01:21<03:24, 5.52MB/s]Downloading pytorch_model.bin:  36%|██████████▎                  | 619M/1.74G [01:24<04:00, 4.64MB/s]Downloading pytorch_model.bin:  36%|██████████▌                  | 629M/1.74G [01:26<03:53, 4.75MB/s]Downloading pytorch_model.bin:  37%|██████████▋                  | 640M/1.74G [01:29<04:00, 4.55MB/s]Downloading pytorch_model.bin:  37%|██████████▊                  | 650M/1.74G [01:31<03:59, 4.54MB/s]Downloading pytorch_model.bin:  38%|███████████                  | 661M/1.74G [01:33<03:52, 4.62MB/s]Downloading pytorch_model.bin:  39%|███████████▏                 | 671M/1.74G [01:35<03:53, 4.56MB/s]Downloading pytorch_model.bin:  39%|███████████▍                 | 682M/1.74G [01:38<03:45, 4.67MB/s]Downloading pytorch_model.bin:  40%|███████████▌                 | 692M/1.74G [01:39<03:31, 4.95MB/s]Downloading pytorch_model.bin:  40%|███████████▋                 | 703M/1.74G [01:41<03:23, 5.07MB/s]Downloading pytorch_model.bin:  41%|███████████▉                 | 713M/1.74G [01:43<03:15, 5.23MB/s]Downloading pytorch_model.bin:  42%|████████████                 | 724M/1.74G [01:45<03:00, 5.60MB/s]Downloading pytorch_model.bin:  42%|████████████▎                | 734M/1.74G [01:47<03:01, 5.52MB/s]Downloading pytorch_model.bin:  43%|████████████▍                | 744M/1.74G [01:48<02:55, 5.66MB/s]Downloading pytorch_model.bin:  43%|████████████▌                | 755M/1.74G [01:50<02:46, 5.88MB/s]Downloading pytorch_model.bin:  44%|████████████▊                | 765M/1.74G [01:52<02:40, 6.03MB/s]Downloading pytorch_model.bin:  45%|████████████▉                | 776M/1.74G [01:53<02:24, 6.64MB/s]Downloading pytorch_model.bin:  45%|█████████████▏               | 786M/1.74G [01:55<02:47, 5.67MB/s]Downloading pytorch_model.bin:  46%|█████████████▎               | 797M/1.74G [01:57<02:41, 5.82MB/s]Downloading pytorch_model.bin:  47%|█████████████▍               | 807M/1.74G [01:59<02:32, 6.08MB/s]Downloading pytorch_model.bin:  47%|█████████████▋               | 818M/1.74G [02:00<02:19, 6.56MB/s]Downloading pytorch_model.bin:  48%|█████████████▊               | 828M/1.74G [02:01<02:12, 6.83MB/s]Downloading pytorch_model.bin:  48%|██████████████               | 839M/1.74G [02:03<02:04, 7.23MB/s]Downloading pytorch_model.bin:  49%|██████████████▏              | 849M/1.74G [02:04<01:52, 7.85MB/s]Downloading pytorch_model.bin:  50%|██████████████▎              | 860M/1.74G [02:05<01:46, 8.19MB/s]Downloading pytorch_model.bin:  50%|██████████████▌              | 870M/1.74G [02:06<01:39, 8.70MB/s]Downloading pytorch_model.bin:  51%|██████████████▋              | 881M/1.74G [02:07<01:45, 8.10MB/s]Downloading pytorch_model.bin:  51%|██████████████▉              | 891M/1.74G [02:08<01:33, 9.01MB/s]Downloading pytorch_model.bin:  52%|███████████████              | 902M/1.74G [02:09<01:23, 9.96MB/s]Downloading pytorch_model.bin:  53%|███████████████▏             | 912M/1.74G [02:10<01:17, 10.7MB/s]Downloading pytorch_model.bin:  53%|███████████████▍             | 923M/1.74G [02:11<01:10, 11.5MB/s]Downloading pytorch_model.bin:  54%|███████████████▌             | 933M/1.74G [02:12<01:11, 11.2MB/s]Downloading pytorch_model.bin:  54%|███████████████▊             | 944M/1.74G [02:13<01:11, 11.0MB/s]Downloading pytorch_model.bin:  55%|███████████████▉             | 954M/1.74G [02:13<01:08, 11.4MB/s]Downloading pytorch_model.bin:  56%|████████████████             | 965M/1.74G [02:15<01:13, 10.5MB/s]Downloading pytorch_model.bin:  56%|████████████████▎            | 975M/1.74G [02:15<01:09, 11.0MB/s]Downloading pytorch_model.bin:  57%|████████████████▍            | 986M/1.74G [02:16<01:05, 11.5MB/s]Downloading pytorch_model.bin:  57%|████████████████▋            | 996M/1.74G [02:17<01:03, 11.7MB/s]Downloading pytorch_model.bin:  58%|████████████████▏           | 1.01G/1.74G [02:18<00:59, 12.2MB/s]Downloading pytorch_model.bin:  59%|████████████████▍           | 1.02G/1.74G [02:19<01:09, 10.4MB/s]Downloading pytorch_model.bin:  59%|████████████████▌           | 1.03G/1.74G [02:21<01:18, 8.97MB/s]Downloading pytorch_model.bin:  60%|████████████████▋           | 1.04G/1.74G [02:22<01:12, 9.56MB/s]Downloading pytorch_model.bin:  60%|████████████████▉           | 1.05G/1.74G [02:23<01:10, 9.76MB/s]Downloading pytorch_model.bin:  61%|█████████████████           | 1.06G/1.74G [02:24<01:07, 10.0MB/s]Downloading pytorch_model.bin:  62%|█████████████████▎          | 1.07G/1.74G [02:24<01:01, 10.9MB/s]Downloading pytorch_model.bin:  62%|█████████████████▍          | 1.08G/1.74G [02:25<00:58, 11.2MB/s]Downloading pytorch_model.bin:  63%|█████████████████▌          | 1.09G/1.74G [02:26<01:01, 10.5MB/s]Downloading pytorch_model.bin:  63%|█████████████████▊          | 1.10G/1.74G [02:27<00:56, 11.2MB/s]Downloading pytorch_model.bin:  64%|█████████████████▉          | 1.11G/1.74G [02:28<00:54, 11.6MB/s]Downloading pytorch_model.bin:  65%|██████████████████          | 1.12G/1.74G [02:29<00:50, 12.1MB/s]Downloading pytorch_model.bin:  65%|██████████████████▎         | 1.13G/1.74G [02:30<00:49, 12.2MB/s]Downloading pytorch_model.bin:  66%|██████████████████▍         | 1.14G/1.74G [02:31<00:58, 10.2MB/s]Downloading pytorch_model.bin:  66%|██████████████████▌         | 1.15G/1.74G [02:32<00:53, 10.8MB/s]Downloading pytorch_model.bin:  67%|██████████████████▊         | 1.16G/1.74G [02:33<00:50, 11.4MB/s]Downloading pytorch_model.bin:  68%|██████████████████▉         | 1.17G/1.74G [02:34<00:47, 11.7MB/s]Downloading pytorch_model.bin:  68%|███████████████████         | 1.18G/1.74G [02:35<00:52, 10.6MB/s]Downloading pytorch_model.bin:  69%|███████████████████▎        | 1.20G/1.74G [02:36<00:51, 10.5MB/s]Downloading pytorch_model.bin:  69%|███████████████████▍        | 1.21G/1.74G [02:37<00:51, 10.3MB/s]Downloading pytorch_model.bin:  70%|███████████████████▌        | 1.22G/1.74G [02:38<00:55, 9.34MB/s]Downloading pytorch_model.bin:  71%|███████████████████▊        | 1.23G/1.74G [02:40<01:06, 7.64MB/s]Downloading pytorch_model.bin:  71%|███████████████████▉        | 1.24G/1.74G [02:43<01:22, 6.07MB/s]Downloading pytorch_model.bin:  72%|████████████████████▏       | 1.25G/1.74G [02:45<01:28, 5.51MB/s]Downloading pytorch_model.bin:  72%|████████████████████▎       | 1.26G/1.74G [02:48<01:35, 5.01MB/s]Downloading pytorch_model.bin:  73%|████████████████████▍       | 1.27G/1.74G [02:50<01:43, 4.51MB/s]Downloading pytorch_model.bin:  73%|████████████████████▍       | 1.27G/1.74G [03:06<01:43, 4.51MB/s]Downloading pytorch_model.bin:  74%|████████████████████▋       | 1.28G/1.74G [03:06<04:31, 1.68MB/s]Downloading pytorch_model.bin:  74%|████████████████████▊       | 1.29G/1.74G [03:21<06:21, 1.17MB/s]Downloading pytorch_model.bin:  75%|████████████████████▉       | 1.30G/1.74G [03:29<05:57, 1.22MB/s]Downloading pytorch_model.bin:  76%|█████████████████████▏      | 1.31G/1.74G [03:33<04:55, 1.44MB/s]Downloading pytorch_model.bin:  76%|█████████████████████▎      | 1.32G/1.74G [03:41<04:51, 1.42MB/s]Downloading pytorch_model.bin:  77%|█████████████████████▍      | 1.33G/1.74G [03:49<04:51, 1.38MB/s]Downloading pytorch_model.bin:  77%|█████████████████████▍      | 1.33G/1.74G [04:06<04:51, 1.38MB/s]Downloading pytorch_model.bin:  77%|██████████████████████▍      | 1.34G/1.74G [04:08<06:56, 944kB/s]Downloading pytorch_model.bin:  78%|█████████████████████▊      | 1.35G/1.74G [04:14<05:44, 1.11MB/s]Downloading pytorch_model.bin:  79%|█████████████████████▉      | 1.36G/1.74G [04:18<04:43, 1.31MB/s]Downloading pytorch_model.bin:  79%|██████████████████████▏     | 1.37G/1.74G [04:29<05:05, 1.18MB/s]Downloading pytorch_model.bin:  80%|██████████████████████▎     | 1.38G/1.74G [04:33<04:06, 1.42MB/s]Downloading pytorch_model.bin:  80%|██████████████████████▍     | 1.39G/1.74G [04:36<03:16, 1.73MB/s]Downloading pytorch_model.bin:  81%|██████████████████████▋     | 1.41G/1.74G [04:43<03:20, 1.65MB/s]Downloading pytorch_model.bin:  82%|██████████████████████▊     | 1.42G/1.74G [04:52<03:38, 1.46MB/s]Downloading pytorch_model.bin:  82%|██████████████████████▊     | 1.42G/1.74G [05:06<03:38, 1.46MB/s]Downloading pytorch_model.bin:  82%|███████████████████████     | 1.43G/1.74G [05:08<04:46, 1.08MB/s]Downloading pytorch_model.bin:  83%|███████████████████████▏    | 1.44G/1.74G [05:13<04:02, 1.23MB/s]Downloading pytorch_model.bin:  83%|███████████████████████▎    | 1.45G/1.74G [05:18<03:17, 1.46MB/s]Downloading pytorch_model.bin:  84%|███████████████████████▌    | 1.46G/1.74G [05:29<03:41, 1.25MB/s]Downloading pytorch_model.bin:  85%|███████████████████████▋    | 1.47G/1.74G [05:35<03:14, 1.38MB/s]Downloading pytorch_model.bin:  85%|███████████████████████▊    | 1.48G/1.74G [05:39<02:41, 1.60MB/s]Downloading pytorch_model.bin:  86%|████████████████████████    | 1.49G/1.74G [05:51<03:17, 1.25MB/s]Downloading pytorch_model.bin:  86%|████████████████████████    | 1.49G/1.74G [06:06<03:17, 1.25MB/s]Downloading pytorch_model.bin:  86%|████████████████████████▏   | 1.50G/1.74G [06:06<03:52, 1.02MB/s]Downloading pytorch_model.bin:  87%|█████████████████████████▏   | 1.51G/1.74G [06:19<03:59, 944kB/s]Downloading pytorch_model.bin:  88%|█████████████████████████▍   | 1.52G/1.74G [06:30<03:49, 937kB/s]Downloading pytorch_model.bin:  88%|████████████████████████▋   | 1.53G/1.74G [06:36<03:06, 1.10MB/s]Downloading pytorch_model.bin:  89%|████████████████████████▊   | 1.54G/1.74G [06:41<02:28, 1.31MB/s]Downloading pytorch_model.bin:  89%|█████████████████████████   | 1.55G/1.74G [06:47<02:09, 1.42MB/s]Downloading pytorch_model.bin:  90%|█████████████████████████▏  | 1.56G/1.74G [06:58<02:22, 1.22MB/s]Downloading pytorch_model.bin:  91%|█████████████████████████▎  | 1.57G/1.74G [07:07<02:17, 1.18MB/s]Downloading pytorch_model.bin:  91%|█████████████████████████▌  | 1.58G/1.74G [07:17<02:12, 1.15MB/s]Downloading pytorch_model.bin:  92%|█████████████████████████▋  | 1.59G/1.74G [07:24<01:53, 1.25MB/s]Downloading pytorch_model.bin:  92%|█████████████████████████▉  | 1.60G/1.74G [07:29<01:32, 1.41MB/s]Downloading pytorch_model.bin:  93%|██████████████████████████  | 1.61G/1.74G [07:34<01:15, 1.59MB/s]Downloading pytorch_model.bin:  94%|██████████████████████████▏ | 1.63G/1.74G [07:38<01:02, 1.76MB/s]Downloading pytorch_model.bin:  94%|██████████████████████████▍ | 1.64G/1.74G [07:44<00:55, 1.79MB/s]Downloading pytorch_model.bin:  95%|██████████████████████████▌ | 1.65G/1.74G [07:51<00:53, 1.66MB/s]Downloading pytorch_model.bin:  95%|██████████████████████████▋ | 1.66G/1.74G [08:02<00:57, 1.38MB/s]Downloading pytorch_model.bin:  96%|██████████████████████████▉ | 1.67G/1.74G [08:11<00:52, 1.29MB/s]Downloading pytorch_model.bin:  97%|███████████████████████████ | 1.68G/1.74G [08:19<00:44, 1.30MB/s]Downloading pytorch_model.bin:  97%|███████████████████████████▏| 1.69G/1.74G [08:24<00:32, 1.45MB/s]Downloading pytorch_model.bin:  98%|███████████████████████████▍| 1.70G/1.74G [08:29<00:23, 1.61MB/s]Downloading pytorch_model.bin:  98%|███████████████████████████▌| 1.71G/1.74G [08:33<00:14, 1.80MB/s]Traceback (most recent call last):
  File "/root/miniconda3/envs/py38/lib/python3.8/site-packages/urllib3/response.py", line 710, in _error_catcher
    yield
  File "/root/miniconda3/envs/py38/lib/python3.8/site-packages/urllib3/response.py", line 835, in _raw_read
    raise IncompleteRead(self._fp_bytes_read, self.length_remaining)
urllib3.exceptions.IncompleteRead: IncompleteRead(1715044587 bytes read, 20710010 more expected)

The above exception was the direct cause of the following exception:

Traceback (most recent call last):
  File "/root/miniconda3/envs/py38/lib/python3.8/site-packages/requests/models.py", line 816, in generate
    yield from self.raw.stream(chunk_size, decode_content=True)
  File "/root/miniconda3/envs/py38/lib/python3.8/site-packages/urllib3/response.py", line 940, in stream
    data = self.read(amt=amt, decode_content=decode_content)
  File "/root/miniconda3/envs/py38/lib/python3.8/site-packages/urllib3/response.py", line 911, in read
    data = self._raw_read(amt)
  File "/root/miniconda3/envs/py38/lib/python3.8/site-packages/urllib3/response.py", line 835, in _raw_read
    raise IncompleteRead(self._fp_bytes_read, self.length_remaining)
  File "/root/miniconda3/envs/py38/lib/python3.8/contextlib.py", line 131, in __exit__
    self.gen.throw(type, value, traceback)
  File "/root/miniconda3/envs/py38/lib/python3.8/site-packages/urllib3/response.py", line 727, in _error_catcher
    raise ProtocolError(f"Connection broken: {e!r}", e) from e
urllib3.exceptions.ProtocolError: ('Connection broken: IncompleteRead(1715044587 bytes read, 20710010 more expected)', IncompleteRead(1715044587 bytes read, 20710010 more expected))

During handling of the above exception, another exception occurred:

Traceback (most recent call last):
  File "output/hf-eval-data-v2/f00364_detect_kitchen_objects.py", line 46, in <module>
    test_detect_kitchen_objects()
  File "output/hf-eval-data-v2/f00364_detect_kitchen_objects.py", line 42, in test_detect_kitchen_objects
    detect_kitchen_objects('test_image.jpg', 0.1)
  File "output/hf-eval-data-v2/f00364_detect_kitchen_objects.py", line 21, in detect_kitchen_objects
    model = OwlViTForObjectDetection.from_pretrained('google/owlvit-large-patch14')
  File "/root/miniconda3/envs/py38/lib/python3.8/site-packages/transformers/modeling_utils.py", line 2793, in from_pretrained
    resolved_archive_file = cached_file(
  File "/root/miniconda3/envs/py38/lib/python3.8/site-packages/transformers/utils/hub.py", line 429, in cached_file
    resolved_file = hf_hub_download(
  File "/root/miniconda3/envs/py38/lib/python3.8/site-packages/huggingface_hub/utils/_validators.py", line 118, in _inner_fn
    return fn(*args, **kwargs)
  File "/root/miniconda3/envs/py38/lib/python3.8/site-packages/huggingface_hub/file_download.py", line 1429, in hf_hub_download
    http_get(
  File "/root/miniconda3/envs/py38/lib/python3.8/site-packages/huggingface_hub/file_download.py", line 551, in http_get
    for chunk in r.iter_content(chunk_size=10 * 1024 * 1024):
  File "/root/miniconda3/envs/py38/lib/python3.8/site-packages/requests/models.py", line 818, in generate
    raise ChunkedEncodingError(e)
requests.exceptions.ChunkedEncodingError: ('Connection broken: IncompleteRead(1715044587 bytes read, 20710010 more expected)', IncompleteRead(1715044587 bytes read, 20710010 more expected))
Downloading pytorch_model.bin:  98%|███████████████████████████▌| 1.71G/1.74G [08:36<00:08, 3.31MB/s]