Traceback (most recent call last):
  File "output/hf-eval-data-v2/f00450_generate_hashtags.py", line 50, in <module>
    test_generate_hashtags()
  File "output/hf-eval-data-v2/f00450_generate_hashtags.py", line 44, in test_generate_hashtags
    assert image_features is not None, 'No features were extracted from the image.'
AssertionError: No features were extracted from the image.
