Traceback (most recent call last):
  File "/root/autodl-tmp/conda-envs/py38/lib/python3.8/site-packages/urllib3/connectionpool.py", line 776, in urlopen
    self._prepare_proxy(conn)
  File "/root/autodl-tmp/conda-envs/py38/lib/python3.8/site-packages/urllib3/connectionpool.py", line 1045, in _prepare_proxy
    conn.connect()
  File "/root/autodl-tmp/conda-envs/py38/lib/python3.8/site-packages/urllib3/connection.py", line 642, in connect
    sock_and_verified = _ssl_wrap_socket_and_match_hostname(
  File "/root/autodl-tmp/conda-envs/py38/lib/python3.8/site-packages/urllib3/connection.py", line 782, in _ssl_wrap_socket_and_match_hostname
    ssl_sock = ssl_wrap_socket(
  File "/root/autodl-tmp/conda-envs/py38/lib/python3.8/site-packages/urllib3/util/ssl_.py", line 470, in ssl_wrap_socket
    ssl_sock = _ssl_wrap_socket_impl(sock, context, tls_in_tls, server_hostname)
  File "/root/autodl-tmp/conda-envs/py38/lib/python3.8/site-packages/urllib3/util/ssl_.py", line 514, in _ssl_wrap_socket_impl
    return ssl_context.wrap_socket(sock, server_hostname=server_hostname)
  File "/root/autodl-tmp/conda-envs/py38/lib/python3.8/ssl.py", line 500, in wrap_socket
    return self.sslsocket_class._create(
  File "/root/autodl-tmp/conda-envs/py38/lib/python3.8/ssl.py", line 1073, in _create
    self.do_handshake()
  File "/root/autodl-tmp/conda-envs/py38/lib/python3.8/ssl.py", line 1342, in do_handshake
    self._sslobj.do_handshake()
socket.timeout: _ssl.c:1114: The handshake operation timed out

The above exception was the direct cause of the following exception:

Traceback (most recent call last):
  File "/root/autodl-tmp/conda-envs/py38/lib/python3.8/site-packages/requests/adapters.py", line 486, in send
    resp = conn.urlopen(
  File "/root/autodl-tmp/conda-envs/py38/lib/python3.8/site-packages/urllib3/connectionpool.py", line 844, in urlopen
    retries = retries.increment(
  File "/root/autodl-tmp/conda-envs/py38/lib/python3.8/site-packages/urllib3/util/retry.py", line 470, in increment
    raise reraise(type(error), error, _stacktrace)
  File "/root/autodl-tmp/conda-envs/py38/lib/python3.8/site-packages/urllib3/util/util.py", line 39, in reraise
    raise value
  File "/root/autodl-tmp/conda-envs/py38/lib/python3.8/site-packages/urllib3/connectionpool.py", line 778, in urlopen
    self._raise_timeout(
  File "/root/autodl-tmp/conda-envs/py38/lib/python3.8/site-packages/urllib3/connectionpool.py", line 370, in _raise_timeout
    raise ReadTimeoutError(
urllib3.exceptions.ReadTimeoutError: HTTPSConnectionPool(host='huggingface.co', port=443): Read timed out. (read timeout=10)

During handling of the above exception, another exception occurred:

Traceback (most recent call last):
  File "./f00060_summarize_text.py", line 51, in <module>
    test_summarize_text()
  File "./f00060_summarize_text.py", line 44, in test_summarize_text
    assert len(summarize_text(test_text1)) < len(test_text1)
  File "./f00060_summarize_text.py", line 19, in summarize_text
    model = BigBirdPegasusForConditionalGeneration.from_pretrained("google/bigbird-pegasus-large-arxiv")
  File "/root/autodl-tmp/conda-envs/py38/lib/python3.8/site-packages/transformers/modeling_utils.py", line 3077, in from_pretrained
    if has_file(pretrained_model_name_or_path, TF2_WEIGHTS_NAME, **has_file_kwargs):
  File "/root/autodl-tmp/conda-envs/py38/lib/python3.8/site-packages/transformers/utils/hub.py", line 650, in has_file
    r = requests.head(url, headers=headers, allow_redirects=False, proxies=proxies, timeout=10)
  File "/root/autodl-tmp/conda-envs/py38/lib/python3.8/site-packages/requests/api.py", line 100, in head
    return request("head", url, **kwargs)
  File "/root/autodl-tmp/conda-envs/py38/lib/python3.8/site-packages/requests/api.py", line 59, in request
    return session.request(method=method, url=url, **kwargs)
  File "/root/autodl-tmp/conda-envs/py38/lib/python3.8/site-packages/requests/sessions.py", line 589, in request
    resp = self.send(prep, **send_kwargs)
  File "/root/autodl-tmp/conda-envs/py38/lib/python3.8/site-packages/requests/sessions.py", line 703, in send
    r = adapter.send(request, **kwargs)
  File "/root/autodl-tmp/conda-envs/py38/lib/python3.8/site-packages/requests/adapters.py", line 532, in send
    raise ReadTimeout(e, request=request)
requests.exceptions.ReadTimeout: HTTPSConnectionPool(host='huggingface.co', port=443): Read timed out. (read timeout=10)
