2023-11-30 17:44:52.832002: I tensorflow/core/platform/cpu_feature_guard.cc:182] This TensorFlow binary is optimized to use available CPU instructions in performance-critical operations.
To enable the following instructions: AVX2 FMA, in other operations, rebuild TensorFlow with the appropriate compiler flags.
2023-11-30 17:44:53.566246: W tensorflow/compiler/tf2tensorrt/utils/py_utils.cc:38] TF-TRT Warning: Could not find TensorRT
Traceback (most recent call last):
  File "/root/autodl-tmp/conda-envs/py38/lib/python3.8/site-packages/urllib3/connectionpool.py", line 712, in urlopen
    self._prepare_proxy(conn)
  File "/root/autodl-tmp/conda-envs/py38/lib/python3.8/site-packages/urllib3/connectionpool.py", line 1012, in _prepare_proxy
    conn.connect()
  File "/root/autodl-tmp/conda-envs/py38/lib/python3.8/site-packages/urllib3/connection.py", line 419, in connect
    self.sock = ssl_wrap_socket(
  File "/root/autodl-tmp/conda-envs/py38/lib/python3.8/site-packages/urllib3/util/ssl_.py", line 449, in ssl_wrap_socket
    ssl_sock = _ssl_wrap_socket_impl(
  File "/root/autodl-tmp/conda-envs/py38/lib/python3.8/site-packages/urllib3/util/ssl_.py", line 493, in _ssl_wrap_socket_impl
    return ssl_context.wrap_socket(sock, server_hostname=server_hostname)
  File "/root/autodl-tmp/conda-envs/py38/lib/python3.8/ssl.py", line 500, in wrap_socket
    return self.sslsocket_class._create(
  File "/root/autodl-tmp/conda-envs/py38/lib/python3.8/ssl.py", line 1073, in _create
    self.do_handshake()
  File "/root/autodl-tmp/conda-envs/py38/lib/python3.8/ssl.py", line 1342, in do_handshake
    self._sslobj.do_handshake()
socket.timeout: _ssl.c:1114: The handshake operation timed out

During handling of the above exception, another exception occurred:

Traceback (most recent call last):
  File "/root/autodl-tmp/conda-envs/py38/lib/python3.8/site-packages/requests/adapters.py", line 486, in send
    resp = conn.urlopen(
  File "/root/autodl-tmp/conda-envs/py38/lib/python3.8/site-packages/urllib3/connectionpool.py", line 799, in urlopen
    retries = retries.increment(
  File "/root/autodl-tmp/conda-envs/py38/lib/python3.8/site-packages/urllib3/util/retry.py", line 592, in increment
    raise MaxRetryError(_pool, url, error or ResponseError(cause))
urllib3.exceptions.MaxRetryError: HTTPSConnectionPool(host='huggingface.co', port=443): Max retries exceeded with url: /flair/ner-english/resolve/main/pytorch_model.bin (Caused by ProxyError('Cannot connect to proxy.', timeout('_ssl.c:1114: The handshake operation timed out')))

During handling of the above exception, another exception occurred:

Traceback (most recent call last):
  File "./f00128_extract_entities_from_email.py", line 45, in <module>
    test_extract_entities_from_email()
  File "./f00128_extract_entities_from_email.py", line 37, in test_extract_entities_from_email
    assert len(extract_entities_from_email(email1)) > 0
  File "./f00128_extract_entities_from_email.py", line 20, in extract_entities_from_email
    flair_tagger = SequenceTagger.load("ner")
  File "/root/autodl-tmp/conda-envs/py38/lib/python3.8/site-packages/flair/models/sequence_tagger_model.py", line 1036, in load
    return cast("SequenceTagger", super().load(model_path=model_path))
  File "/root/autodl-tmp/conda-envs/py38/lib/python3.8/site-packages/flair/nn/model.py", line 555, in load
    return cast("Classifier", super().load(model_path=model_path))
  File "/root/autodl-tmp/conda-envs/py38/lib/python3.8/site-packages/flair/nn/model.py", line 178, in load
    model_file = cls._fetch_model(str(model_path))
  File "/root/autodl-tmp/conda-envs/py38/lib/python3.8/site-packages/flair/models/sequence_tagger_model.py", line 860, in _fetch_model
    model_path = hf_hub_download(
  File "/root/autodl-tmp/conda-envs/py38/lib/python3.8/site-packages/huggingface_hub/utils/_validators.py", line 118, in _inner_fn
    return fn(*args, **kwargs)
  File "/root/autodl-tmp/conda-envs/py38/lib/python3.8/site-packages/huggingface_hub/file_download.py", line 1247, in hf_hub_download
    metadata = get_hf_file_metadata(
  File "/root/autodl-tmp/conda-envs/py38/lib/python3.8/site-packages/huggingface_hub/utils/_validators.py", line 118, in _inner_fn
    return fn(*args, **kwargs)
  File "/root/autodl-tmp/conda-envs/py38/lib/python3.8/site-packages/huggingface_hub/file_download.py", line 1624, in get_hf_file_metadata
    r = _request_wrapper(
  File "/root/autodl-tmp/conda-envs/py38/lib/python3.8/site-packages/huggingface_hub/file_download.py", line 402, in _request_wrapper
    response = _request_wrapper(
  File "/root/autodl-tmp/conda-envs/py38/lib/python3.8/site-packages/huggingface_hub/file_download.py", line 425, in _request_wrapper
    response = get_session().request(method=method, url=url, **params)
  File "/root/autodl-tmp/conda-envs/py38/lib/python3.8/site-packages/requests/sessions.py", line 589, in request
    resp = self.send(prep, **send_kwargs)
  File "/root/autodl-tmp/conda-envs/py38/lib/python3.8/site-packages/requests/sessions.py", line 703, in send
    r = adapter.send(request, **kwargs)
  File "/root/autodl-tmp/conda-envs/py38/lib/python3.8/site-packages/huggingface_hub/utils/_http.py", line 63, in send
    return super().send(request, *args, **kwargs)
  File "/root/autodl-tmp/conda-envs/py38/lib/python3.8/site-packages/requests/adapters.py", line 513, in send
    raise ProxyError(e, request=request)
requests.exceptions.ProxyError: (MaxRetryError("HTTPSConnectionPool(host='huggingface.co', port=443): Max retries exceeded with url: /flair/ner-english/resolve/main/pytorch_model.bin (Caused by ProxyError('Cannot connect to proxy.', timeout('_ssl.c:1114: The handshake operation timed out')))"), '(Request ID: 588ca6f0-40e2-4188-b234-917e16c09951)')
