.gitattributes:   0%|                                                                 | 0.00/690 [00:00<?, ?B/s].gitattributes: 100%|███████████████████████████████████████████████████████████| 690/690 [00:00<00:00, 159kB/s]
1_Pooling/config.json:   0%|                                                          | 0.00/190 [00:00<?, ?B/s]1_Pooling/config.json: 100%|███████████████████████████████████████████████████| 190/190 [00:00<00:00, 50.1kB/s]
README.md:   0%|                                                                    | 0.00/4.10k [00:00<?, ?B/s]README.md: 100%|███████████████████████████████████████████████████████████| 4.10k/4.10k [00:00<00:00, 4.16MB/s]
config.json:   0%|                                                                    | 0.00/723 [00:00<?, ?B/s]config.json: 100%|██████████████████████████████████████████████████████████████| 723/723 [00:00<00:00, 415kB/s]
config_sentence_transformers.json:   0%|                                              | 0.00/122 [00:00<?, ?B/s]config_sentence_transformers.json: 100%|████████████████████████████████████████| 122/122 [00:00<00:00, 144kB/s]
pytorch_model.bin:   0%|                                                            | 0.00/1.11G [00:00<?, ?B/s]Error while downloading from https://cdn-lfs.huggingface.co/sentence-transformers/paraphrase-multilingual-mpnet-base-v2/29d10eabb079d11355d4405789dd9d43e229ccbc47bc2581d0639edaa1721380?response-content-disposition=attachment%3B+filename*%3DUTF-8%27%27pytorch_model.bin%3B+filename%3D%22pytorch_model.bin%22%3B&response-content-type=application%2Foctet-stream&Expires=1701611107&Policy=eyJTdGF0ZW1lbnQiOlt7IkNvbmRpdGlvbiI6eyJEYXRlTGVzc1RoYW4iOnsiQVdTOkVwb2NoVGltZSI6MTcwMTYxMTEwN319LCJSZXNvdXJjZSI6Imh0dHBzOi8vY2RuLWxmcy5odWdnaW5nZmFjZS5jby9zZW50ZW5jZS10cmFuc2Zvcm1lcnMvcGFyYXBocmFzZS1tdWx0aWxpbmd1YWwtbXBuZXQtYmFzZS12Mi8yOWQxMGVhYmIwNzlkMTEzNTVkNDQwNTc4OWRkOWQ0M2UyMjljY2JjNDdiYzI1ODFkMDYzOWVkYWExNzIxMzgwP3Jlc3BvbnNlLWNvbnRlbnQtZGlzcG9zaXRpb249KiZyZXNwb25zZS1jb250ZW50LXR5cGU9KiJ9XX0_&Signature=f7DaAKXIDKZIefuBt9QpeG3zLQQ8v8b2zi-%7ESFzAQ8yqN2y1zMv7ROkOiOiTqkRIrJenfk4K1Mwp09wtMZibO82uE1N79ahyJkySFP%7Ep%7ERf6a5a9Z6IwfMcTmQDm1Cto1YHMZKJF75kEKWsekhkLjYF7Uoosa9psKIPf35ay9oqkcYEx9q5qFlt6MVaPV2kkm%7E3oFrl4LpvPljMwO9wYFrL1fLlTBTV%7EEaBheFOxvwAoZmkKGo2FdBNtF4yLfKxLIWi6xoagEOIRcjtguFqcVTtieDXZ7ZV3WHhZQ1mrI3w7XCqZUDbYxQFYqsWKVSjFdLLp9xc2J9W3bP4eromn2Q__&Key-Pair-Id=KVTP0A1DKRTAX: HTTPSConnectionPool(host='cdn-lfs.huggingface.co', port=443): Read timed out.
Trying to resume download...
pytorch_model.bin:   0%|                                                            | 0.00/1.11G [02:22<?, ?B/s]
Traceback (most recent call last):
  File "/root/autodl-tmp/conda-envs/py38/lib/python3.8/site-packages/urllib3/response.py", line 444, in _error_catcher
    yield
  File "/root/autodl-tmp/conda-envs/py38/lib/python3.8/site-packages/urllib3/response.py", line 567, in read
    data = self._fp_read(amt) if not fp_closed else b""
  File "/root/autodl-tmp/conda-envs/py38/lib/python3.8/site-packages/urllib3/response.py", line 533, in _fp_read
    return self._fp.read(amt) if amt is not None else self._fp.read()
  File "/root/autodl-tmp/conda-envs/py38/lib/python3.8/http/client.py", line 459, in read
    n = self.readinto(b)
  File "/root/autodl-tmp/conda-envs/py38/lib/python3.8/http/client.py", line 503, in readinto
    n = self.fp.readinto(b)
  File "/root/autodl-tmp/conda-envs/py38/lib/python3.8/socket.py", line 669, in readinto
    return self._sock.recv_into(b)
  File "/root/autodl-tmp/conda-envs/py38/lib/python3.8/ssl.py", line 1274, in recv_into
    return self.read(nbytes, buffer)
  File "/root/autodl-tmp/conda-envs/py38/lib/python3.8/ssl.py", line 1132, in read
    return self._sslobj.read(len, buffer)
socket.timeout: The read operation timed out

During handling of the above exception, another exception occurred:

Traceback (most recent call last):
  File "/root/autodl-tmp/conda-envs/py38/lib/python3.8/site-packages/requests/models.py", line 816, in generate
    yield from self.raw.stream(chunk_size, decode_content=True)
  File "/root/autodl-tmp/conda-envs/py38/lib/python3.8/site-packages/urllib3/response.py", line 628, in stream
    data = self.read(amt=amt, decode_content=decode_content)
  File "/root/autodl-tmp/conda-envs/py38/lib/python3.8/site-packages/urllib3/response.py", line 593, in read
    raise IncompleteRead(self._fp_bytes_read, self.length_remaining)
  File "/root/autodl-tmp/conda-envs/py38/lib/python3.8/contextlib.py", line 131, in __exit__
    self.gen.throw(type, value, traceback)
  File "/root/autodl-tmp/conda-envs/py38/lib/python3.8/site-packages/urllib3/response.py", line 449, in _error_catcher
    raise ReadTimeoutError(self._pool, None, "Read timed out.")
urllib3.exceptions.ReadTimeoutError: HTTPSConnectionPool(host='cdn-lfs.huggingface.co', port=443): Read timed out.

During handling of the above exception, another exception occurred:

Traceback (most recent call last):
  File "/root/autodl-tmp/conda-envs/py38/lib/python3.8/site-packages/huggingface_hub/file_download.py", line 541, in http_get
    for chunk in r.iter_content(chunk_size=DOWNLOAD_CHUNK_SIZE):
  File "/root/autodl-tmp/conda-envs/py38/lib/python3.8/site-packages/requests/models.py", line 822, in generate
    raise ConnectionError(e)
requests.exceptions.ConnectionError: HTTPSConnectionPool(host='cdn-lfs.huggingface.co', port=443): Read timed out.

During handling of the above exception, another exception occurred:

Traceback (most recent call last):
  File "/root/autodl-tmp/conda-envs/py38/lib/python3.8/site-packages/urllib3/connectionpool.py", line 712, in urlopen
    self._prepare_proxy(conn)
  File "/root/autodl-tmp/conda-envs/py38/lib/python3.8/site-packages/urllib3/connectionpool.py", line 1012, in _prepare_proxy
    conn.connect()
  File "/root/autodl-tmp/conda-envs/py38/lib/python3.8/site-packages/urllib3/connection.py", line 419, in connect
    self.sock = ssl_wrap_socket(
  File "/root/autodl-tmp/conda-envs/py38/lib/python3.8/site-packages/urllib3/util/ssl_.py", line 449, in ssl_wrap_socket
    ssl_sock = _ssl_wrap_socket_impl(
  File "/root/autodl-tmp/conda-envs/py38/lib/python3.8/site-packages/urllib3/util/ssl_.py", line 493, in _ssl_wrap_socket_impl
    return ssl_context.wrap_socket(sock, server_hostname=server_hostname)
  File "/root/autodl-tmp/conda-envs/py38/lib/python3.8/ssl.py", line 500, in wrap_socket
    return self.sslsocket_class._create(
  File "/root/autodl-tmp/conda-envs/py38/lib/python3.8/ssl.py", line 1073, in _create
    self.do_handshake()
  File "/root/autodl-tmp/conda-envs/py38/lib/python3.8/ssl.py", line 1342, in do_handshake
    self._sslobj.do_handshake()
socket.timeout: _ssl.c:1114: The handshake operation timed out

During handling of the above exception, another exception occurred:

Traceback (most recent call last):
  File "/root/autodl-tmp/conda-envs/py38/lib/python3.8/site-packages/requests/adapters.py", line 486, in send
    resp = conn.urlopen(
  File "/root/autodl-tmp/conda-envs/py38/lib/python3.8/site-packages/urllib3/connectionpool.py", line 799, in urlopen
    retries = retries.increment(
  File "/root/autodl-tmp/conda-envs/py38/lib/python3.8/site-packages/urllib3/util/retry.py", line 592, in increment
    raise MaxRetryError(_pool, url, error or ResponseError(cause))
urllib3.exceptions.MaxRetryError: HTTPSConnectionPool(host='cdn-lfs.huggingface.co', port=443): Max retries exceeded with url: /sentence-transformers/paraphrase-multilingual-mpnet-base-v2/29d10eabb079d11355d4405789dd9d43e229ccbc47bc2581d0639edaa1721380?response-content-disposition=attachment%3B+filename*%3DUTF-8%27%27pytorch_model.bin%3B+filename%3D%22pytorch_model.bin%22%3B&response-content-type=application%2Foctet-stream&Expires=1701611107&Policy=eyJTdGF0ZW1lbnQiOlt7IkNvbmRpdGlvbiI6eyJEYXRlTGVzc1RoYW4iOnsiQVdTOkVwb2NoVGltZSI6MTcwMTYxMTEwN319LCJSZXNvdXJjZSI6Imh0dHBzOi8vY2RuLWxmcy5odWdnaW5nZmFjZS5jby9zZW50ZW5jZS10cmFuc2Zvcm1lcnMvcGFyYXBocmFzZS1tdWx0aWxpbmd1YWwtbXBuZXQtYmFzZS12Mi8yOWQxMGVhYmIwNzlkMTEzNTVkNDQwNTc4OWRkOWQ0M2UyMjljY2JjNDdiYzI1ODFkMDYzOWVkYWExNzIxMzgwP3Jlc3BvbnNlLWNvbnRlbnQtZGlzcG9zaXRpb249KiZyZXNwb25zZS1jb250ZW50LXR5cGU9KiJ9XX0_&Signature=f7DaAKXIDKZIefuBt9QpeG3zLQQ8v8b2zi-~SFzAQ8yqN2y1zMv7ROkOiOiTqkRIrJenfk4K1Mwp09wtMZibO82uE1N79ahyJkySFP~p~Rf6a5a9Z6IwfMcTmQDm1Cto1YHMZKJF75kEKWsekhkLjYF7Uoosa9psKIPf35ay9oqkcYEx9q5qFlt6MVaPV2kkm~3oFrl4LpvPljMwO9wYFrL1fLlTBTV~EaBheFOxvwAoZmkKGo2FdBNtF4yLfKxLIWi6xoagEOIRcjtguFqcVTtieDXZ7ZV3WHhZQ1mrI3w7XCqZUDbYxQFYqsWKVSjFdLLp9xc2J9W3bP4eromn2Q__&Key-Pair-Id=KVTP0A1DKRTAX (Caused by ProxyError('Cannot connect to proxy.', timeout('_ssl.c:1114: The handshake operation timed out')))

During handling of the above exception, another exception occurred:

Traceback (most recent call last):
  File "./f00704_find_most_related_faq.py", line 57, in <module>
    test_find_most_related_faq()
  File "./f00704_find_most_related_faq.py", line 48, in test_find_most_related_faq
    assert isinstance(find_most_related_faq(faq_sentences, query), str)
  File "./f00704_find_most_related_faq.py", line 22, in find_most_related_faq
    sbert_model = SentenceTransformer('sentence-transformers/paraphrase-multilingual-mpnet-base-v2')  
  File "/root/autodl-tmp/conda-envs/py38/lib/python3.8/site-packages/sentence_transformers/SentenceTransformer.py", line 87, in __init__
    snapshot_download(model_name_or_path,
  File "/root/autodl-tmp/conda-envs/py38/lib/python3.8/site-packages/sentence_transformers/util.py", line 491, in snapshot_download
    path = cached_download(**cached_download_args)
  File "/root/autodl-tmp/conda-envs/py38/lib/python3.8/site-packages/huggingface_hub/utils/_validators.py", line 118, in _inner_fn
    return fn(*args, **kwargs)
  File "/root/autodl-tmp/conda-envs/py38/lib/python3.8/site-packages/huggingface_hub/file_download.py", line 821, in cached_download
    http_get(
  File "/root/autodl-tmp/conda-envs/py38/lib/python3.8/site-packages/huggingface_hub/file_download.py", line 558, in http_get
    return http_get(
  File "/root/autodl-tmp/conda-envs/py38/lib/python3.8/site-packages/huggingface_hub/file_download.py", line 468, in http_get
    r = _request_wrapper(
  File "/root/autodl-tmp/conda-envs/py38/lib/python3.8/site-packages/huggingface_hub/file_download.py", line 425, in _request_wrapper
    response = get_session().request(method=method, url=url, **params)
  File "/root/autodl-tmp/conda-envs/py38/lib/python3.8/site-packages/requests/sessions.py", line 589, in request
    resp = self.send(prep, **send_kwargs)
  File "/root/autodl-tmp/conda-envs/py38/lib/python3.8/site-packages/requests/sessions.py", line 703, in send
    r = adapter.send(request, **kwargs)
  File "/root/autodl-tmp/conda-envs/py38/lib/python3.8/site-packages/huggingface_hub/utils/_http.py", line 63, in send
    return super().send(request, *args, **kwargs)
  File "/root/autodl-tmp/conda-envs/py38/lib/python3.8/site-packages/requests/adapters.py", line 513, in send
    raise ProxyError(e, request=request)
requests.exceptions.ProxyError: (MaxRetryError("HTTPSConnectionPool(host='cdn-lfs.huggingface.co', port=443): Max retries exceeded with url: /sentence-transformers/paraphrase-multilingual-mpnet-base-v2/29d10eabb079d11355d4405789dd9d43e229ccbc47bc2581d0639edaa1721380?response-content-disposition=attachment%3B+filename*%3DUTF-8%27%27pytorch_model.bin%3B+filename%3D%22pytorch_model.bin%22%3B&response-content-type=application%2Foctet-stream&Expires=1701611107&Policy=eyJTdGF0ZW1lbnQiOlt7IkNvbmRpdGlvbiI6eyJEYXRlTGVzc1RoYW4iOnsiQVdTOkVwb2NoVGltZSI6MTcwMTYxMTEwN319LCJSZXNvdXJjZSI6Imh0dHBzOi8vY2RuLWxmcy5odWdnaW5nZmFjZS5jby9zZW50ZW5jZS10cmFuc2Zvcm1lcnMvcGFyYXBocmFzZS1tdWx0aWxpbmd1YWwtbXBuZXQtYmFzZS12Mi8yOWQxMGVhYmIwNzlkMTEzNTVkNDQwNTc4OWRkOWQ0M2UyMjljY2JjNDdiYzI1ODFkMDYzOWVkYWExNzIxMzgwP3Jlc3BvbnNlLWNvbnRlbnQtZGlzcG9zaXRpb249KiZyZXNwb25zZS1jb250ZW50LXR5cGU9KiJ9XX0_&Signature=f7DaAKXIDKZIefuBt9QpeG3zLQQ8v8b2zi-~SFzAQ8yqN2y1zMv7ROkOiOiTqkRIrJenfk4K1Mwp09wtMZibO82uE1N79ahyJkySFP~p~Rf6a5a9Z6IwfMcTmQDm1Cto1YHMZKJF75kEKWsekhkLjYF7Uoosa9psKIPf35ay9oqkcYEx9q5qFlt6MVaPV2kkm~3oFrl4LpvPljMwO9wYFrL1fLlTBTV~EaBheFOxvwAoZmkKGo2FdBNtF4yLfKxLIWi6xoagEOIRcjtguFqcVTtieDXZ7ZV3WHhZQ1mrI3w7XCqZUDbYxQFYqsWKVSjFdLLp9xc2J9W3bP4eromn2Q__&Key-Pair-Id=KVTP0A1DKRTAX (Caused by ProxyError('Cannot connect to proxy.', timeout('_ssl.c:1114: The handshake operation timed out')))"), '(Request ID: 211f5c37-f2bc-45d4-8cb9-d4d1d0a784d3)')
