config.json:   0%|                                                                    | 0.00/493 [00:00<?, ?B/s]config.json: 100%|â–ˆâ–ˆâ–ˆâ–ˆâ–ˆâ–ˆâ–ˆâ–ˆâ–ˆâ–ˆâ–ˆâ–ˆâ–ˆâ–ˆâ–ˆâ–ˆâ–ˆâ–ˆâ–ˆâ–ˆâ–ˆâ–ˆâ–ˆâ–ˆâ–ˆâ–ˆâ–ˆâ–ˆâ–ˆâ–ˆâ–ˆâ–ˆâ–ˆâ–ˆâ–ˆâ–ˆâ–ˆâ–ˆâ–ˆâ–ˆâ–ˆâ–ˆâ–ˆâ–ˆâ–ˆâ–ˆâ–ˆâ–ˆâ–ˆâ–ˆâ–ˆâ–ˆâ–ˆâ–ˆâ–ˆâ–ˆâ–ˆâ–ˆâ–ˆâ–ˆâ–ˆâ–ˆ| 493/493 [00:00<00:00, 149kB/s]
pytorch_model.bin:   0%|                                                             | 0.00/438M [00:00<?, ?B/s]pytorch_model.bin:   2%|â–ˆâ–                                                  | 10.5M/438M [00:05<03:29, 2.04MB/s]pytorch_model.bin:   5%|â–ˆâ–ˆâ–                                                 | 21.0M/438M [00:09<03:10, 2.18MB/s]pytorch_model.bin:   7%|â–ˆâ–ˆâ–ˆâ–‹                                                | 31.5M/438M [00:16<03:36, 1.88MB/s]pytorch_model.bin:  10%|â–ˆâ–ˆâ–ˆâ–ˆâ–‰                                               | 41.9M/438M [00:20<03:18, 1.99MB/s]pytorch_model.bin:  12%|â–ˆâ–ˆâ–ˆâ–ˆâ–ˆâ–ˆâ–                                             | 52.4M/438M [00:27<03:24, 1.88MB/s]pytorch_model.bin:  14%|â–ˆâ–ˆâ–ˆâ–ˆâ–ˆâ–ˆâ–ˆâ–                                            | 62.9M/438M [00:33<03:30, 1.78MB/s]pytorch_model.bin:  17%|â–ˆâ–ˆâ–ˆâ–ˆâ–ˆâ–ˆâ–ˆâ–ˆâ–‹                                           | 73.4M/438M [00:38<03:19, 1.83MB/s]pytorch_model.bin:  19%|â–ˆâ–ˆâ–ˆâ–ˆâ–ˆâ–ˆâ–ˆâ–ˆâ–ˆâ–‰                                          | 83.9M/438M [00:43<03:05, 1.91MB/s]pytorch_model.bin:  22%|â–ˆâ–ˆâ–ˆâ–ˆâ–ˆâ–ˆâ–ˆâ–ˆâ–ˆâ–ˆâ–ˆâ–                                        | 94.4M/438M [00:48<02:45, 2.08MB/s]pytorch_model.bin:  24%|â–ˆâ–ˆâ–ˆâ–ˆâ–ˆâ–ˆâ–ˆâ–ˆâ–ˆâ–ˆâ–ˆâ–ˆâ–‹                                        | 105M/438M [00:52<02:36, 2.12MB/s]pytorch_model.bin:  26%|â–ˆâ–ˆâ–ˆâ–ˆâ–ˆâ–ˆâ–ˆâ–ˆâ–ˆâ–ˆâ–ˆâ–ˆâ–ˆâ–‰                                       | 115M/438M [00:57<02:29, 2.16MB/s]pytorch_model.bin:  29%|â–ˆâ–ˆâ–ˆâ–ˆâ–ˆâ–ˆâ–ˆâ–ˆâ–ˆâ–ˆâ–ˆâ–ˆâ–ˆâ–ˆâ–ˆâ–                                     | 126M/438M [01:02<02:26, 2.12MB/s]pytorch_model.bin:  31%|â–ˆâ–ˆâ–ˆâ–ˆâ–ˆâ–ˆâ–ˆâ–ˆâ–ˆâ–ˆâ–ˆâ–ˆâ–ˆâ–ˆâ–ˆâ–ˆâ–                                    | 136M/438M [01:08<02:32, 1.97MB/s]pytorch_model.bin:  34%|â–ˆâ–ˆâ–ˆâ–ˆâ–ˆâ–ˆâ–ˆâ–ˆâ–ˆâ–ˆâ–ˆâ–ˆâ–ˆâ–ˆâ–ˆâ–ˆâ–ˆâ–Š                                   | 147M/438M [01:13<02:22, 2.05MB/s]pytorch_model.bin:  36%|â–ˆâ–ˆâ–ˆâ–ˆâ–ˆâ–ˆâ–ˆâ–ˆâ–ˆâ–ˆâ–ˆâ–ˆâ–ˆâ–ˆâ–ˆâ–ˆâ–ˆâ–ˆâ–ˆ                                  | 157M/438M [01:19<02:22, 1.97MB/s]pytorch_model.bin:  38%|â–ˆâ–ˆâ–ˆâ–ˆâ–ˆâ–ˆâ–ˆâ–ˆâ–ˆâ–ˆâ–ˆâ–ˆâ–ˆâ–ˆâ–ˆâ–ˆâ–ˆâ–ˆâ–ˆâ–ˆâ–Ž                                | 168M/438M [01:25<02:27, 1.83MB/s]pytorch_model.bin:  41%|â–ˆâ–ˆâ–ˆâ–ˆâ–ˆâ–ˆâ–ˆâ–ˆâ–ˆâ–ˆâ–ˆâ–ˆâ–ˆâ–ˆâ–ˆâ–ˆâ–ˆâ–ˆâ–ˆâ–ˆâ–ˆâ–Œ                               | 178M/438M [01:31<02:23, 1.81MB/s]pytorch_model.bin:  43%|â–ˆâ–ˆâ–ˆâ–ˆâ–ˆâ–ˆâ–ˆâ–ˆâ–ˆâ–ˆâ–ˆâ–ˆâ–ˆâ–ˆâ–ˆâ–ˆâ–ˆâ–ˆâ–ˆâ–ˆâ–ˆâ–ˆâ–Š                              | 189M/438M [01:38<02:24, 1.72MB/s]pytorch_model.bin:  45%|â–ˆâ–ˆâ–ˆâ–ˆâ–ˆâ–ˆâ–ˆâ–ˆâ–ˆâ–ˆâ–ˆâ–ˆâ–ˆâ–ˆâ–ˆâ–ˆâ–ˆâ–ˆâ–ˆâ–ˆâ–ˆâ–ˆâ–ˆâ–ˆ                             | 199M/438M [01:47<02:40, 1.49MB/s]pytorch_model.bin:  48%|â–ˆâ–ˆâ–ˆâ–ˆâ–ˆâ–ˆâ–ˆâ–ˆâ–ˆâ–ˆâ–ˆâ–ˆâ–ˆâ–ˆâ–ˆâ–ˆâ–ˆâ–ˆâ–ˆâ–ˆâ–ˆâ–ˆâ–ˆâ–ˆâ–ˆâ–                           | 210M/438M [01:55<02:36, 1.46MB/s]pytorch_model.bin:  50%|â–ˆâ–ˆâ–ˆâ–ˆâ–ˆâ–ˆâ–ˆâ–ˆâ–ˆâ–ˆâ–ˆâ–ˆâ–ˆâ–ˆâ–ˆâ–ˆâ–ˆâ–ˆâ–ˆâ–ˆâ–ˆâ–ˆâ–ˆâ–ˆâ–ˆâ–ˆâ–‹                          | 220M/438M [02:04<02:39, 1.36MB/s]pytorch_model.bin:  53%|â–ˆâ–ˆâ–ˆâ–ˆâ–ˆâ–ˆâ–ˆâ–ˆâ–ˆâ–ˆâ–ˆâ–ˆâ–ˆâ–ˆâ–ˆâ–ˆâ–ˆâ–ˆâ–ˆâ–ˆâ–ˆâ–ˆâ–ˆâ–ˆâ–ˆâ–ˆâ–ˆâ–‰                         | 231M/438M [02:13<02:39, 1.30MB/s]pytorch_model.bin:  53%|â–ˆâ–ˆâ–ˆâ–ˆâ–ˆâ–ˆâ–ˆâ–ˆâ–ˆâ–ˆâ–ˆâ–ˆâ–ˆâ–ˆâ–ˆâ–ˆâ–ˆâ–ˆâ–ˆâ–ˆâ–ˆâ–ˆâ–ˆâ–ˆâ–ˆâ–ˆâ–ˆâ–‰                         | 231M/438M [02:26<02:39, 1.30MB/s]Error while downloading from https://cdn-lfs.huggingface.co/facebook/dpr-question_encoder-multiset-base/62f6c3a9b8076b88647c9d75c359c1182bd75d3aab7fc7299dad59690919e06f?response-content-disposition=attachment%3B+filename*%3DUTF-8%27%27pytorch_model.bin%3B+filename%3D%22pytorch_model.bin%22%3B&response-content-type=application%2Foctet-stream&Expires=1701615863&Policy=eyJTdGF0ZW1lbnQiOlt7IkNvbmRpdGlvbiI6eyJEYXRlTGVzc1RoYW4iOnsiQVdTOkVwb2NoVGltZSI6MTcwMTYxNTg2M319LCJSZXNvdXJjZSI6Imh0dHBzOi8vY2RuLWxmcy5odWdnaW5nZmFjZS5jby9mYWNlYm9vay9kcHItcXVlc3Rpb25fZW5jb2Rlci1tdWx0aXNldC1iYXNlLzYyZjZjM2E5YjgwNzZiODg2NDdjOWQ3NWMzNTljMTE4MmJkNzVkM2FhYjdmYzcyOTlkYWQ1OTY5MDkxOWUwNmY%7EcmVzcG9uc2UtY29udGVudC1kaXNwb3NpdGlvbj0qJnJlc3BvbnNlLWNvbnRlbnQtdHlwZT0qIn1dfQ__&Signature=pfSMMpGhjpN%7EDSWkiYMv30982KhJJhfXsaKlnEtS8A8iOVOPCbPeI4g1298bWFXAS-c2Er07PABq1xL5ynFziGzU6Ziivz%7EhsxaMaw%7E5F2Xt6VI-jK3lDY7WQrRpYjTCJkHB8uafwfcf7qstDk-veQRrMOSSi-WgZaOI8le0uvRkQ%7E1uXO1W9VUTt9%7EdbyINIKyn9l76xB9UaZ87W3kX2DejsDoGZTea3V2AK1lfy%7ESJDLTAeAa7m4zAjc6Afho-Dyk6NekQWTDIVrQT%7EfmV-9OmZIyEL3q6MgLIUieBpwh6xR3TyS7d-7LhXoX7gBYvmoD9mI4%7EXS35wLLL4v2BGg__&Key-Pair-Id=KVTP0A1DKRTAX: HTTPSConnectionPool(host='cdn-lfs.huggingface.co', port=443): Read timed out.
Trying to resume download...

pytorch_model.bin:  53%|â–ˆâ–ˆâ–ˆâ–ˆâ–ˆâ–ˆâ–ˆâ–ˆâ–ˆâ–ˆâ–ˆâ–ˆâ–ˆâ–ˆâ–ˆâ–ˆâ–ˆâ–ˆâ–ˆâ–ˆâ–ˆâ–ˆâ–ˆâ–ˆâ–ˆâ–ˆâ–ˆâ–ˆâ–ˆâ–ˆâ–ˆâ–ˆâ–                            | 231M/438M [00:00<?, ?B/s][AError while downloading from https://cdn-lfs.huggingface.co/facebook/dpr-question_encoder-multiset-base/62f6c3a9b8076b88647c9d75c359c1182bd75d3aab7fc7299dad59690919e06f?response-content-disposition=attachment%3B+filename*%3DUTF-8%27%27pytorch_model.bin%3B+filename%3D%22pytorch_model.bin%22%3B&response-content-type=application%2Foctet-stream&Expires=1701615863&Policy=eyJTdGF0ZW1lbnQiOlt7IkNvbmRpdGlvbiI6eyJEYXRlTGVzc1RoYW4iOnsiQVdTOkVwb2NoVGltZSI6MTcwMTYxNTg2M319LCJSZXNvdXJjZSI6Imh0dHBzOi8vY2RuLWxmcy5odWdnaW5nZmFjZS5jby9mYWNlYm9vay9kcHItcXVlc3Rpb25fZW5jb2Rlci1tdWx0aXNldC1iYXNlLzYyZjZjM2E5YjgwNzZiODg2NDdjOWQ3NWMzNTljMTE4MmJkNzVkM2FhYjdmYzcyOTlkYWQ1OTY5MDkxOWUwNmY%7EcmVzcG9uc2UtY29udGVudC1kaXNwb3NpdGlvbj0qJnJlc3BvbnNlLWNvbnRlbnQtdHlwZT0qIn1dfQ__&Signature=pfSMMpGhjpN%7EDSWkiYMv30982KhJJhfXsaKlnEtS8A8iOVOPCbPeI4g1298bWFXAS-c2Er07PABq1xL5ynFziGzU6Ziivz%7EhsxaMaw%7E5F2Xt6VI-jK3lDY7WQrRpYjTCJkHB8uafwfcf7qstDk-veQRrMOSSi-WgZaOI8le0uvRkQ%7E1uXO1W9VUTt9%7EdbyINIKyn9l76xB9UaZ87W3kX2DejsDoGZTea3V2AK1lfy%7ESJDLTAeAa7m4zAjc6Afho-Dyk6NekQWTDIVrQT%7EfmV-9OmZIyEL3q6MgLIUieBpwh6xR3TyS7d-7LhXoX7gBYvmoD9mI4%7EXS35wLLL4v2BGg__&Key-Pair-Id=KVTP0A1DKRTAX: HTTPSConnectionPool(host='cdn-lfs.huggingface.co', port=443): Read timed out.
Trying to resume download...


pytorch_model.bin:  53%|â–ˆâ–ˆâ–ˆâ–ˆâ–ˆâ–ˆâ–ˆâ–ˆâ–ˆâ–ˆâ–ˆâ–ˆâ–ˆâ–ˆâ–ˆâ–ˆâ–ˆâ–ˆâ–ˆâ–ˆâ–ˆâ–ˆâ–ˆâ–ˆâ–ˆâ–ˆâ–ˆâ–ˆâ–ˆâ–ˆâ–ˆâ–ˆâ–                            | 231M/438M [00:00<?, ?B/s][A[AError while downloading from https://cdn-lfs.huggingface.co/facebook/dpr-question_encoder-multiset-base/62f6c3a9b8076b88647c9d75c359c1182bd75d3aab7fc7299dad59690919e06f?response-content-disposition=attachment%3B+filename*%3DUTF-8%27%27pytorch_model.bin%3B+filename%3D%22pytorch_model.bin%22%3B&response-content-type=application%2Foctet-stream&Expires=1701615863&Policy=eyJTdGF0ZW1lbnQiOlt7IkNvbmRpdGlvbiI6eyJEYXRlTGVzc1RoYW4iOnsiQVdTOkVwb2NoVGltZSI6MTcwMTYxNTg2M319LCJSZXNvdXJjZSI6Imh0dHBzOi8vY2RuLWxmcy5odWdnaW5nZmFjZS5jby9mYWNlYm9vay9kcHItcXVlc3Rpb25fZW5jb2Rlci1tdWx0aXNldC1iYXNlLzYyZjZjM2E5YjgwNzZiODg2NDdjOWQ3NWMzNTljMTE4MmJkNzVkM2FhYjdmYzcyOTlkYWQ1OTY5MDkxOWUwNmY%7EcmVzcG9uc2UtY29udGVudC1kaXNwb3NpdGlvbj0qJnJlc3BvbnNlLWNvbnRlbnQtdHlwZT0qIn1dfQ__&Signature=pfSMMpGhjpN%7EDSWkiYMv30982KhJJhfXsaKlnEtS8A8iOVOPCbPeI4g1298bWFXAS-c2Er07PABq1xL5ynFziGzU6Ziivz%7EhsxaMaw%7E5F2Xt6VI-jK3lDY7WQrRpYjTCJkHB8uafwfcf7qstDk-veQRrMOSSi-WgZaOI8le0uvRkQ%7E1uXO1W9VUTt9%7EdbyINIKyn9l76xB9UaZ87W3kX2DejsDoGZTea3V2AK1lfy%7ESJDLTAeAa7m4zAjc6Afho-Dyk6NekQWTDIVrQT%7EfmV-9OmZIyEL3q6MgLIUieBpwh6xR3TyS7d-7LhXoX7gBYvmoD9mI4%7EXS35wLLL4v2BGg__&Key-Pair-Id=KVTP0A1DKRTAX: HTTPSConnectionPool(host='cdn-lfs.huggingface.co', port=443): Read timed out.
Trying to resume download...



pytorch_model.bin:  53%|â–ˆâ–ˆâ–ˆâ–ˆâ–ˆâ–ˆâ–ˆâ–ˆâ–ˆâ–ˆâ–ˆâ–ˆâ–ˆâ–ˆâ–ˆâ–ˆâ–ˆâ–ˆâ–ˆâ–ˆâ–ˆâ–ˆâ–ˆâ–ˆâ–ˆâ–ˆâ–ˆâ–ˆâ–ˆâ–ˆâ–ˆâ–ˆâ–                            | 231M/438M [00:00<?, ?B/s][A[A[AError while downloading from https://cdn-lfs.huggingface.co/facebook/dpr-question_encoder-multiset-base/62f6c3a9b8076b88647c9d75c359c1182bd75d3aab7fc7299dad59690919e06f?response-content-disposition=attachment%3B+filename*%3DUTF-8%27%27pytorch_model.bin%3B+filename%3D%22pytorch_model.bin%22%3B&response-content-type=application%2Foctet-stream&Expires=1701615863&Policy=eyJTdGF0ZW1lbnQiOlt7IkNvbmRpdGlvbiI6eyJEYXRlTGVzc1RoYW4iOnsiQVdTOkVwb2NoVGltZSI6MTcwMTYxNTg2M319LCJSZXNvdXJjZSI6Imh0dHBzOi8vY2RuLWxmcy5odWdnaW5nZmFjZS5jby9mYWNlYm9vay9kcHItcXVlc3Rpb25fZW5jb2Rlci1tdWx0aXNldC1iYXNlLzYyZjZjM2E5YjgwNzZiODg2NDdjOWQ3NWMzNTljMTE4MmJkNzVkM2FhYjdmYzcyOTlkYWQ1OTY5MDkxOWUwNmY%7EcmVzcG9uc2UtY29udGVudC1kaXNwb3NpdGlvbj0qJnJlc3BvbnNlLWNvbnRlbnQtdHlwZT0qIn1dfQ__&Signature=pfSMMpGhjpN%7EDSWkiYMv30982KhJJhfXsaKlnEtS8A8iOVOPCbPeI4g1298bWFXAS-c2Er07PABq1xL5ynFziGzU6Ziivz%7EhsxaMaw%7E5F2Xt6VI-jK3lDY7WQrRpYjTCJkHB8uafwfcf7qstDk-veQRrMOSSi-WgZaOI8le0uvRkQ%7E1uXO1W9VUTt9%7EdbyINIKyn9l76xB9UaZ87W3kX2DejsDoGZTea3V2AK1lfy%7ESJDLTAeAa7m4zAjc6Afho-Dyk6NekQWTDIVrQT%7EfmV-9OmZIyEL3q6MgLIUieBpwh6xR3TyS7d-7LhXoX7gBYvmoD9mI4%7EXS35wLLL4v2BGg__&Key-Pair-Id=KVTP0A1DKRTAX: HTTPSConnectionPool(host='cdn-lfs.huggingface.co', port=443): Read timed out.
Trying to resume download...




pytorch_model.bin:  53%|â–ˆâ–ˆâ–ˆâ–ˆâ–ˆâ–ˆâ–ˆâ–ˆâ–ˆâ–ˆâ–ˆâ–ˆâ–ˆâ–ˆâ–ˆâ–ˆâ–ˆâ–ˆâ–ˆâ–ˆâ–ˆâ–ˆâ–ˆâ–ˆâ–ˆâ–ˆâ–ˆâ–ˆâ–ˆâ–ˆâ–ˆâ–ˆâ–                            | 231M/438M [00:00<?, ?B/s][A[A[A[AError while downloading from https://cdn-lfs.huggingface.co/facebook/dpr-question_encoder-multiset-base/62f6c3a9b8076b88647c9d75c359c1182bd75d3aab7fc7299dad59690919e06f?response-content-disposition=attachment%3B+filename*%3DUTF-8%27%27pytorch_model.bin%3B+filename%3D%22pytorch_model.bin%22%3B&response-content-type=application%2Foctet-stream&Expires=1701615863&Policy=eyJTdGF0ZW1lbnQiOlt7IkNvbmRpdGlvbiI6eyJEYXRlTGVzc1RoYW4iOnsiQVdTOkVwb2NoVGltZSI6MTcwMTYxNTg2M319LCJSZXNvdXJjZSI6Imh0dHBzOi8vY2RuLWxmcy5odWdnaW5nZmFjZS5jby9mYWNlYm9vay9kcHItcXVlc3Rpb25fZW5jb2Rlci1tdWx0aXNldC1iYXNlLzYyZjZjM2E5YjgwNzZiODg2NDdjOWQ3NWMzNTljMTE4MmJkNzVkM2FhYjdmYzcyOTlkYWQ1OTY5MDkxOWUwNmY%7EcmVzcG9uc2UtY29udGVudC1kaXNwb3NpdGlvbj0qJnJlc3BvbnNlLWNvbnRlbnQtdHlwZT0qIn1dfQ__&Signature=pfSMMpGhjpN%7EDSWkiYMv30982KhJJhfXsaKlnEtS8A8iOVOPCbPeI4g1298bWFXAS-c2Er07PABq1xL5ynFziGzU6Ziivz%7EhsxaMaw%7E5F2Xt6VI-jK3lDY7WQrRpYjTCJkHB8uafwfcf7qstDk-veQRrMOSSi-WgZaOI8le0uvRkQ%7E1uXO1W9VUTt9%7EdbyINIKyn9l76xB9UaZ87W3kX2DejsDoGZTea3V2AK1lfy%7ESJDLTAeAa7m4zAjc6Afho-Dyk6NekQWTDIVrQT%7EfmV-9OmZIyEL3q6MgLIUieBpwh6xR3TyS7d-7LhXoX7gBYvmoD9mI4%7EXS35wLLL4v2BGg__&Key-Pair-Id=KVTP0A1DKRTAX: HTTPSConnectionPool(host='cdn-lfs.huggingface.co', port=443): Read timed out.
Trying to resume download...





pytorch_model.bin:  53%|â–ˆâ–ˆâ–ˆâ–ˆâ–ˆâ–ˆâ–ˆâ–ˆâ–ˆâ–ˆâ–ˆâ–ˆâ–ˆâ–ˆâ–ˆâ–ˆâ–ˆâ–ˆâ–ˆâ–ˆâ–ˆâ–ˆâ–ˆâ–ˆâ–ˆâ–ˆâ–ˆâ–ˆâ–ˆâ–ˆâ–ˆâ–ˆâ–                            | 231M/438M [00:00<?, ?B/s][A[A[A[A[AError while downloading from https://cdn-lfs.huggingface.co/facebook/dpr-question_encoder-multiset-base/62f6c3a9b8076b88647c9d75c359c1182bd75d3aab7fc7299dad59690919e06f?response-content-disposition=attachment%3B+filename*%3DUTF-8%27%27pytorch_model.bin%3B+filename%3D%22pytorch_model.bin%22%3B&response-content-type=application%2Foctet-stream&Expires=1701615863&Policy=eyJTdGF0ZW1lbnQiOlt7IkNvbmRpdGlvbiI6eyJEYXRlTGVzc1RoYW4iOnsiQVdTOkVwb2NoVGltZSI6MTcwMTYxNTg2M319LCJSZXNvdXJjZSI6Imh0dHBzOi8vY2RuLWxmcy5odWdnaW5nZmFjZS5jby9mYWNlYm9vay9kcHItcXVlc3Rpb25fZW5jb2Rlci1tdWx0aXNldC1iYXNlLzYyZjZjM2E5YjgwNzZiODg2NDdjOWQ3NWMzNTljMTE4MmJkNzVkM2FhYjdmYzcyOTlkYWQ1OTY5MDkxOWUwNmY%7EcmVzcG9uc2UtY29udGVudC1kaXNwb3NpdGlvbj0qJnJlc3BvbnNlLWNvbnRlbnQtdHlwZT0qIn1dfQ__&Signature=pfSMMpGhjpN%7EDSWkiYMv30982KhJJhfXsaKlnEtS8A8iOVOPCbPeI4g1298bWFXAS-c2Er07PABq1xL5ynFziGzU6Ziivz%7EhsxaMaw%7E5F2Xt6VI-jK3lDY7WQrRpYjTCJkHB8uafwfcf7qstDk-veQRrMOSSi-WgZaOI8le0uvRkQ%7E1uXO1W9VUTt9%7EdbyINIKyn9l76xB9UaZ87W3kX2DejsDoGZTea3V2AK1lfy%7ESJDLTAeAa7m4zAjc6Afho-Dyk6NekQWTDIVrQT%7EfmV-9OmZIyEL3q6MgLIUieBpwh6xR3TyS7d-7LhXoX7gBYvmoD9mI4%7EXS35wLLL4v2BGg__&Key-Pair-Id=KVTP0A1DKRTAX: HTTPSConnectionPool(host='cdn-lfs.huggingface.co', port=443): Read timed out.
Max retries exceeded.
pytorch_model.bin:  53%|â–ˆâ–ˆâ–ˆâ–ˆâ–ˆâ–ˆâ–ˆâ–ˆâ–ˆâ–ˆâ–ˆâ–ˆâ–ˆâ–ˆâ–ˆâ–ˆâ–ˆâ–ˆâ–ˆâ–ˆâ–ˆâ–ˆâ–ˆâ–ˆâ–ˆâ–ˆâ–ˆâ–ˆâ–ˆâ–ˆâ–ˆâ–ˆâ–                            | 231M/438M [00:10<?, ?B/s]
pytorch_model.bin:  53%|â–ˆâ–ˆâ–ˆâ–ˆâ–ˆâ–ˆâ–ˆâ–ˆâ–ˆâ–ˆâ–ˆâ–ˆâ–ˆâ–ˆâ–ˆâ–ˆâ–ˆâ–ˆâ–ˆâ–ˆâ–ˆâ–ˆâ–ˆâ–ˆâ–ˆâ–ˆâ–ˆâ–ˆâ–ˆâ–ˆâ–ˆâ–ˆâ–                            | 231M/438M [00:23<?, ?B/s]
pytorch_model.bin:  53%|â–ˆâ–ˆâ–ˆâ–ˆâ–ˆâ–ˆâ–ˆâ–ˆâ–ˆâ–ˆâ–ˆâ–ˆâ–ˆâ–ˆâ–ˆâ–ˆâ–ˆâ–ˆâ–ˆâ–ˆâ–ˆâ–ˆâ–ˆâ–ˆâ–ˆâ–ˆâ–ˆâ–ˆâ–ˆâ–ˆâ–ˆâ–ˆâ–                            | 231M/438M [00:36<?, ?B/s]
pytorch_model.bin:  53%|â–ˆâ–ˆâ–ˆâ–ˆâ–ˆâ–ˆâ–ˆâ–ˆâ–ˆâ–ˆâ–ˆâ–ˆâ–ˆâ–ˆâ–ˆâ–ˆâ–ˆâ–ˆâ–ˆâ–ˆâ–ˆâ–ˆâ–ˆâ–ˆâ–ˆâ–ˆâ–ˆâ–ˆâ–ˆâ–ˆâ–ˆâ–ˆâ–                            | 231M/438M [00:49<?, ?B/s]
pytorch_model.bin:  53%|â–ˆâ–ˆâ–ˆâ–ˆâ–ˆâ–ˆâ–ˆâ–ˆâ–ˆâ–ˆâ–ˆâ–ˆâ–ˆâ–ˆâ–ˆâ–ˆâ–ˆâ–ˆâ–ˆâ–ˆâ–ˆâ–ˆâ–ˆâ–ˆâ–ˆâ–ˆâ–ˆâ–ˆâ–ˆâ–ˆâ–ˆâ–ˆâ–                            | 231M/438M [01:02<?, ?B/s]
pytorch_model.bin:  53%|â–ˆâ–ˆâ–ˆâ–ˆâ–ˆâ–ˆâ–ˆâ–ˆâ–ˆâ–ˆâ–ˆâ–ˆâ–ˆâ–ˆâ–ˆâ–ˆâ–ˆâ–ˆâ–ˆâ–ˆâ–ˆâ–ˆâ–ˆâ–ˆâ–ˆâ–ˆâ–ˆâ–‰                         | 231M/438M [03:39<03:17, 1.05MB/s]
Traceback (most recent call last):
  File "/root/autodl-tmp/conda-envs/py38/lib/python3.8/site-packages/urllib3/response.py", line 444, in _error_catcher
    yield
  File "/root/autodl-tmp/conda-envs/py38/lib/python3.8/site-packages/urllib3/response.py", line 567, in read
    data = self._fp_read(amt) if not fp_closed else b""
  File "/root/autodl-tmp/conda-envs/py38/lib/python3.8/site-packages/urllib3/response.py", line 533, in _fp_read
    return self._fp.read(amt) if amt is not None else self._fp.read()
  File "/root/autodl-tmp/conda-envs/py38/lib/python3.8/http/client.py", line 459, in read
    n = self.readinto(b)
  File "/root/autodl-tmp/conda-envs/py38/lib/python3.8/http/client.py", line 503, in readinto
    n = self.fp.readinto(b)
  File "/root/autodl-tmp/conda-envs/py38/lib/python3.8/socket.py", line 669, in readinto
    return self._sock.recv_into(b)
  File "/root/autodl-tmp/conda-envs/py38/lib/python3.8/ssl.py", line 1274, in recv_into
    return self.read(nbytes, buffer)
  File "/root/autodl-tmp/conda-envs/py38/lib/python3.8/ssl.py", line 1132, in read
    return self._sslobj.read(len, buffer)
socket.timeout: The read operation timed out

During handling of the above exception, another exception occurred:

Traceback (most recent call last):
  File "/root/autodl-tmp/conda-envs/py38/lib/python3.8/site-packages/requests/models.py", line 816, in generate
    yield from self.raw.stream(chunk_size, decode_content=True)
  File "/root/autodl-tmp/conda-envs/py38/lib/python3.8/site-packages/urllib3/response.py", line 628, in stream
    data = self.read(amt=amt, decode_content=decode_content)
  File "/root/autodl-tmp/conda-envs/py38/lib/python3.8/site-packages/urllib3/response.py", line 593, in read
    raise IncompleteRead(self._fp_bytes_read, self.length_remaining)
  File "/root/autodl-tmp/conda-envs/py38/lib/python3.8/contextlib.py", line 131, in __exit__
    self.gen.throw(type, value, traceback)
  File "/root/autodl-tmp/conda-envs/py38/lib/python3.8/site-packages/urllib3/response.py", line 449, in _error_catcher
    raise ReadTimeoutError(self._pool, None, "Read timed out.")
urllib3.exceptions.ReadTimeoutError: HTTPSConnectionPool(host='cdn-lfs.huggingface.co', port=443): Read timed out.

During handling of the above exception, another exception occurred:

Traceback (most recent call last):
  File "/root/autodl-tmp/conda-envs/py38/lib/python3.8/site-packages/huggingface_hub/file_download.py", line 541, in http_get
    for chunk in r.iter_content(chunk_size=DOWNLOAD_CHUNK_SIZE):
  File "/root/autodl-tmp/conda-envs/py38/lib/python3.8/site-packages/requests/models.py", line 822, in generate
    raise ConnectionError(e)
requests.exceptions.ConnectionError: HTTPSConnectionPool(host='cdn-lfs.huggingface.co', port=443): Read timed out.

During handling of the above exception, another exception occurred:

Traceback (most recent call last):
  File "/root/autodl-tmp/conda-envs/py38/lib/python3.8/site-packages/urllib3/response.py", line 444, in _error_catcher
    yield
  File "/root/autodl-tmp/conda-envs/py38/lib/python3.8/site-packages/urllib3/response.py", line 567, in read
    data = self._fp_read(amt) if not fp_closed else b""
  File "/root/autodl-tmp/conda-envs/py38/lib/python3.8/site-packages/urllib3/response.py", line 533, in _fp_read
    return self._fp.read(amt) if amt is not None else self._fp.read()
  File "/root/autodl-tmp/conda-envs/py38/lib/python3.8/http/client.py", line 459, in read
    n = self.readinto(b)
  File "/root/autodl-tmp/conda-envs/py38/lib/python3.8/http/client.py", line 503, in readinto
    n = self.fp.readinto(b)
  File "/root/autodl-tmp/conda-envs/py38/lib/python3.8/socket.py", line 669, in readinto
    return self._sock.recv_into(b)
  File "/root/autodl-tmp/conda-envs/py38/lib/python3.8/ssl.py", line 1274, in recv_into
    return self.read(nbytes, buffer)
  File "/root/autodl-tmp/conda-envs/py38/lib/python3.8/ssl.py", line 1132, in read
    return self._sslobj.read(len, buffer)
socket.timeout: The read operation timed out

During handling of the above exception, another exception occurred:

Traceback (most recent call last):
  File "/root/autodl-tmp/conda-envs/py38/lib/python3.8/site-packages/requests/models.py", line 816, in generate
    yield from self.raw.stream(chunk_size, decode_content=True)
  File "/root/autodl-tmp/conda-envs/py38/lib/python3.8/site-packages/urllib3/response.py", line 628, in stream
    data = self.read(amt=amt, decode_content=decode_content)
  File "/root/autodl-tmp/conda-envs/py38/lib/python3.8/site-packages/urllib3/response.py", line 593, in read
    raise IncompleteRead(self._fp_bytes_read, self.length_remaining)
  File "/root/autodl-tmp/conda-envs/py38/lib/python3.8/contextlib.py", line 131, in __exit__
    self.gen.throw(type, value, traceback)
  File "/root/autodl-tmp/conda-envs/py38/lib/python3.8/site-packages/urllib3/response.py", line 449, in _error_catcher
    raise ReadTimeoutError(self._pool, None, "Read timed out.")
urllib3.exceptions.ReadTimeoutError: HTTPSConnectionPool(host='cdn-lfs.huggingface.co', port=443): Read timed out.

During handling of the above exception, another exception occurred:

Traceback (most recent call last):
  File "/root/autodl-tmp/conda-envs/py38/lib/python3.8/site-packages/huggingface_hub/file_download.py", line 541, in http_get
    for chunk in r.iter_content(chunk_size=DOWNLOAD_CHUNK_SIZE):
  File "/root/autodl-tmp/conda-envs/py38/lib/python3.8/site-packages/requests/models.py", line 822, in generate
    raise ConnectionError(e)
requests.exceptions.ConnectionError: HTTPSConnectionPool(host='cdn-lfs.huggingface.co', port=443): Read timed out.

During handling of the above exception, another exception occurred:

Traceback (most recent call last):
  File "/root/autodl-tmp/conda-envs/py38/lib/python3.8/site-packages/urllib3/response.py", line 444, in _error_catcher
    yield
  File "/root/autodl-tmp/conda-envs/py38/lib/python3.8/site-packages/urllib3/response.py", line 567, in read
    data = self._fp_read(amt) if not fp_closed else b""
  File "/root/autodl-tmp/conda-envs/py38/lib/python3.8/site-packages/urllib3/response.py", line 533, in _fp_read
    return self._fp.read(amt) if amt is not None else self._fp.read()
  File "/root/autodl-tmp/conda-envs/py38/lib/python3.8/http/client.py", line 459, in read
    n = self.readinto(b)
  File "/root/autodl-tmp/conda-envs/py38/lib/python3.8/http/client.py", line 503, in readinto
    n = self.fp.readinto(b)
  File "/root/autodl-tmp/conda-envs/py38/lib/python3.8/socket.py", line 669, in readinto
    return self._sock.recv_into(b)
  File "/root/autodl-tmp/conda-envs/py38/lib/python3.8/ssl.py", line 1274, in recv_into
    return self.read(nbytes, buffer)
  File "/root/autodl-tmp/conda-envs/py38/lib/python3.8/ssl.py", line 1132, in read
    return self._sslobj.read(len, buffer)
socket.timeout: The read operation timed out

During handling of the above exception, another exception occurred:

Traceback (most recent call last):
  File "/root/autodl-tmp/conda-envs/py38/lib/python3.8/site-packages/requests/models.py", line 816, in generate
    yield from self.raw.stream(chunk_size, decode_content=True)
  File "/root/autodl-tmp/conda-envs/py38/lib/python3.8/site-packages/urllib3/response.py", line 628, in stream
    data = self.read(amt=amt, decode_content=decode_content)
  File "/root/autodl-tmp/conda-envs/py38/lib/python3.8/site-packages/urllib3/response.py", line 593, in read
    raise IncompleteRead(self._fp_bytes_read, self.length_remaining)
  File "/root/autodl-tmp/conda-envs/py38/lib/python3.8/contextlib.py", line 131, in __exit__
    self.gen.throw(type, value, traceback)
  File "/root/autodl-tmp/conda-envs/py38/lib/python3.8/site-packages/urllib3/response.py", line 449, in _error_catcher
    raise ReadTimeoutError(self._pool, None, "Read timed out.")
urllib3.exceptions.ReadTimeoutError: HTTPSConnectionPool(host='cdn-lfs.huggingface.co', port=443): Read timed out.

During handling of the above exception, another exception occurred:

Traceback (most recent call last):
  File "/root/autodl-tmp/conda-envs/py38/lib/python3.8/site-packages/huggingface_hub/file_download.py", line 541, in http_get
    for chunk in r.iter_content(chunk_size=DOWNLOAD_CHUNK_SIZE):
  File "/root/autodl-tmp/conda-envs/py38/lib/python3.8/site-packages/requests/models.py", line 822, in generate
    raise ConnectionError(e)
requests.exceptions.ConnectionError: HTTPSConnectionPool(host='cdn-lfs.huggingface.co', port=443): Read timed out.

During handling of the above exception, another exception occurred:

Traceback (most recent call last):
  File "/root/autodl-tmp/conda-envs/py38/lib/python3.8/site-packages/urllib3/response.py", line 444, in _error_catcher
    yield
  File "/root/autodl-tmp/conda-envs/py38/lib/python3.8/site-packages/urllib3/response.py", line 567, in read
    data = self._fp_read(amt) if not fp_closed else b""
  File "/root/autodl-tmp/conda-envs/py38/lib/python3.8/site-packages/urllib3/response.py", line 533, in _fp_read
    return self._fp.read(amt) if amt is not None else self._fp.read()
  File "/root/autodl-tmp/conda-envs/py38/lib/python3.8/http/client.py", line 459, in read
    n = self.readinto(b)
  File "/root/autodl-tmp/conda-envs/py38/lib/python3.8/http/client.py", line 503, in readinto
    n = self.fp.readinto(b)
  File "/root/autodl-tmp/conda-envs/py38/lib/python3.8/socket.py", line 669, in readinto
    return self._sock.recv_into(b)
  File "/root/autodl-tmp/conda-envs/py38/lib/python3.8/ssl.py", line 1274, in recv_into
    return self.read(nbytes, buffer)
  File "/root/autodl-tmp/conda-envs/py38/lib/python3.8/ssl.py", line 1132, in read
    return self._sslobj.read(len, buffer)
socket.timeout: The read operation timed out

During handling of the above exception, another exception occurred:

Traceback (most recent call last):
  File "/root/autodl-tmp/conda-envs/py38/lib/python3.8/site-packages/requests/models.py", line 816, in generate
    yield from self.raw.stream(chunk_size, decode_content=True)
  File "/root/autodl-tmp/conda-envs/py38/lib/python3.8/site-packages/urllib3/response.py", line 628, in stream
    data = self.read(amt=amt, decode_content=decode_content)
  File "/root/autodl-tmp/conda-envs/py38/lib/python3.8/site-packages/urllib3/response.py", line 593, in read
    raise IncompleteRead(self._fp_bytes_read, self.length_remaining)
  File "/root/autodl-tmp/conda-envs/py38/lib/python3.8/contextlib.py", line 131, in __exit__
    self.gen.throw(type, value, traceback)
  File "/root/autodl-tmp/conda-envs/py38/lib/python3.8/site-packages/urllib3/response.py", line 449, in _error_catcher
    raise ReadTimeoutError(self._pool, None, "Read timed out.")
urllib3.exceptions.ReadTimeoutError: HTTPSConnectionPool(host='cdn-lfs.huggingface.co', port=443): Read timed out.

During handling of the above exception, another exception occurred:

Traceback (most recent call last):
  File "/root/autodl-tmp/conda-envs/py38/lib/python3.8/site-packages/huggingface_hub/file_download.py", line 541, in http_get
    for chunk in r.iter_content(chunk_size=DOWNLOAD_CHUNK_SIZE):
  File "/root/autodl-tmp/conda-envs/py38/lib/python3.8/site-packages/requests/models.py", line 822, in generate
    raise ConnectionError(e)
requests.exceptions.ConnectionError: HTTPSConnectionPool(host='cdn-lfs.huggingface.co', port=443): Read timed out.

During handling of the above exception, another exception occurred:

Traceback (most recent call last):
  File "/root/autodl-tmp/conda-envs/py38/lib/python3.8/site-packages/urllib3/response.py", line 444, in _error_catcher
    yield
  File "/root/autodl-tmp/conda-envs/py38/lib/python3.8/site-packages/urllib3/response.py", line 567, in read
    data = self._fp_read(amt) if not fp_closed else b""
  File "/root/autodl-tmp/conda-envs/py38/lib/python3.8/site-packages/urllib3/response.py", line 533, in _fp_read
    return self._fp.read(amt) if amt is not None else self._fp.read()
  File "/root/autodl-tmp/conda-envs/py38/lib/python3.8/http/client.py", line 459, in read
    n = self.readinto(b)
  File "/root/autodl-tmp/conda-envs/py38/lib/python3.8/http/client.py", line 503, in readinto
    n = self.fp.readinto(b)
  File "/root/autodl-tmp/conda-envs/py38/lib/python3.8/socket.py", line 669, in readinto
    return self._sock.recv_into(b)
  File "/root/autodl-tmp/conda-envs/py38/lib/python3.8/ssl.py", line 1274, in recv_into
    return self.read(nbytes, buffer)
  File "/root/autodl-tmp/conda-envs/py38/lib/python3.8/ssl.py", line 1132, in read
    return self._sslobj.read(len, buffer)
socket.timeout: The read operation timed out

During handling of the above exception, another exception occurred:

Traceback (most recent call last):
  File "/root/autodl-tmp/conda-envs/py38/lib/python3.8/site-packages/requests/models.py", line 816, in generate
    yield from self.raw.stream(chunk_size, decode_content=True)
  File "/root/autodl-tmp/conda-envs/py38/lib/python3.8/site-packages/urllib3/response.py", line 628, in stream
    data = self.read(amt=amt, decode_content=decode_content)
  File "/root/autodl-tmp/conda-envs/py38/lib/python3.8/site-packages/urllib3/response.py", line 593, in read
    raise IncompleteRead(self._fp_bytes_read, self.length_remaining)
  File "/root/autodl-tmp/conda-envs/py38/lib/python3.8/contextlib.py", line 131, in __exit__
    self.gen.throw(type, value, traceback)
  File "/root/autodl-tmp/conda-envs/py38/lib/python3.8/site-packages/urllib3/response.py", line 449, in _error_catcher
    raise ReadTimeoutError(self._pool, None, "Read timed out.")
urllib3.exceptions.ReadTimeoutError: HTTPSConnectionPool(host='cdn-lfs.huggingface.co', port=443): Read timed out.

During handling of the above exception, another exception occurred:

Traceback (most recent call last):
  File "/root/autodl-tmp/conda-envs/py38/lib/python3.8/site-packages/huggingface_hub/file_download.py", line 541, in http_get
    for chunk in r.iter_content(chunk_size=DOWNLOAD_CHUNK_SIZE):
  File "/root/autodl-tmp/conda-envs/py38/lib/python3.8/site-packages/requests/models.py", line 822, in generate
    raise ConnectionError(e)
requests.exceptions.ConnectionError: HTTPSConnectionPool(host='cdn-lfs.huggingface.co', port=443): Read timed out.

During handling of the above exception, another exception occurred:

Traceback (most recent call last):
  File "/root/autodl-tmp/conda-envs/py38/lib/python3.8/site-packages/urllib3/response.py", line 444, in _error_catcher
    yield
  File "/root/autodl-tmp/conda-envs/py38/lib/python3.8/site-packages/urllib3/response.py", line 567, in read
    data = self._fp_read(amt) if not fp_closed else b""
  File "/root/autodl-tmp/conda-envs/py38/lib/python3.8/site-packages/urllib3/response.py", line 533, in _fp_read
    return self._fp.read(amt) if amt is not None else self._fp.read()
  File "/root/autodl-tmp/conda-envs/py38/lib/python3.8/http/client.py", line 459, in read
    n = self.readinto(b)
  File "/root/autodl-tmp/conda-envs/py38/lib/python3.8/http/client.py", line 503, in readinto
    n = self.fp.readinto(b)
  File "/root/autodl-tmp/conda-envs/py38/lib/python3.8/socket.py", line 669, in readinto
    return self._sock.recv_into(b)
  File "/root/autodl-tmp/conda-envs/py38/lib/python3.8/ssl.py", line 1274, in recv_into
    return self.read(nbytes, buffer)
  File "/root/autodl-tmp/conda-envs/py38/lib/python3.8/ssl.py", line 1132, in read
    return self._sslobj.read(len, buffer)
socket.timeout: The read operation timed out

During handling of the above exception, another exception occurred:

Traceback (most recent call last):
  File "/root/autodl-tmp/conda-envs/py38/lib/python3.8/site-packages/requests/models.py", line 816, in generate
    yield from self.raw.stream(chunk_size, decode_content=True)
  File "/root/autodl-tmp/conda-envs/py38/lib/python3.8/site-packages/urllib3/response.py", line 628, in stream
    data = self.read(amt=amt, decode_content=decode_content)
  File "/root/autodl-tmp/conda-envs/py38/lib/python3.8/site-packages/urllib3/response.py", line 593, in read
    raise IncompleteRead(self._fp_bytes_read, self.length_remaining)
  File "/root/autodl-tmp/conda-envs/py38/lib/python3.8/contextlib.py", line 131, in __exit__
    self.gen.throw(type, value, traceback)
  File "/root/autodl-tmp/conda-envs/py38/lib/python3.8/site-packages/urllib3/response.py", line 449, in _error_catcher
    raise ReadTimeoutError(self._pool, None, "Read timed out.")
urllib3.exceptions.ReadTimeoutError: HTTPSConnectionPool(host='cdn-lfs.huggingface.co', port=443): Read timed out.

During handling of the above exception, another exception occurred:

Traceback (most recent call last):
  File "./f00825_generate_question_embedding.py", line 62, in <module>
    print(test_generate_question_embedding())
  File "./f00825_generate_question_embedding.py", line 43, in test_generate_question_embedding
    embedding = generate_question_embedding(question)
  File "./f00825_generate_question_embedding.py", line 21, in generate_question_embedding
    model = DPRQuestionEncoder.from_pretrained("facebook/dpr-question_encoder-multiset-base")
  File "/root/autodl-tmp/conda-envs/py38/lib/python3.8/site-packages/transformers/modeling_utils.py", line 3057, in from_pretrained
    resolved_archive_file = cached_file(
  File "/root/autodl-tmp/conda-envs/py38/lib/python3.8/site-packages/transformers/utils/hub.py", line 430, in cached_file
    resolved_file = hf_hub_download(
  File "/root/autodl-tmp/conda-envs/py38/lib/python3.8/site-packages/huggingface_hub/utils/_validators.py", line 118, in _inner_fn
    return fn(*args, **kwargs)
  File "/root/autodl-tmp/conda-envs/py38/lib/python3.8/site-packages/huggingface_hub/file_download.py", line 1461, in hf_hub_download
    http_get(
  File "/root/autodl-tmp/conda-envs/py38/lib/python3.8/site-packages/huggingface_hub/file_download.py", line 558, in http_get
    return http_get(
  File "/root/autodl-tmp/conda-envs/py38/lib/python3.8/site-packages/huggingface_hub/file_download.py", line 558, in http_get
    return http_get(
  File "/root/autodl-tmp/conda-envs/py38/lib/python3.8/site-packages/huggingface_hub/file_download.py", line 558, in http_get
    return http_get(
  [Previous line repeated 2 more times]
  File "/root/autodl-tmp/conda-envs/py38/lib/python3.8/site-packages/huggingface_hub/file_download.py", line 541, in http_get
    for chunk in r.iter_content(chunk_size=DOWNLOAD_CHUNK_SIZE):
  File "/root/autodl-tmp/conda-envs/py38/lib/python3.8/site-packages/requests/models.py", line 822, in generate
    raise ConnectionError(e)
requests.exceptions.ConnectionError: HTTPSConnectionPool(host='cdn-lfs.huggingface.co', port=443): Read timed out.
