/root/autodl-tmp/conda-envs/py38/lib/python3.8/site-packages/huggingface_hub/utils/_runtime.py:184: UserWarning: Pydantic is installed but cannot be imported. Please check your installation. `huggingface_hub` will default to not using Pydantic. Error message: '{e}'
  warnings.warn(

                   from  n    params  module                                       arguments                     
  0                  -1  1       464  ultralytics.nn.modules.Conv                  [3, 16, 3, 2]                 
  1                  -1  1      4672  ultralytics.nn.modules.Conv                  [16, 32, 3, 2]                
  2                  -1  1      7360  ultralytics.nn.modules.C2f                   [32, 32, 1, True]             
  3                  -1  1     18560  ultralytics.nn.modules.Conv                  [32, 64, 3, 2]                
  4                  -1  2     49664  ultralytics.nn.modules.C2f                   [64, 64, 2, True]             
  5                  -1  1     73984  ultralytics.nn.modules.Conv                  [64, 128, 3, 2]               
  6                  -1  2    197632  ultralytics.nn.modules.C2f                   [128, 128, 2, True]           
  7                  -1  1    295424  ultralytics.nn.modules.Conv                  [128, 256, 3, 2]              
  8                  -1  1    460288  ultralytics.nn.modules.C2f                   [256, 256, 1, True]           
  9                  -1  1    164608  ultralytics.nn.modules.SPPF                  [256, 256, 5]                 
 10                  -1  1         0  torch.nn.modules.upsampling.Upsample         [None, 2, 'nearest']          
 11             [-1, 6]  1         0  ultralytics.nn.modules.Concat                [1]                           
 12                  -1  1    148224  ultralytics.nn.modules.C2f                   [384, 128, 1]                 
 13                  -1  1         0  torch.nn.modules.upsampling.Upsample         [None, 2, 'nearest']          
 14             [-1, 4]  1         0  ultralytics.nn.modules.Concat                [1]                           
 15                  -1  1     37248  ultralytics.nn.modules.C2f                   [192, 64, 1]                  
 16                  -1  1     36992  ultralytics.nn.modules.Conv                  [64, 64, 3, 2]                
 17            [-1, 12]  1         0  ultralytics.nn.modules.Concat                [1]                           
 18                  -1  1    123648  ultralytics.nn.modules.C2f                   [192, 128, 1]                 
 19                  -1  1    147712  ultralytics.nn.modules.Conv                  [128, 128, 3, 2]              
 20             [-1, 9]  1         0  ultralytics.nn.modules.Concat                [1]                           
 21                  -1  1    493056  ultralytics.nn.modules.C2f                   [384, 256, 1]                 
 22        [15, 18, 21]  1    897664  ultralytics.nn.modules.Detect                [80, [64, 128, 256]]          
YOLOv8n summary: 225 layers, 3157200 parameters, 3157184 gradients, 8.9 GFLOPs

2023-11-30 23:59:05.785692: I tensorflow/core/platform/cpu_feature_guard.cc:182] This TensorFlow binary is optimized to use available CPU instructions in performance-critical operations.
To enable the following instructions: AVX2 FMA, in other operations, rebuild TensorFlow with the appropriate compiler flags.
2023-11-30 23:59:06.606584: W tensorflow/compiler/tf2tensorrt/utils/py_utils.cc:38] TF-TRT Warning: Could not find TensorRT
Ultralytics YOLOv8.0.21 ðŸš€ Python-3.8.18 torch-2.1.1+cu121 CUDA:0 (NVIDIA A40, 48504MiB)
YOLOv8n summary (fused): 168 layers, 3151904 parameters, 31920 gradients, 8.7 GFLOPs
Downloading https://github.com/ultralytics/yolov5/raw/master/data/images/zidane.jpg to zidane.jpg...
  0%|                                                                                | 0.00/165k [00:00<?, ?B/s] 10%|â–ˆâ–ˆâ–ˆâ–ˆâ–ˆâ–ˆâ–‰                                                                | 16.0k/165k [00:00<00:02, 69.1kB/s] 29%|â–ˆâ–ˆâ–ˆâ–ˆâ–ˆâ–ˆâ–ˆâ–ˆâ–ˆâ–ˆâ–ˆâ–ˆâ–ˆâ–ˆâ–ˆâ–ˆâ–ˆâ–ˆâ–ˆâ–ˆâ–‰                                                   | 48.0k/165k [00:00<00:00, 153kB/s] 44%|â–ˆâ–ˆâ–ˆâ–ˆâ–ˆâ–ˆâ–ˆâ–ˆâ–ˆâ–ˆâ–ˆâ–ˆâ–ˆâ–ˆâ–ˆâ–ˆâ–ˆâ–ˆâ–ˆâ–ˆâ–ˆâ–ˆâ–ˆâ–ˆâ–ˆâ–ˆâ–ˆâ–ˆâ–ˆâ–ˆâ–ˆâ–                                        | 72.0k/165k [00:00<00:00, 112kB/s] 68%|â–ˆâ–ˆâ–ˆâ–ˆâ–ˆâ–ˆâ–ˆâ–ˆâ–ˆâ–ˆâ–ˆâ–ˆâ–ˆâ–ˆâ–ˆâ–ˆâ–ˆâ–ˆâ–ˆâ–ˆâ–ˆâ–ˆâ–ˆâ–ˆâ–ˆâ–ˆâ–ˆâ–ˆâ–ˆâ–ˆâ–ˆâ–ˆâ–ˆâ–ˆâ–ˆâ–ˆâ–ˆâ–ˆâ–ˆâ–ˆâ–ˆâ–ˆâ–ˆâ–ˆâ–ˆâ–ˆâ–ˆâ–ˆâ–ˆâ–Œ                       | 112k/165k [00:00<00:00, 173kB/s]100%|â–ˆâ–ˆâ–ˆâ–ˆâ–ˆâ–ˆâ–ˆâ–ˆâ–ˆâ–ˆâ–ˆâ–ˆâ–ˆâ–ˆâ–ˆâ–ˆâ–ˆâ–ˆâ–ˆâ–ˆâ–ˆâ–ˆâ–ˆâ–ˆâ–ˆâ–ˆâ–ˆâ–ˆâ–ˆâ–ˆâ–ˆâ–ˆâ–ˆâ–ˆâ–ˆâ–ˆâ–ˆâ–ˆâ–ˆâ–ˆâ–ˆâ–ˆâ–ˆâ–ˆâ–ˆâ–ˆâ–ˆâ–ˆâ–ˆâ–ˆâ–ˆâ–ˆâ–ˆâ–ˆâ–ˆâ–ˆâ–ˆâ–ˆâ–ˆâ–ˆâ–ˆâ–ˆâ–ˆâ–ˆâ–ˆâ–ˆâ–ˆâ–ˆâ–ˆâ–ˆâ–ˆâ–ˆâ–ˆ| 165k/165k [00:00<00:00, 206kB/s]
image 1/1 /root/Research-0922/Exp-2/output/hf-eval-data-v3-reuslt-13b-eval/zidane.jpg: 384x640 91.3ms
Speed: 1.7ms pre-process, 91.3ms inference, 0.9ms postprocess per image at shape (1, 3, 640, 640)
Traceback (most recent call last):
  File "./f00846_detect_blood_cells.py", line 37, in <module>
    test_detect_blood_cells()
  File "./f00846_detect_blood_cells.py", line 30, in test_detect_blood_cells
    render = detect_blood_cells(image_path)
  File "./f00846_detect_blood_cells.py", line 21, in detect_blood_cells
    return render_result(yolo, result)
TypeError: render_result() missing 1 required positional argument: 'result'
Sentry is attempting to send 2 pending events
Waiting up to 2 seconds
Press Ctrl-C to quit
11/30/2023 23:59:16 - WARNING - urllib3.connectionpool -   Retrying (Retry(total=2, connect=None, read=None, redirect=None, status=None)) after connection broken by 'SSLError(SSLCertVerificationError(1, '[SSL: CERTIFICATE_VERIFY_FAILED] certificate verify failed: self-signed certificate in certificate chain (_ssl.c:1131)'))': /api/4504521592406016/envelope/
11/30/2023 23:59:17 - WARNING - urllib3.connectionpool -   Retrying (Retry(total=1, connect=None, read=None, redirect=None, status=None)) after connection broken by 'SSLError(SSLCertVerificationError(1, '[SSL: CERTIFICATE_VERIFY_FAILED] certificate verify failed: self-signed certificate in certificate chain (_ssl.c:1131)'))': /api/4504521592406016/envelope/
