Traceback (most recent call last):
  File "output/f00093_generate_python_code_test.py", line 17, in <module>
    test_generate_python_code()
  File "output/f00093_generate_python_code_test.py", line 15, in test_generate_python_code
    assert generate_python_code(processed_dataset) == expected_code
AssertionError
