Traceback (most recent call last):
  File "output/f00080_pad_sequences_test.py", line 19, in <module>
    assert pad_sequences(batch_sentences, padding=True) == expected_output
AssertionError
