Traceback (most recent call last):
  File "output/f00119_multiply_test.py", line 9, in <module>
    test_multiply()
  File "output/f00119_multiply_test.py", line 4, in test_multiply
    assert multiply([-1, 2, 3, -4]) == -24
AssertionError
