WARNING: Running pip as the 'root' user can result in broken permissions and conflicting behaviour with the system package manager. It is recommended to use a virtual environment instead: https://pip.pypa.io/warnings/venv
2023-12-17 16:00:49.194739: I tensorflow/core/platform/cpu_feature_guard.cc:182] This TensorFlow binary is optimized to use available CPU instructions in performance-critical operations.
To enable the following instructions: AVX2 FMA, in other operations, rebuild TensorFlow with the appropriate compiler flags.
2023-12-17 16:00:51.491068: W tensorflow/compiler/tf2tensorrt/utils/py_utils.cc:38] TF-TRT Warning: Could not find TensorRT
/root/autodl-tmp/conda-envs/py38/lib/python3.8/site-packages/huggingface_hub/utils/_runtime.py:184: UserWarning: Pydantic is installed but cannot be imported. Please check your installation. `huggingface_hub` will default to not using Pydantic. Error message: '{e}'
  warnings.warn(
Traceback (most recent call last):
  File "/root/autodl-tmp/conda-envs/py38/lib/python3.8/site-packages/huggingface_hub/utils/_errors.py", line 270, in hf_raise_for_status
    response.raise_for_status()
  File "/root/autodl-tmp/conda-envs/py38/lib/python3.8/site-packages/requests/models.py", line 1021, in raise_for_status
    raise HTTPError(http_error_msg, response=self)
requests.exceptions.HTTPError: 404 Client Error: Not Found for url: https://huggingface.co/ImRma/Brucelee/resolve/main/config.json

The above exception was the direct cause of the following exception:

Traceback (most recent call last):
  File "/root/autodl-tmp/conda-envs/py38/lib/python3.8/site-packages/transformers/utils/hub.py", line 389, in cached_file
    resolved_file = hf_hub_download(
  File "/root/autodl-tmp/conda-envs/py38/lib/python3.8/site-packages/huggingface_hub/utils/_validators.py", line 118, in _inner_fn
    return fn(*args, **kwargs)
  File "/root/autodl-tmp/conda-envs/py38/lib/python3.8/site-packages/huggingface_hub/file_download.py", line 1247, in hf_hub_download
    metadata = get_hf_file_metadata(
  File "/root/autodl-tmp/conda-envs/py38/lib/python3.8/site-packages/huggingface_hub/utils/_validators.py", line 118, in _inner_fn
    return fn(*args, **kwargs)
  File "/root/autodl-tmp/conda-envs/py38/lib/python3.8/site-packages/huggingface_hub/file_download.py", line 1624, in get_hf_file_metadata
    r = _request_wrapper(
  File "/root/autodl-tmp/conda-envs/py38/lib/python3.8/site-packages/huggingface_hub/file_download.py", line 402, in _request_wrapper
    response = _request_wrapper(
  File "/root/autodl-tmp/conda-envs/py38/lib/python3.8/site-packages/huggingface_hub/file_download.py", line 426, in _request_wrapper
    hf_raise_for_status(response)
  File "/root/autodl-tmp/conda-envs/py38/lib/python3.8/site-packages/huggingface_hub/utils/_errors.py", line 280, in hf_raise_for_status
    raise EntryNotFoundError(message, response) from e
huggingface_hub.utils._errors.EntryNotFoundError: 404 Client Error. (Request ID: Root=1-657eaab9-4a822fb511a683002dcac5a3;033ad327-770d-4694-a4b3-040e0ff56973)

Entry Not Found for url: https://huggingface.co/ImRma/Brucelee/resolve/main/config.json.

The above exception was the direct cause of the following exception:

Traceback (most recent call last):
  File "./f00009_generate_video_from_text.py", line 42, in test_generate_video_from_text
    result = generate_video_from_text(valid_text)
  File "./f00009_generate_video_from_text.py", line 31, in generate_video_from_text
    text_to_video = pipeline('text-to-video', model='ImRma/Brucelee')
  File "/root/autodl-tmp/conda-envs/py38/lib/python3.8/site-packages/transformers/pipelines/__init__.py", line 782, in pipeline
    config = AutoConfig.from_pretrained(
  File "/root/autodl-tmp/conda-envs/py38/lib/python3.8/site-packages/transformers/models/auto/configuration_auto.py", line 1082, in from_pretrained
    config_dict, unused_kwargs = PretrainedConfig.get_config_dict(pretrained_model_name_or_path, **kwargs)
  File "/root/autodl-tmp/conda-envs/py38/lib/python3.8/site-packages/transformers/configuration_utils.py", line 644, in get_config_dict
    config_dict, kwargs = cls._get_config_dict(pretrained_model_name_or_path, **kwargs)
  File "/root/autodl-tmp/conda-envs/py38/lib/python3.8/site-packages/transformers/configuration_utils.py", line 699, in _get_config_dict
    resolved_config_file = cached_file(
  File "/root/autodl-tmp/conda-envs/py38/lib/python3.8/site-packages/transformers/utils/hub.py", line 440, in cached_file
    raise EnvironmentError(
OSError: ImRma/Brucelee does not appear to have a file named config.json. Checkout 'https://huggingface.co/ImRma/Brucelee/main' for available files.

During handling of the above exception, another exception occurred:

Traceback (most recent call last):
  File "./f00009_generate_video_from_text.py", line 50, in <module>
    test_generate_video_from_text()
  File "./f00009_generate_video_from_text.py", line 45, in test_generate_video_from_text
    assert False, f"Test case [1/1] failed: {str(e)}"
AssertionError: Test case [1/1] failed: ImRma/Brucelee does not appear to have a file named config.json. Checkout 'https://huggingface.co/ImRma/Brucelee/main' for available files.
