Downloading (…)lve/main/config.json:   0%|                                                                           | 0.00/753 [00:00<?, ?B/s]Downloading (…)lve/main/config.json: 100%|████████████████████████████████████████████████████████████████████| 753/753 [00:00<00:00, 74.1kB/s]
Downloading model.safetensors:   0%|                                                                                | 0.00/977M [00:00<?, ?B/s]Downloading model.safetensors:   2%|█▌                                                                     | 21.0M/977M [00:00<00:36, 26.1MB/s]Downloading model.safetensors:   3%|██▎                                                                    | 31.5M/977M [00:01<00:41, 22.6MB/s]Downloading model.safetensors:   5%|███▊                                                                   | 52.4M/977M [00:01<00:22, 40.8MB/s]Downloading model.safetensors:   9%|██████                                                                 | 83.9M/977M [00:01<00:12, 74.2MB/s]Downloading model.safetensors:  12%|████████▌                                                                | 115M/977M [00:01<00:08, 107MB/s]Downloading model.safetensors:  15%|██████████▉                                                              | 147M/977M [00:01<00:06, 137MB/s]Downloading model.safetensors:  18%|█████████████▎                                                           | 178M/977M [00:02<00:04, 161MB/s]Downloading model.safetensors:  21%|███████████████▋                                                         | 210M/977M [00:02<00:04, 181MB/s]Downloading model.safetensors:  25%|██████████████████                                                       | 241M/977M [00:02<00:03, 205MB/s]Downloading model.safetensors:  28%|████████████████████▎                                                    | 273M/977M [00:02<00:03, 215MB/s]Downloading model.safetensors:  31%|██████████████████████▋                                                  | 304M/977M [00:02<00:02, 227MB/s]Downloading model.safetensors:  34%|█████████████████████████                                                | 336M/977M [00:02<00:02, 230MB/s]Downloading model.safetensors:  38%|███████████████████████████▍                                             | 367M/977M [00:02<00:02, 230MB/s]Downloading model.safetensors:  41%|█████████████████████████████▊                                           | 398M/977M [00:02<00:02, 231MB/s]Downloading model.safetensors:  44%|████████████████████████████████                                         | 430M/977M [00:03<00:02, 235MB/s]Downloading model.safetensors:  47%|██████████████████████████████████▍                                      | 461M/977M [00:03<00:02, 233MB/s]Downloading model.safetensors:  50%|████████████████████████████████████▊                                    | 493M/977M [00:03<00:02, 234MB/s]Downloading model.safetensors:  54%|███████████████████████████████████████▏                                 | 524M/977M [00:03<00:02, 225MB/s]Downloading model.safetensors:  57%|█████████████████████████████████████████▌                               | 556M/977M [00:03<00:01, 234MB/s]Downloading model.safetensors:  60%|███████████████████████████████████████████▊                             | 587M/977M [00:03<00:01, 233MB/s]Downloading model.safetensors:  63%|██████████████████████████████████████████████▏                          | 619M/977M [00:03<00:01, 231MB/s]Downloading model.safetensors:  67%|████████████████████████████████████████████████▌                        | 650M/977M [00:04<00:01, 234MB/s]Downloading model.safetensors:  70%|██████████████████████████████████████████████████▉                      | 682M/977M [00:04<00:01, 241MB/s]Downloading model.safetensors:  73%|█████████████████████████████████████████████████████▎                   | 713M/977M [00:04<00:01, 247MB/s]Downloading model.safetensors:  76%|███████████████████████████████████████████████████████▌                 | 744M/977M [00:04<00:00, 245MB/s]Downloading model.safetensors:  79%|█████████████████████████████████████████████████████████▉               | 776M/977M [00:04<00:00, 246MB/s]Downloading model.safetensors:  83%|████████████████████████████████████████████████████████████▎            | 807M/977M [00:04<00:00, 249MB/s]Downloading model.safetensors:  86%|██████████████████████████████████████████████████████████████▋          | 839M/977M [00:04<00:00, 253MB/s]Downloading model.safetensors:  89%|█████████████████████████████████████████████████████████████████        | 870M/977M [00:04<00:00, 255MB/s]Downloading model.safetensors:  92%|███████████████████████████████████████████████████████████████████▎     | 902M/977M [00:04<00:00, 256MB/s]Downloading model.safetensors:  95%|█████████████████████████████████████████████████████████████████████▋   | 933M/977M [00:05<00:00, 256MB/s]Downloading model.safetensors:  99%|████████████████████████████████████████████████████████████████████████ | 965M/977M [00:05<00:00, 251MB/s]Downloading model.safetensors: 100%|█████████████████████████████████████████████████████████████████████████| 977M/977M [00:05<00:00, 184MB/s]
Downloading spiece.model:   0%|                                                                                     | 0.00/828k [00:00<?, ?B/s]Downloading spiece.model: 100%|█████████████████████████████████████████████████████████████████████████████| 828k/828k [00:00<00:00, 66.7MB/s]
Downloading (…)cial_tokens_map.json:   0%|                                                                          | 0.00/65.0 [00:00<?, ?B/s]Downloading (…)cial_tokens_map.json: 100%|██████████████████████████████████████████████████████████████████| 65.0/65.0 [00:00<00:00, 40.6kB/s]
Downloading (…)okenizer_config.json:   0%|                                                                           | 0.00/315 [00:00<?, ?B/s]Downloading (…)okenizer_config.json: 100%|█████████████████████████████████████████████████████████████████████| 315/315 [00:00<00:00, 171kB/s]
You are using the default legacy behaviour of the <class 'transformers.models.t5.tokenization_t5.T5Tokenizer'>. If you see this, DO NOT PANIC! This is expected, and simply means that the `legacy` (previous) behavior will be used so nothing changes for you. If you want to use the new behaviour, set `legacy=False`. This should only be set if you understand what it means, and thouroughly read the reason why this was added as explained in https://github.com/huggingface/transformers/pull/24565
Traceback (most recent call last):
  File "/root/miniconda3/envs/py38/lib/python3.8/site-packages/transformers/tokenization_utils_base.py", line 254, in __getattr__
    return self.data[item]
KeyError: 'shape'

During handling of the above exception, another exception occurred:

Traceback (most recent call last):
  File "./f00222_summarize_russian_text.py", line 58, in <module>
    print(test_summarize_russian_text())
  File "./f00222_summarize_russian_text.py", line 40, in test_summarize_russian_text
    summary = summarize_russian_text(russian_text)
  File "./f00222_summarize_russian_text.py", line 30, in summarize_russian_text
    out = model.generate(x, max_length=max_length, num_beams=num_beams, do_sample=do_sample, repetition_penalty=repetition_penalty, **kwargs)
  File "/root/miniconda3/envs/py38/lib/python3.8/site-packages/torch/utils/_contextlib.py", line 115, in decorate_context
    return func(*args, **kwargs)
  File "/root/miniconda3/envs/py38/lib/python3.8/site-packages/transformers/generation/utils.py", line 1455, in generate
    batch_size = inputs_tensor.shape[0]
  File "/root/miniconda3/envs/py38/lib/python3.8/site-packages/transformers/tokenization_utils_base.py", line 256, in __getattr__
    raise AttributeError
AttributeError
