Traceback (most recent call last):
  File "/root/miniconda3/envs/py38/lib/python3.8/site-packages/urllib3/connectionpool.py", line 715, in urlopen
    httplib_response = self._make_request(
  File "/root/miniconda3/envs/py38/lib/python3.8/site-packages/urllib3/connectionpool.py", line 467, in _make_request
    six.raise_from(e, None)
  File "<string>", line 3, in raise_from
  File "/root/miniconda3/envs/py38/lib/python3.8/site-packages/urllib3/connectionpool.py", line 462, in _make_request
    httplib_response = conn.getresponse()
  File "/root/miniconda3/envs/py38/lib/python3.8/http/client.py", line 1348, in getresponse
    response.begin()
  File "/root/miniconda3/envs/py38/lib/python3.8/http/client.py", line 316, in begin
    version, status, reason = self._read_status()
  File "/root/miniconda3/envs/py38/lib/python3.8/http/client.py", line 285, in _read_status
    raise RemoteDisconnected("Remote end closed connection without"
http.client.RemoteDisconnected: Remote end closed connection without response

During handling of the above exception, another exception occurred:

Traceback (most recent call last):
  File "/root/miniconda3/envs/py38/lib/python3.8/site-packages/requests/adapters.py", line 486, in send
    resp = conn.urlopen(
  File "/root/miniconda3/envs/py38/lib/python3.8/site-packages/urllib3/connectionpool.py", line 799, in urlopen
    retries = retries.increment(
  File "/root/miniconda3/envs/py38/lib/python3.8/site-packages/urllib3/util/retry.py", line 592, in increment
    raise MaxRetryError(_pool, url, error or ResponseError(cause))
urllib3.exceptions.MaxRetryError: HTTPSConnectionPool(host='huggingface.co', port=443): Max retries exceeded with url: /api/models/damo-vilab/text-to-video-ms-1.7b (Caused by ProxyError('Cannot connect to proxy.', RemoteDisconnected('Remote end closed connection without response')))

During handling of the above exception, another exception occurred:

Traceback (most recent call last):
  File "./f00265_generate_video_from_text.py", line 58, in <module>
    print(test_generate_video_from_text())
  File "./f00265_generate_video_from_text.py", line 43, in test_generate_video_from_text
    assert generate_video_from_text(prompt) == 'output_video.mp4'
  File "./f00265_generate_video_from_text.py", line 24, in generate_video_from_text
    pipe = DiffusionPipeline.from_pretrained(model_name, torch_dtype=torch_dtype, variant=variant)
  File "/root/miniconda3/envs/py38/lib/python3.8/site-packages/diffusers/pipelines/pipeline_utils.py", line 1078, in from_pretrained
    cached_folder = cls.download(
  File "/root/miniconda3/envs/py38/lib/python3.8/site-packages/diffusers/pipelines/pipeline_utils.py", line 1637, in download
    info = model_info(
  File "/root/miniconda3/envs/py38/lib/python3.8/site-packages/huggingface_hub/utils/_validators.py", line 118, in _inner_fn
    return fn(*args, **kwargs)
  File "/root/miniconda3/envs/py38/lib/python3.8/site-packages/huggingface_hub/hf_api.py", line 1697, in model_info
    r = get_session().get(path, headers=headers, timeout=timeout, params=params)
  File "/root/miniconda3/envs/py38/lib/python3.8/site-packages/requests/sessions.py", line 602, in get
    return self.request("GET", url, **kwargs)
  File "/root/miniconda3/envs/py38/lib/python3.8/site-packages/requests/sessions.py", line 589, in request
    resp = self.send(prep, **send_kwargs)
  File "/root/miniconda3/envs/py38/lib/python3.8/site-packages/requests/sessions.py", line 703, in send
    r = adapter.send(request, **kwargs)
  File "/root/miniconda3/envs/py38/lib/python3.8/site-packages/huggingface_hub/utils/_http.py", line 63, in send
    return super().send(request, *args, **kwargs)
  File "/root/miniconda3/envs/py38/lib/python3.8/site-packages/requests/adapters.py", line 513, in send
    raise ProxyError(e, request=request)
requests.exceptions.ProxyError: (MaxRetryError("HTTPSConnectionPool(host='huggingface.co', port=443): Max retries exceeded with url: /api/models/damo-vilab/text-to-video-ms-1.7b (Caused by ProxyError('Cannot connect to proxy.', RemoteDisconnected('Remote end closed connection without response')))"), '(Request ID: e1e69d94-cc5f-4c13-a2c5-b1f04eab3dd9)')
