/root/miniconda3/envs/py38/lib/python3.8/site-packages/torch/cuda/__init__.py:146: UserWarning: 
NVIDIA GeForce RTX 3090 with CUDA capability sm_86 is not compatible with the current PyTorch installation.
The current PyTorch install supports CUDA capabilities sm_37 sm_50 sm_60 sm_70.
If you want to use the NVIDIA GeForce RTX 3090 GPU with PyTorch, please check the instructions at https://pytorch.org/get-started/locally/

  warnings.warn(incompatible_device_warn.format(device_name, capability, " ".join(arch_list), device_name))
/root/miniconda3/envs/py38/lib/python3.8/site-packages/bitsandbytes/cuda_setup/main.py:166: UserWarning: Welcome to bitsandbytes. For bug reports, please run

python -m bitsandbytes


  warn(msg)
/root/miniconda3/envs/py38/lib/python3.8/site-packages/bitsandbytes/cuda_setup/main.py:166: UserWarning: /root/miniconda3/envs/py38 did not contain ['libcudart.so', 'libcudart.so.11.0', 'libcudart.so.12.0'] as expected! Searching further paths...
  warn(msg)
/root/miniconda3/envs/py38/lib/python3.8/site-packages/bitsandbytes/cuda_setup/main.py:166: UserWarning: /usr/local/nvidia/lib:/usr/local/nvidia/lib64 did not contain ['libcudart.so', 'libcudart.so.11.0', 'libcudart.so.12.0'] as expected! Searching further paths...
  warn(msg)
/root/miniconda3/envs/py38/lib/python3.8/site-packages/bitsandbytes/cuda_setup/main.py:166: UserWarning: Found duplicate ['libcudart.so', 'libcudart.so.11.0', 'libcudart.so.12.0'] files: {PosixPath('/usr/local/cuda/lib64/libcudart.so.11.0'), PosixPath('/usr/local/cuda/lib64/libcudart.so')}.. We select the PyTorch default libcudart.so, which is {torch.version.cuda},but this might missmatch with the CUDA version that is needed for bitsandbytes.To override this behavior set the BNB_CUDA_VERSION=<version string, e.g. 122> environmental variableFor example, if you want to use the CUDA version 122BNB_CUDA_VERSION=122 python ...OR set the environmental variable in your .bashrc: export BNB_CUDA_VERSION=122In the case of a manual override, make sure you set the LD_LIBRARY_PATH, e.g.export LD_LIBRARY_PATH=$LD_LIBRARY_PATH:/usr/local/cuda-11.2
  warn(msg)
Traceback (most recent call last):
  File "/root/miniconda3/envs/py38/lib/python3.8/site-packages/transformers/utils/import_utils.py", line 1184, in _get_module
    return importlib.import_module("." + module_name, self.__name__)
  File "/root/miniconda3/envs/py38/lib/python3.8/importlib/__init__.py", line 127, in import_module
    return _bootstrap._gcd_import(name[level:], package, level)
  File "<frozen importlib._bootstrap>", line 1014, in _gcd_import
  File "<frozen importlib._bootstrap>", line 991, in _find_and_load
  File "<frozen importlib._bootstrap>", line 975, in _find_and_load_unlocked
  File "<frozen importlib._bootstrap>", line 671, in _load_unlocked
  File "<frozen importlib._bootstrap_external>", line 843, in exec_module
  File "<frozen importlib._bootstrap>", line 219, in _call_with_frames_removed
  File "/root/miniconda3/envs/py38/lib/python3.8/site-packages/transformers/generation/utils.py", line 27, in <module>
    from ..integrations.deepspeed import is_deepspeed_zero3_enabled
  File "/root/miniconda3/envs/py38/lib/python3.8/site-packages/transformers/integrations/__init__.py", line 14, in <module>
    from .bitsandbytes import (
  File "/root/miniconda3/envs/py38/lib/python3.8/site-packages/transformers/integrations/bitsandbytes.py", line 11, in <module>
    import bitsandbytes as bnb
  File "/root/miniconda3/envs/py38/lib/python3.8/site-packages/bitsandbytes/__init__.py", line 6, in <module>
    from . import cuda_setup, utils, research
  File "/root/miniconda3/envs/py38/lib/python3.8/site-packages/bitsandbytes/research/__init__.py", line 1, in <module>
    from . import nn
  File "/root/miniconda3/envs/py38/lib/python3.8/site-packages/bitsandbytes/research/nn/__init__.py", line 1, in <module>
    from .modules import LinearFP8Mixed, LinearFP8Global
  File "/root/miniconda3/envs/py38/lib/python3.8/site-packages/bitsandbytes/research/nn/modules.py", line 8, in <module>
    from bitsandbytes.optim import GlobalOptimManager
  File "/root/miniconda3/envs/py38/lib/python3.8/site-packages/bitsandbytes/optim/__init__.py", line 6, in <module>
    from bitsandbytes.cextension import COMPILED_WITH_CUDA
  File "/root/miniconda3/envs/py38/lib/python3.8/site-packages/bitsandbytes/cextension.py", line 20, in <module>
    raise RuntimeError('''
RuntimeError: 
        CUDA Setup failed despite GPU being available. Please run the following command to get more information:

        python -m bitsandbytes

        Inspect the output of the command and see if you can locate CUDA libraries. You might need to add them
        to your LD_LIBRARY_PATH. If you suspect a bug, please take the information from python -m bitsandbytes
        and open an issue at: https://github.com/TimDettmers/bitsandbytes/issues

The above exception was the direct cause of the following exception:

Traceback (most recent call last):
  File "/root/miniconda3/envs/py38/lib/python3.8/site-packages/transformers/utils/import_utils.py", line 1184, in _get_module
    return importlib.import_module("." + module_name, self.__name__)
  File "/root/miniconda3/envs/py38/lib/python3.8/importlib/__init__.py", line 127, in import_module
    return _bootstrap._gcd_import(name[level:], package, level)
  File "<frozen importlib._bootstrap>", line 1014, in _gcd_import
  File "<frozen importlib._bootstrap>", line 991, in _find_and_load
  File "<frozen importlib._bootstrap>", line 975, in _find_and_load_unlocked
  File "<frozen importlib._bootstrap>", line 671, in _load_unlocked
  File "<frozen importlib._bootstrap_external>", line 843, in exec_module
  File "<frozen importlib._bootstrap>", line 219, in _call_with_frames_removed
  File "/root/miniconda3/envs/py38/lib/python3.8/site-packages/transformers/models/whisper/modeling_whisper.py", line 35, in <module>
    from ...modeling_utils import PreTrainedModel
  File "/root/miniconda3/envs/py38/lib/python3.8/site-packages/transformers/modeling_utils.py", line 39, in <module>
    from .generation import GenerationConfig, GenerationMixin
  File "<frozen importlib._bootstrap>", line 1039, in _handle_fromlist
  File "/root/miniconda3/envs/py38/lib/python3.8/site-packages/transformers/utils/import_utils.py", line 1174, in __getattr__
    module = self._get_module(self._class_to_module[name])
  File "/root/miniconda3/envs/py38/lib/python3.8/site-packages/transformers/utils/import_utils.py", line 1186, in _get_module
    raise RuntimeError(
RuntimeError: Failed to import transformers.generation.utils because of the following error (look up to see its traceback):

        CUDA Setup failed despite GPU being available. Please run the following command to get more information:

        python -m bitsandbytes

        Inspect the output of the command and see if you can locate CUDA libraries. You might need to add them
        to your LD_LIBRARY_PATH. If you suspect a bug, please take the information from python -m bitsandbytes
        and open an issue at: https://github.com/TimDettmers/bitsandbytes/issues

The above exception was the direct cause of the following exception:

Traceback (most recent call last):
  File "./f00323_transcribe_audio.py", line 4, in <module>
    from transformers import WhisperProcessor, WhisperForConditionalGeneration
  File "<frozen importlib._bootstrap>", line 1039, in _handle_fromlist
  File "/root/miniconda3/envs/py38/lib/python3.8/site-packages/transformers/utils/import_utils.py", line 1175, in __getattr__
    value = getattr(module, name)
  File "/root/miniconda3/envs/py38/lib/python3.8/site-packages/transformers/utils/import_utils.py", line 1174, in __getattr__
    module = self._get_module(self._class_to_module[name])
  File "/root/miniconda3/envs/py38/lib/python3.8/site-packages/transformers/utils/import_utils.py", line 1186, in _get_module
    raise RuntimeError(
RuntimeError: Failed to import transformers.models.whisper.modeling_whisper because of the following error (look up to see its traceback):
Failed to import transformers.generation.utils because of the following error (look up to see its traceback):

        CUDA Setup failed despite GPU being available. Please run the following command to get more information:

        python -m bitsandbytes

        Inspect the output of the command and see if you can locate CUDA libraries. You might need to add them
        to your LD_LIBRARY_PATH. If you suspect a bug, please take the information from python -m bitsandbytes
        and open an issue at: https://github.com/TimDettmers/bitsandbytes/issues
