Traceback (most recent call last):
  File "/root/miniconda3/envs/py38/lib/python3.8/site-packages/huggingface_hub/utils/_errors.py", line 261, in hf_raise_for_status
    response.raise_for_status()
  File "/root/miniconda3/envs/py38/lib/python3.8/site-packages/requests/models.py", line 1021, in raise_for_status
    raise HTTPError(http_error_msg, response=self)
requests.exceptions.HTTPError: 404 Client Error: Not Found for url: https://huggingface.co/merve/tips5wx_sbh5-tip-regression/resolve/main/sklearn_model.joblib

The above exception was the direct cause of the following exception:

Traceback (most recent call last):
  File "./f00336_predict_tip.py", line 43, in <module>
    test_predict_tip()
  File "./f00336_predict_tip.py", line 36, in test_predict_tip
    assert abs(predict_tip(39.42, 0, 0, 6, 0, 4) - 5.0) < 0.1
  File "./f00336_predict_tip.py", line 26, in predict_tip
    model_path = hf_hub_download('merve/tips5wx_sbh5-tip-regression', 'sklearn_model.joblib')
  File "/root/miniconda3/envs/py38/lib/python3.8/site-packages/huggingface_hub/utils/_validators.py", line 118, in _inner_fn
    return fn(*args, **kwargs)
  File "/root/miniconda3/envs/py38/lib/python3.8/site-packages/huggingface_hub/file_download.py", line 1344, in hf_hub_download
    raise head_call_error
  File "/root/miniconda3/envs/py38/lib/python3.8/site-packages/huggingface_hub/file_download.py", line 1230, in hf_hub_download
    metadata = get_hf_file_metadata(
  File "/root/miniconda3/envs/py38/lib/python3.8/site-packages/huggingface_hub/utils/_validators.py", line 118, in _inner_fn
    return fn(*args, **kwargs)
  File "/root/miniconda3/envs/py38/lib/python3.8/site-packages/huggingface_hub/file_download.py", line 1606, in get_hf_file_metadata
    hf_raise_for_status(r)
  File "/root/miniconda3/envs/py38/lib/python3.8/site-packages/huggingface_hub/utils/_errors.py", line 293, in hf_raise_for_status
    raise RepositoryNotFoundError(message, response) from e
huggingface_hub.utils._errors.RepositoryNotFoundError: 404 Client Error. (Request ID: Root=1-654f6c1c-445a6c816ff2745002cf92d3;3c512078-3081-48cf-8870-5024680c8d53)

Repository Not Found for url: https://huggingface.co/merve/tips5wx_sbh5-tip-regression/resolve/main/sklearn_model.joblib.
Please make sure you specified the correct `repo_id` and `repo_type`.
If you are trying to access a private or gated repo, make sure you are authenticated.
