Downloading (…)lve/main/config.json:   0%|                                                                         | 0.00/1.29k [00:00<?, ?B/s]Downloading (…)lve/main/config.json: 100%|█████████████████████████████████████████████████████████████████| 1.29k/1.29k [00:00<00:00, 102kB/s]
Downloading pytorch_model.bin:   0%|                                                                               | 0.00/18.9G [00:00<?, ?B/s]Downloading pytorch_model.bin:   0%|                                                                    | 10.5M/18.9G [00:04<2:29:31, 2.10MB/s]Downloading pytorch_model.bin:   0%|                                                                    | 21.0M/18.9G [00:07<1:51:40, 2.81MB/s]Downloading pytorch_model.bin:   0%|                                                                    | 31.5M/18.9G [00:10<1:35:58, 3.27MB/s]Downloading pytorch_model.bin:   0%|▏                                                                   | 41.9M/18.9G [00:13<1:32:37, 3.39MB/s]Downloading pytorch_model.bin:   0%|▏                                                                   | 52.4M/18.9G [00:16<1:37:21, 3.22MB/s]Downloading pytorch_model.bin:   0%|▏                                                                   | 62.9M/18.9G [00:20<1:41:51, 3.08MB/s]Downloading pytorch_model.bin:   0%|▎                                                                   | 73.4M/18.9G [00:23<1:37:38, 3.21MB/s]Downloading pytorch_model.bin:   0%|▎                                                                   | 83.9M/18.9G [00:26<1:36:52, 3.23MB/s]Downloading pytorch_model.bin:   1%|▎                                                                   | 94.4M/18.9G [00:30<1:37:10, 3.22MB/s]Downloading pytorch_model.bin:   1%|▍                                                                    | 105M/18.9G [00:33<1:42:23, 3.05MB/s]Downloading pytorch_model.bin:   1%|▍                                                                    | 115M/18.9G [00:40<2:11:05, 2.38MB/s]Downloading pytorch_model.bin:   1%|▍                                                                    | 126M/18.9G [00:48<2:44:48, 1.89MB/s]Downloading pytorch_model.bin:   1%|▍                                                                    | 136M/18.9G [00:57<3:18:59, 1.57MB/s]Downloading pytorch_model.bin:   1%|▌                                                                    | 147M/18.9G [01:10<4:10:28, 1.25MB/s]Downloading pytorch_model.bin:   1%|▌                                                                    | 157M/18.9G [01:25<5:11:02, 1.00MB/s]Downloading pytorch_model.bin:   1%|▌                                                                    | 157M/18.9G [01:37<5:11:02, 1.00MB/s]Downloading pytorch_model.bin:   1%|▌                                                                     | 168M/18.9G [01:41<5:55:29, 877kB/s]Downloading pytorch_model.bin:   1%|▋                                                                     | 178M/18.9G [01:53<5:58:00, 870kB/s]Downloading pytorch_model.bin:   1%|▋                                                                     | 189M/18.9G [02:02<5:31:25, 939kB/s]Downloading pytorch_model.bin:   1%|▋                                                                    | 199M/18.9G [02:08<4:42:37, 1.10MB/s]Downloading pytorch_model.bin:   1%|▊                                                                    | 210M/18.9G [02:12<4:00:33, 1.29MB/s]Downloading pytorch_model.bin:   1%|▊                                                                    | 220M/18.9G [02:18<3:41:54, 1.40MB/s]Downloading pytorch_model.bin:   1%|▊                                                                    | 231M/18.9G [02:25<3:34:51, 1.45MB/s]Downloading pytorch_model.bin:   1%|▉                                                                    | 241M/18.9G [02:33<3:41:09, 1.40MB/s]Downloading pytorch_model.bin:   1%|▉                                                                    | 252M/18.9G [02:43<4:00:46, 1.29MB/s]Downloading pytorch_model.bin:   1%|▉                                                                    | 262M/18.9G [02:51<4:05:20, 1.26MB/s]Downloading pytorch_model.bin:   1%|▉                                                                    | 273M/18.9G [03:00<4:07:13, 1.25MB/s]Downloading pytorch_model.bin:   2%|█                                                                    | 283M/18.9G [03:08<4:01:21, 1.28MB/s]Downloading pytorch_model.bin:   2%|█                                                                    | 294M/18.9G [03:18<4:20:32, 1.19MB/s]Downloading pytorch_model.bin:   2%|█                                                                    | 304M/18.9G [03:31<4:55:28, 1.05MB/s]Downloading pytorch_model.bin:   2%|█▏                                                                    | 315M/18.9G [03:44<5:24:16, 953kB/s]Downloading pytorch_model.bin:   2%|█▏                                                                    | 315M/18.9G [03:57<5:24:16, 953kB/s]Downloading pytorch_model.bin:   2%|█▏                                                                    | 325M/18.9G [03:59<6:02:18, 853kB/s]Downloading pytorch_model.bin:   2%|█▏                                                                    | 336M/18.9G [04:15<6:27:53, 796kB/s]Downloading pytorch_model.bin:   2%|█▎                                                                    | 346M/18.9G [04:24<5:56:40, 865kB/s]Downloading pytorch_model.bin:   2%|█▎                                                                    | 357M/18.9G [04:36<5:49:01, 884kB/s]Downloading pytorch_model.bin:   2%|█▎                                                                    | 367M/18.9G [04:46<5:38:46, 910kB/s]Downloading pytorch_model.bin:   2%|█▍                                                                    | 377M/18.9G [04:55<5:12:28, 986kB/s]Downloading pytorch_model.bin:   2%|█▍                                                                   | 388M/18.9G [05:04<4:56:40, 1.04MB/s]Downloading pytorch_model.bin:   2%|█▍                                                                   | 398M/18.9G [05:10<4:23:57, 1.17MB/s]Downloading pytorch_model.bin:   2%|█▍                                                                   | 409M/18.9G [05:16<3:57:48, 1.29MB/s]Downloading pytorch_model.bin:   2%|█▌                                                                   | 419M/18.9G [05:22<3:32:53, 1.44MB/s]Downloading pytorch_model.bin:   2%|█▌                                                                   | 430M/18.9G [05:28<3:21:48, 1.52MB/s]Downloading pytorch_model.bin:   2%|█▌                                                                   | 440M/18.9G [05:34<3:17:59, 1.55MB/s]Downloading pytorch_model.bin:   2%|█▋                                                                   | 451M/18.9G [05:41<3:23:28, 1.51MB/s]Downloading pytorch_model.bin:   2%|█▋                                                                   | 461M/18.9G [05:49<3:27:27, 1.48MB/s]Downloading pytorch_model.bin:   3%|█▋                                                                   | 472M/18.9G [05:57<3:38:07, 1.41MB/s]Downloading pytorch_model.bin:   3%|█▊                                                                   | 482M/18.9G [06:05<3:42:06, 1.38MB/s]Downloading pytorch_model.bin:   3%|█▊                                                                   | 493M/18.9G [06:13<3:44:24, 1.36MB/s]Downloading pytorch_model.bin:   3%|█▊                                                                   | 503M/18.9G [06:21<3:51:47, 1.32MB/s]Downloading pytorch_model.bin:   3%|█▉                                                                   | 514M/18.9G [06:29<3:44:31, 1.36MB/s]Downloading pytorch_model.bin:   3%|█▉                                                                   | 524M/18.9G [06:38<3:58:38, 1.28MB/s]Downloading pytorch_model.bin:   3%|█▉                                                                   | 535M/18.9G [06:45<3:49:16, 1.33MB/s]Downloading pytorch_model.bin:   3%|█▉                                                                   | 545M/18.9G [06:51<3:32:47, 1.43MB/s]Downloading pytorch_model.bin:   3%|██                                                                   | 556M/18.9G [06:55<3:05:35, 1.64MB/s]Downloading pytorch_model.bin:   3%|██                                                                   | 566M/18.9G [07:01<2:58:35, 1.71MB/s]Downloading pytorch_model.bin:   3%|██                                                                   | 577M/18.9G [07:05<2:40:59, 1.89MB/s]Downloading pytorch_model.bin:   3%|██▏                                                                  | 587M/18.9G [07:09<2:25:25, 2.09MB/s]Downloading pytorch_model.bin:   3%|██▏                                                                  | 598M/18.9G [07:13<2:18:47, 2.19MB/s]Downloading pytorch_model.bin:   3%|██▏                                                                  | 608M/18.9G [07:17<2:09:13, 2.35MB/s]Downloading pytorch_model.bin:   3%|██▎                                                                  | 619M/18.9G [07:20<1:56:06, 2.62MB/s]Downloading pytorch_model.bin:   3%|██▎                                                                  | 629M/18.9G [07:23<1:54:16, 2.66MB/s]Downloading pytorch_model.bin:   3%|██▎                                                                  | 640M/18.9G [07:27<1:49:07, 2.78MB/s]Downloading pytorch_model.bin:   3%|██▍                                                                  | 650M/18.9G [07:31<1:49:46, 2.77MB/s]Downloading pytorch_model.bin:   4%|██▍                                                                  | 661M/18.9G [07:36<1:59:22, 2.54MB/s]Downloading pytorch_model.bin:   4%|██▍                                                                  | 671M/18.9G [07:40<1:59:45, 2.53MB/s]Downloading pytorch_model.bin:   4%|██▍                                                                  | 682M/18.9G [07:44<2:01:15, 2.50MB/s]Downloading pytorch_model.bin:   4%|██▌                                                                  | 692M/18.9G [07:48<2:00:40, 2.51MB/s]Downloading pytorch_model.bin:   4%|██▌                                                                  | 703M/18.9G [07:52<2:00:49, 2.51MB/s]Downloading pytorch_model.bin:   4%|██▌                                                                  | 713M/18.9G [07:57<2:03:29, 2.45MB/s]Downloading pytorch_model.bin:   4%|██▋                                                                  | 724M/18.9G [08:02<2:08:05, 2.36MB/s]Downloading pytorch_model.bin:   4%|██▋                                                                  | 734M/18.9G [08:06<2:05:14, 2.41MB/s]Downloading pytorch_model.bin:   4%|██▋                                                                  | 744M/18.9G [08:10<2:04:53, 2.42MB/s]Downloading pytorch_model.bin:   4%|██▊                                                                  | 755M/18.9G [08:15<2:12:13, 2.28MB/s]Downloading pytorch_model.bin:   4%|██▊                                                                  | 765M/18.9G [08:20<2:09:21, 2.33MB/s]Downloading pytorch_model.bin:   4%|██▊                                                                  | 776M/18.9G [08:24<2:09:10, 2.33MB/s]Downloading pytorch_model.bin:   4%|██▉                                                                  | 786M/18.9G [08:29<2:12:32, 2.27MB/s]Downloading pytorch_model.bin:   4%|██▉                                                                  | 797M/18.9G [08:36<2:34:36, 1.95MB/s]Downloading pytorch_model.bin:   4%|██▉                                                                  | 807M/18.9G [08:45<3:01:40, 1.66MB/s]Downloading pytorch_model.bin:   4%|██▉                                                                  | 818M/18.9G [08:52<3:06:22, 1.61MB/s]Downloading pytorch_model.bin:   4%|███                                                                  | 828M/18.9G [08:59<3:13:26, 1.55MB/s]Downloading pytorch_model.bin:   4%|███                                                                  | 839M/18.9G [09:11<3:57:43, 1.26MB/s]Downloading pytorch_model.bin:   5%|███                                                                  | 849M/18.9G [09:24<4:38:34, 1.08MB/s]Downloading pytorch_model.bin:   5%|███                                                                  | 849M/18.9G [09:37<4:38:34, 1.08MB/s]Downloading pytorch_model.bin:   5%|███▏                                                                  | 860M/18.9G [09:37<5:09:01, 971kB/s]Downloading pytorch_model.bin:   5%|███▏                                                                  | 870M/18.9G [09:55<6:04:44, 822kB/s]Downloading pytorch_model.bin:   5%|███▏                                                                  | 870M/18.9G [10:07<6:04:44, 822kB/s]Downloading pytorch_model.bin:   5%|███▎                                                                  | 881M/18.9G [10:08<6:10:58, 808kB/s]Downloading pytorch_model.bin:   5%|███▎                                                                  | 891M/18.9G [10:18<5:41:56, 876kB/s]Downloading pytorch_model.bin:   5%|███▎                                                                  | 902M/18.9G [10:26<5:12:43, 957kB/s]Downloading pytorch_model.bin:   5%|███▎                                                                  | 902M/18.9G [10:37<5:12:43, 957kB/s]Downloading pytorch_model.bin:   5%|███▍                                                                  | 912M/18.9G [10:39<5:25:06, 920kB/s]Downloading pytorch_model.bin:   5%|███▍                                                                 | 923M/18.9G [10:46<4:47:26, 1.04MB/s]Downloading pytorch_model.bin:   5%|███▍                                                                 | 933M/18.9G [10:52<4:11:18, 1.19MB/s]Downloading pytorch_model.bin:   5%|███▍                                                                 | 944M/18.9G [10:58<3:46:58, 1.32MB/s]Downloading pytorch_model.bin:   5%|███▍                                                                 | 954M/18.9G [11:04<3:30:24, 1.42MB/s]Downloading pytorch_model.bin:   5%|███▌                                                                 | 965M/18.9G [11:09<3:13:57, 1.54MB/s]Downloading pytorch_model.bin:   5%|███▌                                                                 | 975M/18.9G [11:13<2:51:43, 1.74MB/s]Downloading pytorch_model.bin:   5%|███▌                                                                 | 986M/18.9G [11:18<2:42:10, 1.84MB/s]Downloading pytorch_model.bin:   5%|███▋                                                                 | 996M/18.9G [11:22<2:22:24, 2.09MB/s]Downloading pytorch_model.bin:   5%|███▋                                                                | 1.01G/18.9G [11:26<2:14:23, 2.21MB/s]Downloading pytorch_model.bin:   5%|███▋                                                                | 1.02G/18.9G [11:30<2:09:49, 2.29MB/s]Downloading pytorch_model.bin:   5%|███▋                                                                | 1.03G/18.9G [11:34<2:07:16, 2.34MB/s]Downloading pytorch_model.bin:   6%|███▋                                                                | 1.04G/18.9G [11:40<2:21:43, 2.10MB/s]Downloading pytorch_model.bin:   6%|███▊                                                                | 1.05G/18.9G [11:47<2:39:04, 1.87MB/s]Downloading pytorch_model.bin:   6%|███▊                                                                | 1.06G/18.9G [11:55<2:54:35, 1.70MB/s]Downloading pytorch_model.bin:   6%|███▊                                                                | 1.07G/18.9G [12:04<3:19:49, 1.48MB/s]Downloading pytorch_model.bin:   6%|███▉                                                                | 1.08G/18.9G [12:11<3:19:03, 1.49MB/s]Downloading pytorch_model.bin:   6%|███▉                                                                | 1.09G/18.9G [12:16<3:03:33, 1.61MB/s]Downloading pytorch_model.bin:   6%|███▉                                                                | 1.10G/18.9G [12:21<2:51:52, 1.72MB/s]Downloading pytorch_model.bin:   6%|████                                                                | 1.11G/18.9G [12:28<2:52:21, 1.72MB/s]Downloading pytorch_model.bin:   6%|████                                                                | 1.12G/18.9G [12:39<3:34:17, 1.38MB/s]Downloading pytorch_model.bin:   6%|████                                                                | 1.13G/18.9G [12:47<3:39:56, 1.34MB/s]Downloading pytorch_model.bin:   6%|████                                                                | 1.14G/18.9G [12:53<3:27:08, 1.43MB/s]Downloading pytorch_model.bin:   6%|████▏                                                               | 1.15G/18.9G [13:01<3:33:56, 1.38MB/s]Downloading pytorch_model.bin:   6%|████▏                                                               | 1.16G/18.9G [13:09<3:36:32, 1.36MB/s]Downloading pytorch_model.bin:   6%|████▏                                                               | 1.17G/18.9G [13:17<3:37:42, 1.35MB/s]Downloading pytorch_model.bin:   6%|████▎                                                               | 1.18G/18.9G [13:24<3:28:09, 1.42MB/s]Downloading pytorch_model.bin:   6%|████▎                                                               | 1.20G/18.9G [13:31<3:24:58, 1.44MB/s]Downloading pytorch_model.bin:   6%|████▎                                                               | 1.21G/18.9G [13:39<3:29:42, 1.40MB/s]Downloading pytorch_model.bin:   6%|████▍                                                               | 1.22G/18.9G [13:46<3:27:32, 1.42MB/s]Downloading pytorch_model.bin:   7%|████▍                                                               | 1.23G/18.9G [13:53<3:26:45, 1.42MB/s]Downloading pytorch_model.bin:   7%|████▍                                                               | 1.24G/18.9G [13:59<3:15:01, 1.51MB/s]Downloading pytorch_model.bin:   7%|████▍                                                               | 1.25G/18.9G [14:06<3:09:16, 1.55MB/s]Downloading pytorch_model.bin:   7%|████▌                                                               | 1.26G/18.9G [14:13<3:14:53, 1.51MB/s]Downloading pytorch_model.bin:   7%|████▌                                                               | 1.27G/18.9G [14:20<3:12:24, 1.52MB/s]Downloading pytorch_model.bin:   7%|████▌                                                               | 1.28G/18.9G [14:25<3:02:33, 1.61MB/s]Downloading pytorch_model.bin:   7%|████▋                                                               | 1.29G/18.9G [14:33<3:12:21, 1.52MB/s]Downloading pytorch_model.bin:   7%|████▋                                                               | 1.30G/18.9G [14:43<3:34:02, 1.37MB/s]Downloading pytorch_model.bin:   7%|████▋                                                               | 1.31G/18.9G [14:50<3:30:15, 1.39MB/s]Downloading pytorch_model.bin:   7%|████▊                                                               | 1.32G/18.9G [14:58<3:33:22, 1.37MB/s]Downloading pytorch_model.bin:   7%|████▊                                                               | 1.33G/18.9G [15:06<3:38:07, 1.34MB/s]Downloading pytorch_model.bin:   7%|████▊                                                               | 1.33G/18.9G [15:17<3:38:07, 1.34MB/s]Downloading pytorch_model.bin:   7%|████▉                                                                | 1.34G/18.9G [15:28<5:40:07, 859kB/s]Downloading pytorch_model.bin:   7%|████▉                                                                | 1.34G/18.9G [15:47<5:40:07, 859kB/s]Downloading pytorch_model.bin:   7%|████▉                                                                | 1.35G/18.9G [16:03<8:44:12, 557kB/s]Downloading pytorch_model.bin:   7%|████▉                                                                | 1.35G/18.9G [16:17<8:44:12, 557kB/s]Downloading pytorch_model.bin:   7%|████▉                                                                | 1.36G/18.9G [16:24<9:02:15, 538kB/s]Downloading pytorch_model.bin:   7%|████▉                                                                | 1.36G/18.9G [16:37<9:02:15, 538kB/s]Downloading pytorch_model.bin:   7%|█████                                                                | 1.37G/18.9G [16:41<8:43:27, 557kB/s]Downloading pytorch_model.bin:   7%|█████                                                                | 1.37G/18.9G [16:57<8:43:27, 557kB/s]Downloading pytorch_model.bin:   7%|████▉                                                               | 1.38G/18.9G [17:10<10:10:04, 478kB/s]Downloading pytorch_model.bin:   7%|████▉                                                               | 1.38G/18.9G [17:27<10:10:04, 478kB/s]Downloading pytorch_model.bin:   7%|█████                                                                | 1.39G/18.9G [17:30<9:52:55, 491kB/s]Downloading pytorch_model.bin:   7%|█████                                                                | 1.39G/18.9G [17:47<9:52:55, 491kB/s]Downloading pytorch_model.bin:   7%|█████▏                                                               | 1.41G/18.9G [17:48<9:24:05, 516kB/s]Downloading pytorch_model.bin:   8%|█████▏                                                               | 1.42G/18.9G [17:59<8:01:06, 604kB/s]Downloading pytorch_model.bin:   8%|█████▏                                                               | 1.43G/18.9G [18:07<6:46:51, 714kB/s]Downloading pytorch_model.bin:   8%|█████▎                                                               | 1.44G/18.9G [18:15<5:49:18, 832kB/s]Downloading pytorch_model.bin:   8%|█████▎                                                               | 1.45G/18.9G [18:24<5:22:38, 900kB/s]Downloading pytorch_model.bin:   8%|█████▎                                                               | 1.46G/18.9G [18:34<5:10:06, 935kB/s]Downloading pytorch_model.bin:   8%|█████▎                                                               | 1.47G/18.9G [18:44<4:56:05, 979kB/s]Downloading pytorch_model.bin:   8%|█████▍                                                               | 1.48G/18.9G [18:54<4:52:22, 991kB/s]Downloading pytorch_model.bin:   8%|█████▎                                                              | 1.49G/18.9G [19:04<4:43:40, 1.02MB/s]Downloading pytorch_model.bin:   8%|█████▍                                                              | 1.50G/18.9G [19:12<4:22:37, 1.10MB/s]Downloading pytorch_model.bin:   8%|█████▍                                                              | 1.51G/18.9G [19:24<4:48:12, 1.00MB/s]Downloading pytorch_model.bin:   8%|█████▍                                                              | 1.51G/18.9G [19:37<4:48:12, 1.00MB/s]Downloading pytorch_model.bin:   8%|█████▌                                                               | 1.52G/18.9G [19:57<7:49:51, 615kB/s]Downloading pytorch_model.bin:   8%|█████▌                                                               | 1.52G/18.9G [20:07<7:49:51, 615kB/s]Downloading pytorch_model.bin:   8%|█████▌                                                              | 1.53G/18.9G [20:36<10:53:15, 442kB/s]Downloading pytorch_model.bin:   8%|█████▌                                                              | 1.53G/18.9G [20:47<10:53:15, 442kB/s]Downloading pytorch_model.bin:   8%|█████▌                                                              | 1.54G/18.9G [21:07<11:53:37, 405kB/s]Downloading pytorch_model.bin:   8%|█████▌                                                              | 1.54G/18.9G [21:17<11:53:37, 405kB/s]Downloading pytorch_model.bin:   8%|█████▌                                                              | 1.55G/18.9G [21:42<13:11:25, 365kB/s]Downloading pytorch_model.bin:   8%|█████▌                                                              | 1.55G/18.9G [21:57<13:11:25, 365kB/s]Downloading pytorch_model.bin:   8%|█████▋                                                              | 1.56G/18.9G [22:24<14:54:24, 322kB/s]Downloading pytorch_model.bin:   8%|█████▋                                                              | 1.56G/18.9G [22:37<14:54:24, 322kB/s]Downloading pytorch_model.bin:   8%|█████▋                                                              | 1.57G/18.9G [22:51<14:10:18, 339kB/s]Downloading pytorch_model.bin:   8%|█████▋                                                              | 1.58G/18.9G [23:02<13:16:45, 362kB/s]Downloading pytorch_model.bin:   8%|█████▋                                                              | 1.58G/18.9G [23:02<4:12:20, 1.14MB/s]
'(MaxRetryError("HTTPSConnectionPool(host='huggingface.co', port=443): Max retries exceeded with url: /hyunwoongko/blenderbot-9B/resolve/main/pytorch_model.bin.index.json (Caused by ProxyError('Cannot connect to proxy.', timeout('_ssl.c:1114: The handshake operation timed out')))"), '(Request ID: 9576dd53-bf59-4590-8012-0c85d0547f7b)')' thrown while requesting HEAD https://huggingface.co/hyunwoongko/blenderbot-9B/resolve/main/pytorch_model.bin.index.json
Downloading pytorch_model.bin:   0%|                                                                               | 0.00/18.9G [00:00<?, ?B/s]Downloading pytorch_model.bin:   0%|                                                                    | 10.5M/18.9G [00:04<2:02:45, 2.56MB/s]Downloading pytorch_model.bin:   0%|                                                                    | 21.0M/18.9G [00:04<1:03:40, 4.93MB/s]Downloading pytorch_model.bin:   0%|                                                                      | 31.5M/18.9G [00:05<47:39, 6.59MB/s]Downloading pytorch_model.bin:   0%|▏                                                                     | 41.9M/18.9G [00:06<38:29, 8.15MB/s]Downloading pytorch_model.bin:   0%|▏                                                                     | 52.4M/18.9G [00:08<40:03, 7.83MB/s]Downloading pytorch_model.bin:   0%|▏                                                                     | 62.9M/18.9G [00:08<35:10, 8.91MB/s]Downloading pytorch_model.bin:   0%|▎                                                                     | 73.4M/18.9G [00:09<30:45, 10.2MB/s]Downloading pytorch_model.bin:   0%|▎                                                                     | 83.9M/18.9G [00:10<29:43, 10.5MB/s]Downloading pytorch_model.bin:   1%|▎                                                                     | 94.4M/18.9G [00:11<29:01, 10.8MB/s]Downloading pytorch_model.bin:   1%|▍                                                                      | 105M/18.9G [00:12<33:09, 9.43MB/s]Downloading pytorch_model.bin:   1%|▍                                                                      | 115M/18.9G [00:15<43:28, 7.19MB/s]Downloading pytorch_model.bin:   1%|▍                                                                      | 126M/18.9G [00:17<51:30, 6.06MB/s]Downloading pytorch_model.bin:   1%|▍                                                                    | 136M/18.9G [00:25<1:50:28, 2.83MB/s]Downloading pytorch_model.bin:   1%|▍                                                                    | 136M/18.9G [00:43<1:50:28, 2.83MB/s]Downloading pytorch_model.bin:   1%|▌                                                                    | 147M/18.9G [01:46<13:26:54, 387kB/s]Downloading pytorch_model.bin:   1%|▌                                                                    | 147M/18.9G [02:03<13:26:54, 387kB/s]Downloading pytorch_model.bin:   1%|▌                                                                     | 147M/18.9G [02:31<5:21:29, 970kB/s]
Traceback (most recent call last):
  File "./f00304_get_chatbot_response.py", line 39, in <module>
    test_get_chatbot_response()
  File "./f00304_get_chatbot_response.py", line 31, in test_get_chatbot_response
    assert isinstance(get_chatbot_response(test_input_1), str)
  File "./f00304_get_chatbot_response.py", line 17, in get_chatbot_response
    chatbot = pipeline('conversational', model='hyunwoongko/blenderbot-9B')
  File "/root/miniconda3/envs/py38/lib/python3.8/site-packages/transformers/pipelines/__init__.py", line 824, in pipeline
    framework, model = infer_framework_load_model(
  File "/root/miniconda3/envs/py38/lib/python3.8/site-packages/transformers/pipelines/base.py", line 282, in infer_framework_load_model
    raise ValueError(
ValueError: Could not load model hyunwoongko/blenderbot-9B with any of the following classes: (<class 'transformers.models.auto.modeling_auto.AutoModelForSeq2SeqLM'>, <class 'transformers.models.auto.modeling_auto.AutoModelForCausalLM'>, <class 'transformers.models.blenderbot.modeling_blenderbot.BlenderbotForConditionalGeneration'>). See the original errors:

while loading with AutoModelForSeq2SeqLM, an error is thrown:
Traceback (most recent call last):
  File "/root/miniconda3/envs/py38/lib/python3.8/site-packages/transformers/pipelines/base.py", line 269, in infer_framework_load_model
    model = model_class.from_pretrained(model, **kwargs)
  File "/root/miniconda3/envs/py38/lib/python3.8/site-packages/transformers/models/auto/auto_factory.py", line 563, in from_pretrained
    return model_class.from_pretrained(
  File "/root/miniconda3/envs/py38/lib/python3.8/site-packages/transformers/models/blenderbot/modeling_blenderbot.py", line 1270, in from_pretrained
    return super(BlenderbotForConditionalGeneration, cls).from_pretrained(
  File "/root/miniconda3/envs/py38/lib/python3.8/site-packages/transformers/modeling_utils.py", line 2793, in from_pretrained
    resolved_archive_file = cached_file(
  File "/root/miniconda3/envs/py38/lib/python3.8/site-packages/transformers/utils/hub.py", line 429, in cached_file
    resolved_file = hf_hub_download(
  File "/root/miniconda3/envs/py38/lib/python3.8/site-packages/huggingface_hub/utils/_validators.py", line 118, in _inner_fn
    return fn(*args, **kwargs)
  File "/root/miniconda3/envs/py38/lib/python3.8/site-packages/huggingface_hub/file_download.py", line 1429, in hf_hub_download
    http_get(
  File "/root/miniconda3/envs/py38/lib/python3.8/site-packages/huggingface_hub/file_download.py", line 557, in http_get
    raise EnvironmentError(
OSError: Consistency check failed: file should be of size 18863970521 but has size 1578625615 (pytorch_model.bin).
We are sorry for the inconvenience. Please retry download and pass `force_download=True, resume_download=False` as argument.
If the issue persists, please let us know by opening an issue on https://github.com/huggingface/huggingface_hub.

while loading with AutoModelForCausalLM, an error is thrown:
Traceback (most recent call last):
  File "/root/miniconda3/envs/py38/lib/python3.8/site-packages/urllib3/connectionpool.py", line 712, in urlopen
    self._prepare_proxy(conn)
  File "/root/miniconda3/envs/py38/lib/python3.8/site-packages/urllib3/connectionpool.py", line 1012, in _prepare_proxy
    conn.connect()
  File "/root/miniconda3/envs/py38/lib/python3.8/site-packages/urllib3/connection.py", line 419, in connect
    self.sock = ssl_wrap_socket(
  File "/root/miniconda3/envs/py38/lib/python3.8/site-packages/urllib3/util/ssl_.py", line 449, in ssl_wrap_socket
    ssl_sock = _ssl_wrap_socket_impl(
  File "/root/miniconda3/envs/py38/lib/python3.8/site-packages/urllib3/util/ssl_.py", line 493, in _ssl_wrap_socket_impl
    return ssl_context.wrap_socket(sock, server_hostname=server_hostname)
  File "/root/miniconda3/envs/py38/lib/python3.8/ssl.py", line 500, in wrap_socket
    return self.sslsocket_class._create(
  File "/root/miniconda3/envs/py38/lib/python3.8/ssl.py", line 1073, in _create
    self.do_handshake()
  File "/root/miniconda3/envs/py38/lib/python3.8/ssl.py", line 1342, in do_handshake
    self._sslobj.do_handshake()
socket.timeout: _ssl.c:1114: The handshake operation timed out

During handling of the above exception, another exception occurred:

Traceback (most recent call last):
  File "/root/miniconda3/envs/py38/lib/python3.8/site-packages/requests/adapters.py", line 486, in send
    resp = conn.urlopen(
  File "/root/miniconda3/envs/py38/lib/python3.8/site-packages/urllib3/connectionpool.py", line 799, in urlopen
    retries = retries.increment(
  File "/root/miniconda3/envs/py38/lib/python3.8/site-packages/urllib3/util/retry.py", line 592, in increment
    raise MaxRetryError(_pool, url, error or ResponseError(cause))
urllib3.exceptions.MaxRetryError: HTTPSConnectionPool(host='huggingface.co', port=443): Max retries exceeded with url: /hyunwoongko/blenderbot-9B/resolve/main/pytorch_model.bin.index.json (Caused by ProxyError('Cannot connect to proxy.', timeout('_ssl.c:1114: The handshake operation timed out')))

During handling of the above exception, another exception occurred:

Traceback (most recent call last):
  File "/root/miniconda3/envs/py38/lib/python3.8/site-packages/transformers/pipelines/base.py", line 269, in infer_framework_load_model
    model = model_class.from_pretrained(model, **kwargs)
  File "/root/miniconda3/envs/py38/lib/python3.8/site-packages/transformers/models/auto/auto_factory.py", line 563, in from_pretrained
    return model_class.from_pretrained(
  File "/root/miniconda3/envs/py38/lib/python3.8/site-packages/transformers/modeling_utils.py", line 2798, in from_pretrained
    resolved_archive_file = cached_file(
  File "/root/miniconda3/envs/py38/lib/python3.8/site-packages/transformers/utils/hub.py", line 429, in cached_file
    resolved_file = hf_hub_download(
  File "/root/miniconda3/envs/py38/lib/python3.8/site-packages/huggingface_hub/utils/_validators.py", line 118, in _inner_fn
    return fn(*args, **kwargs)
  File "/root/miniconda3/envs/py38/lib/python3.8/site-packages/huggingface_hub/file_download.py", line 1230, in hf_hub_download
    metadata = get_hf_file_metadata(
  File "/root/miniconda3/envs/py38/lib/python3.8/site-packages/huggingface_hub/utils/_validators.py", line 118, in _inner_fn
    return fn(*args, **kwargs)
  File "/root/miniconda3/envs/py38/lib/python3.8/site-packages/huggingface_hub/file_download.py", line 1597, in get_hf_file_metadata
    r = _request_wrapper(
  File "/root/miniconda3/envs/py38/lib/python3.8/site-packages/huggingface_hub/file_download.py", line 417, in _request_wrapper
    response = _request_wrapper(
  File "/root/miniconda3/envs/py38/lib/python3.8/site-packages/huggingface_hub/file_download.py", line 452, in _request_wrapper
    return http_backoff(
  File "/root/miniconda3/envs/py38/lib/python3.8/site-packages/huggingface_hub/utils/_http.py", line 274, in http_backoff
    raise err
  File "/root/miniconda3/envs/py38/lib/python3.8/site-packages/huggingface_hub/utils/_http.py", line 258, in http_backoff
    response = session.request(method=method, url=url, **kwargs)
  File "/root/miniconda3/envs/py38/lib/python3.8/site-packages/requests/sessions.py", line 589, in request
    resp = self.send(prep, **send_kwargs)
  File "/root/miniconda3/envs/py38/lib/python3.8/site-packages/requests/sessions.py", line 703, in send
    r = adapter.send(request, **kwargs)
  File "/root/miniconda3/envs/py38/lib/python3.8/site-packages/huggingface_hub/utils/_http.py", line 63, in send
    return super().send(request, *args, **kwargs)
  File "/root/miniconda3/envs/py38/lib/python3.8/site-packages/requests/adapters.py", line 513, in send
    raise ProxyError(e, request=request)
requests.exceptions.ProxyError: (MaxRetryError("HTTPSConnectionPool(host='huggingface.co', port=443): Max retries exceeded with url: /hyunwoongko/blenderbot-9B/resolve/main/pytorch_model.bin.index.json (Caused by ProxyError('Cannot connect to proxy.', timeout('_ssl.c:1114: The handshake operation timed out')))"), '(Request ID: 9576dd53-bf59-4590-8012-0c85d0547f7b)')

while loading with BlenderbotForConditionalGeneration, an error is thrown:
Traceback (most recent call last):
  File "/root/miniconda3/envs/py38/lib/python3.8/site-packages/urllib3/response.py", line 444, in _error_catcher
    yield
  File "/root/miniconda3/envs/py38/lib/python3.8/site-packages/urllib3/response.py", line 567, in read
    data = self._fp_read(amt) if not fp_closed else b""
  File "/root/miniconda3/envs/py38/lib/python3.8/site-packages/urllib3/response.py", line 525, in _fp_read
    data = self._fp.read(chunk_amt)
  File "/root/miniconda3/envs/py38/lib/python3.8/http/client.py", line 459, in read
    n = self.readinto(b)
  File "/root/miniconda3/envs/py38/lib/python3.8/http/client.py", line 503, in readinto
    n = self.fp.readinto(b)
  File "/root/miniconda3/envs/py38/lib/python3.8/socket.py", line 669, in readinto
    return self._sock.recv_into(b)
  File "/root/miniconda3/envs/py38/lib/python3.8/ssl.py", line 1274, in recv_into
    return self.read(nbytes, buffer)
  File "/root/miniconda3/envs/py38/lib/python3.8/ssl.py", line 1132, in read
    return self._sslobj.read(len, buffer)
socket.timeout: The read operation timed out

During handling of the above exception, another exception occurred:

Traceback (most recent call last):
  File "/root/miniconda3/envs/py38/lib/python3.8/site-packages/requests/models.py", line 816, in generate
    yield from self.raw.stream(chunk_size, decode_content=True)
  File "/root/miniconda3/envs/py38/lib/python3.8/site-packages/urllib3/response.py", line 628, in stream
    data = self.read(amt=amt, decode_content=decode_content)
  File "/root/miniconda3/envs/py38/lib/python3.8/site-packages/urllib3/response.py", line 593, in read
    raise IncompleteRead(self._fp_bytes_read, self.length_remaining)
  File "/root/miniconda3/envs/py38/lib/python3.8/contextlib.py", line 131, in __exit__
    self.gen.throw(type, value, traceback)
  File "/root/miniconda3/envs/py38/lib/python3.8/site-packages/urllib3/response.py", line 449, in _error_catcher
    raise ReadTimeoutError(self._pool, None, "Read timed out.")
urllib3.exceptions.ReadTimeoutError: HTTPSConnectionPool(host='cdn-lfs.huggingface.co', port=443): Read timed out.

During handling of the above exception, another exception occurred:

Traceback (most recent call last):
  File "/root/miniconda3/envs/py38/lib/python3.8/site-packages/transformers/pipelines/base.py", line 269, in infer_framework_load_model
    model = model_class.from_pretrained(model, **kwargs)
  File "/root/miniconda3/envs/py38/lib/python3.8/site-packages/transformers/models/blenderbot/modeling_blenderbot.py", line 1270, in from_pretrained
    return super(BlenderbotForConditionalGeneration, cls).from_pretrained(
  File "/root/miniconda3/envs/py38/lib/python3.8/site-packages/transformers/modeling_utils.py", line 2793, in from_pretrained
    resolved_archive_file = cached_file(
  File "/root/miniconda3/envs/py38/lib/python3.8/site-packages/transformers/utils/hub.py", line 429, in cached_file
    resolved_file = hf_hub_download(
  File "/root/miniconda3/envs/py38/lib/python3.8/site-packages/huggingface_hub/utils/_validators.py", line 118, in _inner_fn
    return fn(*args, **kwargs)
  File "/root/miniconda3/envs/py38/lib/python3.8/site-packages/huggingface_hub/file_download.py", line 1429, in hf_hub_download
    http_get(
  File "/root/miniconda3/envs/py38/lib/python3.8/site-packages/huggingface_hub/file_download.py", line 551, in http_get
    for chunk in r.iter_content(chunk_size=10 * 1024 * 1024):
  File "/root/miniconda3/envs/py38/lib/python3.8/site-packages/requests/models.py", line 822, in generate
    raise ConnectionError(e)
requests.exceptions.ConnectionError: HTTPSConnectionPool(host='cdn-lfs.huggingface.co', port=443): Read timed out.



