2023-11-12 00:32:52.821309: I tensorflow/core/util/port.cc:110] oneDNN custom operations are on. You may see slightly different numerical results due to floating-point round-off errors from different computation orders. To turn them off, set the environment variable `TF_ENABLE_ONEDNN_OPTS=0`.
2023-11-12 00:32:52.865230: I tensorflow/core/platform/cpu_feature_guard.cc:182] This TensorFlow binary is optimized to use available CPU instructions in performance-critical operations.
To enable the following instructions: AVX2 AVX512F AVX512_VNNI FMA, in other operations, rebuild TensorFlow with the appropriate compiler flags.
2023-11-12 00:32:53.557160: W tensorflow/compiler/tf2tensorrt/utils/py_utils.cc:38] TF-TRT Warning: Could not find TensorRT
Downloading (…)rocessor_config.json:   0%|                                                                           | 0.00/215 [00:00<?, ?B/s]Downloading (…)rocessor_config.json: 100%|████████████████████████████████████████████████████████████████████| 215/215 [00:00<00:00, 17.2kB/s]
Downloading (…)lve/main/config.json:   0%|                                                                         | 0.00/58.5k [00:00<?, ?B/s]Downloading (…)lve/main/config.json: 100%|█████████████████████████████████████████████████████████████████| 58.5k/58.5k [00:00<00:00, 280kB/s]Downloading (…)lve/main/config.json: 100%|█████████████████████████████████████████████████████████████████| 58.5k/58.5k [00:00<00:00, 279kB/s]
/root/miniconda3/envs/py38/lib/python3.8/site-packages/transformers/models/wav2vec2/processing_wav2vec2.py:53: FutureWarning: Loading a tokenizer inside Wav2Vec2Processor from a config that does not include a `tokenizer_class` attribute is deprecated and will be removed in v5. Please add `'tokenizer_class': 'Wav2Vec2CTCTokenizer'` attribute to either your `config.json` or `tokenizer_config.json` file to suppress this warning: 
  warnings.warn(
Traceback (most recent call last):
  File "/root/miniconda3/envs/py38/lib/python3.8/site-packages/transformers/models/wav2vec2/processing_wav2vec2.py", line 51, in from_pretrained
    return super().from_pretrained(pretrained_model_name_or_path, **kwargs)
  File "/root/miniconda3/envs/py38/lib/python3.8/site-packages/transformers/processing_utils.py", line 226, in from_pretrained
    args = cls._get_arguments_from_pretrained(pretrained_model_name_or_path, **kwargs)
  File "/root/miniconda3/envs/py38/lib/python3.8/site-packages/transformers/processing_utils.py", line 270, in _get_arguments_from_pretrained
    args.append(attribute_class.from_pretrained(pretrained_model_name_or_path, **kwargs))
  File "/root/miniconda3/envs/py38/lib/python3.8/site-packages/transformers/models/auto/tokenization_auto.py", line 757, in from_pretrained
    return tokenizer_class_py.from_pretrained(pretrained_model_name_or_path, *inputs, **kwargs)
  File "/root/miniconda3/envs/py38/lib/python3.8/site-packages/transformers/tokenization_utils_base.py", line 1838, in from_pretrained
    raise EnvironmentError(
OSError: Can't load tokenizer for 'anton-l/wav2vec2-base-superb-sv'. If you were trying to load it from 'https://huggingface.co/models', make sure you don't have a local directory with the same name. Otherwise, make sure 'anton-l/wav2vec2-base-superb-sv' is the correct path to a directory containing all relevant files for a Wav2Vec2CTCTokenizer tokenizer.

During handling of the above exception, another exception occurred:

Traceback (most recent call last):
  File "./f00434_identify_speaker.py", line 45, in <module>
    test_identify_speaker()
  File "./f00434_identify_speaker.py", line 39, in test_identify_speaker
    speaker_id = identify_speaker('sample_audio_file.pt')
  File "./f00434_identify_speaker.py", line 22, in identify_speaker
    processor = AutoProcessor.from_pretrained('anton-l/wav2vec2-base-superb-sv')
  File "/root/miniconda3/envs/py38/lib/python3.8/site-packages/transformers/models/auto/processing_auto.py", line 292, in from_pretrained
    return PROCESSOR_MAPPING[type(config)].from_pretrained(pretrained_model_name_or_path, **kwargs)
  File "/root/miniconda3/envs/py38/lib/python3.8/site-packages/transformers/models/wav2vec2/processing_wav2vec2.py", line 63, in from_pretrained
    tokenizer = Wav2Vec2CTCTokenizer.from_pretrained(pretrained_model_name_or_path, **kwargs)
  File "/root/miniconda3/envs/py38/lib/python3.8/site-packages/transformers/tokenization_utils_base.py", line 1838, in from_pretrained
    raise EnvironmentError(
OSError: Can't load tokenizer for 'anton-l/wav2vec2-base-superb-sv'. If you were trying to load it from 'https://huggingface.co/models', make sure you don't have a local directory with the same name. Otherwise, make sure 'anton-l/wav2vec2-base-superb-sv' is the correct path to a directory containing all relevant files for a Wav2Vec2CTCTokenizer tokenizer.
