Downloading (…)lve/main/config.json:   0%|                                                                                     | 0.00/1.56k [00:00<?, ?B/s]Downloading (…)lve/main/config.json: 100%|█████████████████████████████████████████████████████████████████████████████| 1.56k/1.56k [00:00<00:00, 133kB/s]
/root/miniconda3/envs/py38/lib/python3.8/site-packages/transformers/configuration_utils.py:381: UserWarning: Passing `gradient_checkpointing` to a config initialization is deprecated and will be removed in v5 Transformers. Using `model.gradient_checkpointing_enable()` instead, or if you are using the `Trainer` API, pass `gradient_checkpointing=True` in your `TrainingArguments`.
  warnings.warn(
Downloading pytorch_model.bin:   0%|                                                                                           | 0.00/1.26G [00:00<?, ?B/s]Downloading pytorch_model.bin:   1%|▋                                                                                 | 10.5M/1.26G [00:01<03:23, 6.16MB/s]Downloading pytorch_model.bin:   2%|█▎                                                                                | 21.0M/1.26G [00:02<02:06, 9.83MB/s]Downloading pytorch_model.bin:   2%|██                                                                                | 31.5M/1.26G [00:02<01:40, 12.3MB/s]Downloading pytorch_model.bin:   3%|██▋                                                                               | 41.9M/1.26G [00:03<01:30, 13.5MB/s]Downloading pytorch_model.bin:   4%|███▍                                                                              | 52.4M/1.26G [00:04<01:20, 15.0MB/s]Downloading pytorch_model.bin:   5%|████                                                                              | 62.9M/1.26G [00:04<01:16, 15.7MB/s]Downloading pytorch_model.bin:   6%|████▊                                                                             | 73.4M/1.26G [00:05<01:11, 16.7MB/s]Downloading pytorch_model.bin:   7%|█████▍                                                                            | 83.9M/1.26G [00:05<01:10, 16.8MB/s]Downloading pytorch_model.bin:   7%|██████▏                                                                           | 94.4M/1.26G [00:06<01:08, 16.9MB/s]Downloading pytorch_model.bin:   8%|██████▉                                                                            | 105M/1.26G [00:07<01:07, 17.1MB/s]Downloading pytorch_model.bin:   9%|███████▌                                                                           | 115M/1.26G [00:07<01:06, 17.3MB/s]Downloading pytorch_model.bin:  10%|████████▎                                                                          | 126M/1.26G [00:08<01:04, 17.6MB/s]Downloading pytorch_model.bin:  11%|████████▉                                                                          | 136M/1.26G [00:08<01:04, 17.3MB/s]Downloading pytorch_model.bin:  12%|█████████▋                                                                         | 147M/1.26G [00:09<01:03, 17.7MB/s]Downloading pytorch_model.bin:  12%|██████████▎                                                                        | 157M/1.26G [00:10<01:02, 17.6MB/s]Downloading pytorch_model.bin:  13%|███████████                                                                        | 168M/1.26G [00:10<01:03, 17.1MB/s]Downloading pytorch_model.bin:  14%|███████████▋                                                                       | 178M/1.26G [00:11<01:04, 16.7MB/s]Downloading pytorch_model.bin:  15%|████████████▍                                                                      | 189M/1.26G [00:12<01:06, 16.2MB/s]Downloading pytorch_model.bin:  16%|█████████████                                                                      | 199M/1.26G [00:13<01:15, 14.1MB/s]Downloading pytorch_model.bin:  17%|█████████████▊                                                                     | 210M/1.26G [00:13<01:14, 14.1MB/s]Downloading pytorch_model.bin:  17%|██████████████▍                                                                    | 220M/1.26G [00:14<01:21, 12.7MB/s]Downloading pytorch_model.bin:  18%|███████████████▏                                                                   | 231M/1.26G [00:15<01:26, 12.0MB/s]Downloading pytorch_model.bin:  19%|███████████████▊                                                                   | 241M/1.26G [00:16<01:26, 11.8MB/s]Downloading pytorch_model.bin:  20%|████████████████▌                                                                  | 252M/1.26G [00:17<01:32, 10.9MB/s]Downloading pytorch_model.bin:  21%|█████████████████▏                                                                 | 262M/1.26G [00:18<01:27, 11.5MB/s]Downloading pytorch_model.bin:  22%|█████████████████▉                                                                 | 273M/1.26G [00:19<01:20, 12.3MB/s]Downloading pytorch_model.bin:  22%|██████████████████▌                                                                | 283M/1.26G [00:19<01:13, 13.4MB/s]Downloading pytorch_model.bin:  23%|███████████████████▎                                                               | 294M/1.26G [00:20<01:08, 14.1MB/s]Downloading pytorch_model.bin:  24%|███████████████████▉                                                               | 304M/1.26G [00:21<01:08, 14.1MB/s]Downloading pytorch_model.bin:  25%|████████████████████▋                                                              | 315M/1.26G [00:22<01:09, 13.7MB/s]Downloading pytorch_model.bin:  26%|█████████████████████▍                                                             | 325M/1.26G [00:22<01:05, 14.3MB/s]Downloading pytorch_model.bin:  27%|██████████████████████                                                             | 336M/1.26G [00:23<01:02, 14.8MB/s]Downloading pytorch_model.bin:  27%|██████████████████████▊                                                            | 346M/1.26G [00:24<01:07, 13.5MB/s]Downloading pytorch_model.bin:  28%|███████████████████████▍                                                           | 357M/1.26G [00:25<01:04, 14.1MB/s]Downloading pytorch_model.bin:  29%|████████████████████████▏                                                          | 367M/1.26G [00:25<01:04, 13.8MB/s]Downloading pytorch_model.bin:  30%|████████████████████████▊                                                          | 377M/1.26G [00:26<01:04, 13.8MB/s]Downloading pytorch_model.bin:  31%|█████████████████████████▌                                                         | 388M/1.26G [00:27<01:01, 14.2MB/s]Downloading pytorch_model.bin:  32%|██████████████████████████▏                                                        | 398M/1.26G [00:27<00:58, 14.8MB/s]Downloading pytorch_model.bin:  32%|██████████████████████████▉                                                        | 409M/1.26G [00:28<00:55, 15.3MB/s]Downloading pytorch_model.bin:  33%|███████████████████████████▌                                                       | 419M/1.26G [00:29<00:56, 14.8MB/s]Downloading pytorch_model.bin:  34%|████████████████████████████▎                                                      | 430M/1.26G [00:30<00:57, 14.4MB/s]Downloading pytorch_model.bin:  35%|████████████████████████████▉                                                      | 440M/1.26G [00:30<00:56, 14.5MB/s]Downloading pytorch_model.bin:  36%|█████████████████████████████▋                                                     | 451M/1.26G [00:31<00:54, 14.8MB/s]Downloading pytorch_model.bin:  37%|██████████████████████████████▎                                                    | 461M/1.26G [00:32<00:53, 14.9MB/s]Downloading pytorch_model.bin:  37%|███████████████████████████████                                                    | 472M/1.26G [00:33<00:54, 14.5MB/s]Downloading pytorch_model.bin:  38%|███████████████████████████████▋                                                   | 482M/1.26G [00:33<00:54, 14.2MB/s]Downloading pytorch_model.bin:  39%|████████████████████████████████▍                                                  | 493M/1.26G [00:34<00:52, 14.8MB/s]Downloading pytorch_model.bin:  40%|█████████████████████████████████                                                  | 503M/1.26G [00:35<00:50, 14.9MB/s]Downloading pytorch_model.bin:  41%|█████████████████████████████████▊                                                 | 514M/1.26G [00:35<00:49, 15.2MB/s]Downloading pytorch_model.bin:  42%|██████████████████████████████████▍                                                | 524M/1.26G [00:36<00:47, 15.6MB/s]Downloading pytorch_model.bin:  42%|███████████████████████████████████▏                                               | 535M/1.26G [00:37<00:50, 14.5MB/s]Downloading pytorch_model.bin:  43%|███████████████████████████████████▊                                               | 545M/1.26G [00:38<01:03, 11.2MB/s]Downloading pytorch_model.bin:  44%|████████████████████████████████████▌                                              | 556M/1.26G [00:39<01:04, 10.9MB/s]Downloading pytorch_model.bin:  45%|█████████████████████████████████████▏                                             | 566M/1.26G [00:40<00:59, 11.6MB/s]Downloading pytorch_model.bin:  46%|█████████████████████████████████████▉                                             | 577M/1.26G [00:41<00:56, 12.1MB/s]Downloading pytorch_model.bin:  47%|██████████████████████████████████████▌                                            | 587M/1.26G [00:42<00:53, 12.5MB/s]Downloading pytorch_model.bin:  47%|███████████████████████████████████████▎                                           | 598M/1.26G [00:42<00:49, 13.3MB/s]Downloading pytorch_model.bin:  48%|███████████████████████████████████████▉                                           | 608M/1.26G [00:43<00:47, 13.8MB/s]Downloading pytorch_model.bin:  49%|████████████████████████████████████████▋                                          | 619M/1.26G [00:44<00:46, 13.9MB/s]Downloading pytorch_model.bin:  50%|█████████████████████████████████████████▎                                         | 629M/1.26G [00:44<00:47, 13.3MB/s]Downloading pytorch_model.bin:  51%|██████████████████████████████████████████                                         | 640M/1.26G [00:45<00:46, 13.4MB/s]Downloading pytorch_model.bin:  52%|██████████████████████████████████████████▊                                        | 650M/1.26G [00:46<00:49, 12.5MB/s]Downloading pytorch_model.bin:  52%|███████████████████████████████████████████▍                                       | 661M/1.26G [00:47<00:45, 13.2MB/s]Downloading pytorch_model.bin:  53%|████████████████████████████████████████████▏                                      | 671M/1.26G [00:48<00:43, 13.5MB/s]Downloading pytorch_model.bin:  54%|████████████████████████████████████████████▊                                      | 682M/1.26G [00:48<00:41, 14.0MB/s]Downloading pytorch_model.bin:  55%|█████████████████████████████████████████████▌                                     | 692M/1.26G [00:49<00:41, 13.8MB/s]Downloading pytorch_model.bin:  56%|██████████████████████████████████████████████▏                                    | 703M/1.26G [00:50<00:40, 13.8MB/s]Downloading pytorch_model.bin:  56%|██████████████████████████████████████████████▉                                    | 713M/1.26G [00:51<00:38, 14.2MB/s]Downloading pytorch_model.bin:  57%|███████████████████████████████████████████████▌                                   | 724M/1.26G [00:51<00:38, 14.0MB/s]Downloading pytorch_model.bin:  58%|████████████████████████████████████████████████▎                                  | 734M/1.26G [00:52<00:37, 14.2MB/s]Downloading pytorch_model.bin:  59%|████████████████████████████████████████████████▉                                  | 744M/1.26G [00:53<00:42, 12.1MB/s]Downloading pytorch_model.bin:  60%|█████████████████████████████████████████████████▋                                 | 755M/1.26G [00:54<00:40, 12.4MB/s]Downloading pytorch_model.bin:  61%|██████████████████████████████████████████████████▎                                | 765M/1.26G [00:55<00:38, 12.8MB/s]Downloading pytorch_model.bin:  61%|███████████████████████████████████████████████████                                | 776M/1.26G [00:56<00:37, 12.9MB/s]Downloading pytorch_model.bin:  62%|███████████████████████████████████████████████████▋                               | 786M/1.26G [00:56<00:34, 13.7MB/s]Downloading pytorch_model.bin:  63%|████████████████████████████████████████████████████▍                              | 797M/1.26G [00:57<00:33, 13.7MB/s]Downloading pytorch_model.bin:  64%|█████████████████████████████████████████████████████                              | 807M/1.26G [00:59<00:44, 10.3MB/s]Downloading pytorch_model.bin:  65%|█████████████████████████████████████████████████████▊                             | 818M/1.26G [01:00<00:42, 10.4MB/s]Downloading pytorch_model.bin:  66%|██████████████████████████████████████████████████████▍                            | 828M/1.26G [01:01<00:44, 9.82MB/s]Downloading pytorch_model.bin:  66%|███████████████████████████████████████████████████████▏                           | 839M/1.26G [01:02<00:42, 9.98MB/s]Downloading pytorch_model.bin:  67%|███████████████████████████████████████████████████████▊                           | 849M/1.26G [01:03<00:44, 9.31MB/s]Downloading pytorch_model.bin:  68%|████████████████████████████████████████████████████████▌                          | 860M/1.26G [01:05<00:50, 7.89MB/s]Downloading pytorch_model.bin:  69%|█████████████████████████████████████████████████████████▏                         | 870M/1.26G [01:06<00:48, 8.13MB/s]Downloading pytorch_model.bin:  70%|█████████████████████████████████████████████████████████▉                         | 881M/1.26G [01:08<00:49, 7.76MB/s]Downloading pytorch_model.bin:  71%|██████████████████████████████████████████████████████████▌                        | 891M/1.26G [01:09<00:43, 8.49MB/s]Downloading pytorch_model.bin:  71%|███████████████████████████████████████████████████████████▎                       | 902M/1.26G [01:09<00:37, 9.71MB/s]Downloading pytorch_model.bin:  72%|███████████████████████████████████████████████████████████▉                       | 912M/1.26G [01:10<00:32, 10.7MB/s]Downloading pytorch_model.bin:  73%|████████████████████████████████████████████████████████████▋                      | 923M/1.26G [01:11<00:29, 11.7MB/s]Downloading pytorch_model.bin:  74%|█████████████████████████████████████████████████████████████▎                     | 933M/1.26G [01:11<00:26, 12.3MB/s]Downloading pytorch_model.bin:  75%|██████████████████████████████████████████████████████████████                     | 944M/1.26G [01:13<00:27, 11.5MB/s]Downloading pytorch_model.bin:  76%|██████████████████████████████████████████████████████████████▋                    | 954M/1.26G [01:13<00:26, 11.5MB/s]Downloading pytorch_model.bin:  76%|███████████████████████████████████████████████████████████████▍                   | 965M/1.26G [01:14<00:24, 12.0MB/s]Downloading pytorch_model.bin:  77%|████████████████████████████████████████████████████████████████▏                  | 975M/1.26G [01:15<00:23, 12.3MB/s]Downloading pytorch_model.bin:  78%|████████████████████████████████████████████████████████████████▊                  | 986M/1.26G [01:16<00:21, 13.0MB/s]Downloading pytorch_model.bin:  79%|█████████████████████████████████████████████████████████████████▌                 | 996M/1.26G [01:17<00:20, 12.7MB/s]Downloading pytorch_model.bin:  80%|█████████████████████████████████████████████████████████████████▍                | 1.01G/1.26G [01:17<00:19, 13.4MB/s]Downloading pytorch_model.bin:  81%|██████████████████████████████████████████████████████████████████                | 1.02G/1.26G [01:18<00:17, 14.1MB/s]Downloading pytorch_model.bin:  81%|██████████████████████████████████████████████████████████████████▊               | 1.03G/1.26G [01:19<00:16, 14.6MB/s]Downloading pytorch_model.bin:  82%|███████████████████████████████████████████████████████████████████▍              | 1.04G/1.26G [01:20<00:18, 12.2MB/s]Downloading pytorch_model.bin:  83%|████████████████████████████████████████████████████████████████████              | 1.05G/1.26G [01:21<00:16, 12.8MB/s]Downloading pytorch_model.bin:  84%|████████████████████████████████████████████████████████████████████▊             | 1.06G/1.26G [01:22<00:16, 12.0MB/s]Downloading pytorch_model.bin:  85%|█████████████████████████████████████████████████████████████████████▍            | 1.07G/1.26G [01:22<00:14, 13.0MB/s]Downloading pytorch_model.bin:  86%|██████████████████████████████████████████████████████████████████████▏           | 1.08G/1.26G [01:23<00:13, 13.7MB/s]Downloading pytorch_model.bin:  86%|██████████████████████████████████████████████████████████████████████▊           | 1.09G/1.26G [01:24<00:12, 13.9MB/s]Downloading pytorch_model.bin:  87%|███████████████████████████████████████████████████████████████████████▌          | 1.10G/1.26G [01:24<00:11, 13.7MB/s]Downloading pytorch_model.bin:  88%|████████████████████████████████████████████████████████████████████████▏         | 1.11G/1.26G [01:25<00:10, 13.7MB/s]Downloading pytorch_model.bin:  89%|████████████████████████████████████████████████████████████████████████▉         | 1.12G/1.26G [01:26<00:11, 12.3MB/s]Downloading pytorch_model.bin:  90%|█████████████████████████████████████████████████████████████████████████▌        | 1.13G/1.26G [01:27<00:09, 13.2MB/s]Downloading pytorch_model.bin:  91%|██████████████████████████████████████████████████████████████████████████▎       | 1.14G/1.26G [01:28<00:09, 12.4MB/s]Downloading pytorch_model.bin:  91%|██████████████████████████████████████████████████████████████████████████▉       | 1.15G/1.26G [01:29<00:08, 12.3MB/s]Downloading pytorch_model.bin:  92%|███████████████████████████████████████████████████████████████████████████▌      | 1.16G/1.26G [01:29<00:07, 12.5MB/s]Downloading pytorch_model.bin:  93%|████████████████████████████████████████████████████████████████████████████▎     | 1.17G/1.26G [01:31<00:07, 11.1MB/s]Downloading pytorch_model.bin:  94%|████████████████████████████████████████████████████████████████████████████▉     | 1.18G/1.26G [01:31<00:06, 12.0MB/s]Downloading pytorch_model.bin:  95%|█████████████████████████████████████████████████████████████████████████████▋    | 1.20G/1.26G [01:32<00:05, 13.0MB/s]Downloading pytorch_model.bin:  96%|██████████████████████████████████████████████████████████████████████████████▎   | 1.21G/1.26G [01:33<00:04, 13.5MB/s]Downloading pytorch_model.bin:  96%|███████████████████████████████████████████████████████████████████████████████   | 1.22G/1.26G [01:33<00:03, 14.3MB/s]Downloading pytorch_model.bin:  97%|███████████████████████████████████████████████████████████████████████████████▋  | 1.23G/1.26G [01:34<00:02, 14.9MB/s]Downloading pytorch_model.bin:  98%|████████████████████████████████████████████████████████████████████████████████▍ | 1.24G/1.26G [01:35<00:01, 14.8MB/s]Downloading pytorch_model.bin:  99%|█████████████████████████████████████████████████████████████████████████████████ | 1.25G/1.26G [01:35<00:00, 15.3MB/s]Downloading pytorch_model.bin: 100%|█████████████████████████████████████████████████████████████████████████████████▋| 1.26G/1.26G [01:36<00:00, 14.3MB/s]Downloading pytorch_model.bin: 100%|██████████████████████████████████████████████████████████████████████████████████| 1.26G/1.26G [01:36<00:00, 14.2MB/s]Downloading pytorch_model.bin: 100%|██████████████████████████████████████████████████████████████████████████████████| 1.26G/1.26G [01:36<00:00, 13.0MB/s]
Downloading (…)rocessor_config.json:   0%|                                                                                       | 0.00/158 [00:00<?, ?B/s]Downloading (…)rocessor_config.json: 100%|████████████████████████████████████████████████████████████████████████████████| 158/158 [00:00<00:00, 85.6kB/s]
Downloading (…)olve/main/vocab.json:   0%|                                                                                       | 0.00/507 [00:00<?, ?B/s]Downloading (…)olve/main/vocab.json: 100%|█████████████████████████████████████████████████████████████████████████████████| 507/507 [00:00<00:00, 277kB/s]
Downloading (…)cial_tokens_map.json:   0%|                                                                                      | 0.00/85.0 [00:00<?, ?B/s]Downloading (…)cial_tokens_map.json: 100%|██████████████████████████████████████████████████████████████████████████████| 85.0/85.0 [00:00<00:00, 48.7kB/s]
  0%|                                                                                                                                | 0/2 [00:00<?, ?it/s]  0%|                                                                                                                                | 0/2 [00:00<?, ?it/s]
Traceback (most recent call last):
  File "/root/miniconda3/envs/py38/lib/python3.8/site-packages/librosa/core/audio.py", line 164, in load
    y, sr_native = __soundfile_load(path, offset, duration, dtype)
  File "/root/miniconda3/envs/py38/lib/python3.8/site-packages/librosa/core/audio.py", line 195, in __soundfile_load
    context = sf.SoundFile(path)
  File "/root/miniconda3/envs/py38/lib/python3.8/site-packages/soundfile.py", line 658, in __init__
    self._file = self._open(file, mode_int, closefd)
  File "/root/miniconda3/envs/py38/lib/python3.8/site-packages/soundfile.py", line 1216, in _open
    raise LibsndfileError(err, prefix="Error opening {0!r}: ".format(self.name))
soundfile.LibsndfileError: Error opening '/path/to/test_file1.mp3': System error.

During handling of the above exception, another exception occurred:

Traceback (most recent call last):
  File "./f00807_transcribe_arabic_speech.py", line 40, in <module>
    test_transcribe_arabic_speech()
  File "./f00807_transcribe_arabic_speech.py", line 33, in test_transcribe_arabic_speech
    transcriptions = transcribe_arabic_speech(test_audio_paths)
  File "./f00807_transcribe_arabic_speech.py", line 22, in transcribe_arabic_speech
    transcriptions = model.transcribe(audio_paths)
  File "/root/miniconda3/envs/py38/lib/python3.8/site-packages/huggingsound/speech_recognition/model.py", line 119, in transcribe
    waveforms = get_waveforms(paths_batch, sampling_rate)
  File "/root/miniconda3/envs/py38/lib/python3.8/site-packages/huggingsound/utils.py", line 52, in get_waveforms
    waveform, sr = librosa.load(path, sr=sampling_rate)
  File "/root/miniconda3/envs/py38/lib/python3.8/site-packages/librosa/util/decorators.py", line 88, in inner_f
    return f(*args, **kwargs)
  File "/root/miniconda3/envs/py38/lib/python3.8/site-packages/librosa/core/audio.py", line 170, in load
    y, sr_native = __audioread_load(path, offset, duration, dtype)
  File "/root/miniconda3/envs/py38/lib/python3.8/site-packages/librosa/core/audio.py", line 226, in __audioread_load
    reader = audioread.audio_open(path)
  File "/root/miniconda3/envs/py38/lib/python3.8/site-packages/audioread/__init__.py", line 127, in audio_open
    return BackendClass(path)
  File "/root/miniconda3/envs/py38/lib/python3.8/site-packages/audioread/rawread.py", line 59, in __init__
    self._fh = open(filename, 'rb')
FileNotFoundError: [Errno 2] No such file or directory: '/path/to/test_file1.mp3'
