Downloading (…)lve/main/config.json:   0%|                                                                                     | 0.00/1.77k [00:00<?, ?B/s]Downloading (…)lve/main/config.json: 100%|█████████████████████████████████████████████████████████████████████████████| 1.77k/1.77k [00:00<00:00, 131kB/s]
Downloading pytorch_model.bin:   0%|                                                                                           | 0.00/1.27G [00:00<?, ?B/s]Downloading pytorch_model.bin:   2%|█▎                                                                                 | 21.0M/1.27G [00:00<00:08, 151MB/s]Downloading pytorch_model.bin:   3%|██▋                                                                                | 41.9M/1.27G [00:00<00:07, 167MB/s]Downloading pytorch_model.bin:   6%|████▊                                                                              | 73.4M/1.27G [00:00<00:06, 186MB/s]Downloading pytorch_model.bin:   8%|██████▉                                                                             | 105M/1.27G [00:00<00:05, 202MB/s]Downloading pytorch_model.bin:  10%|████████▎                                                                           | 126M/1.27G [00:00<00:05, 203MB/s]Downloading pytorch_model.bin:  12%|█████████▋                                                                          | 147M/1.27G [00:00<00:07, 151MB/s]Downloading pytorch_model.bin:  14%|███████████▊                                                                        | 178M/1.27G [00:00<00:06, 181MB/s]Downloading pytorch_model.bin:  17%|█████████████▊                                                                      | 210M/1.27G [00:01<00:05, 203MB/s]Downloading pytorch_model.bin:  19%|███████████████▉                                                                    | 241M/1.27G [00:01<00:04, 214MB/s]Downloading pytorch_model.bin:  21%|██████████████████                                                                  | 273M/1.27G [00:01<00:04, 216MB/s]Downloading pytorch_model.bin:  24%|████████████████████                                                                | 304M/1.27G [00:01<00:04, 220MB/s]Downloading pytorch_model.bin:  26%|██████████████████████▏                                                             | 336M/1.27G [00:01<00:04, 224MB/s]Downloading pytorch_model.bin:  29%|████████████████████████▎                                                           | 367M/1.27G [00:01<00:03, 228MB/s]Downloading pytorch_model.bin:  31%|██████████████████████████▎                                                         | 398M/1.27G [00:01<00:03, 229MB/s]Downloading pytorch_model.bin:  34%|████████████████████████████▍                                                       | 430M/1.27G [00:02<00:03, 230MB/s]Downloading pytorch_model.bin:  36%|██████████████████████████████▌                                                     | 461M/1.27G [00:02<00:03, 234MB/s]Downloading pytorch_model.bin:  39%|████████████████████████████████▌                                                   | 493M/1.27G [00:02<00:03, 240MB/s]Downloading pytorch_model.bin:  41%|██████████████████████████████████▋                                                 | 524M/1.27G [00:02<00:03, 244MB/s]Downloading pytorch_model.bin:  44%|████████████████████████████████████▊                                               | 556M/1.27G [00:02<00:03, 230MB/s]Downloading pytorch_model.bin:  46%|██████████████████████████████████████▊                                             | 587M/1.27G [00:02<00:02, 228MB/s]Downloading pytorch_model.bin:  49%|████████████████████████████████████████▉                                           | 619M/1.27G [00:02<00:02, 230MB/s]Downloading pytorch_model.bin:  51%|███████████████████████████████████████████                                         | 650M/1.27G [00:03<00:02, 230MB/s]Downloading pytorch_model.bin:  54%|█████████████████████████████████████████████                                       | 682M/1.27G [00:03<00:03, 184MB/s]Downloading pytorch_model.bin:  56%|███████████████████████████████████████████████▏                                    | 713M/1.27G [00:03<00:02, 193MB/s]Downloading pytorch_model.bin:  59%|█████████████████████████████████████████████████▎                                  | 744M/1.27G [00:03<00:02, 206MB/s]Downloading pytorch_model.bin:  61%|███████████████████████████████████████████████████▎                                | 776M/1.27G [00:03<00:02, 212MB/s]Downloading pytorch_model.bin:  64%|█████████████████████████████████████████████████████▍                              | 807M/1.27G [00:03<00:02, 215MB/s]Downloading pytorch_model.bin:  66%|███████████████████████████████████████████████████████▍                            | 839M/1.27G [00:03<00:02, 207MB/s]Downloading pytorch_model.bin:  69%|█████████████████████████████████████████████████████████▌                          | 870M/1.27G [00:04<00:01, 207MB/s]Downloading pytorch_model.bin:  71%|███████████████████████████████████████████████████████████▋                        | 902M/1.27G [00:04<00:01, 217MB/s]Downloading pytorch_model.bin:  73%|█████████████████████████████████████████████████████████████▋                      | 933M/1.27G [00:04<00:01, 232MB/s]Downloading pytorch_model.bin:  76%|███████████████████████████████████████████████████████████████▊                    | 965M/1.27G [00:04<00:01, 240MB/s]Downloading pytorch_model.bin:  78%|█████████████████████████████████████████████████████████████████▉                  | 996M/1.27G [00:04<00:01, 243MB/s]Downloading pytorch_model.bin:  81%|███████████████████████████████████████████████████████████████████▏               | 1.03G/1.27G [00:04<00:00, 246MB/s]Downloading pytorch_model.bin:  83%|█████████████████████████████████████████████████████████████████████▏             | 1.06G/1.27G [00:04<00:00, 246MB/s]Downloading pytorch_model.bin:  86%|███████████████████████████████████████████████████████████████████████▎           | 1.09G/1.27G [00:05<00:00, 241MB/s]Downloading pytorch_model.bin:  88%|█████████████████████████████████████████████████████████████████████████▎         | 1.12G/1.27G [00:05<00:00, 235MB/s]Downloading pytorch_model.bin:  91%|███████████████████████████████████████████████████████████████████████████▍       | 1.15G/1.27G [00:05<00:00, 239MB/s]Downloading pytorch_model.bin:  93%|█████████████████████████████████████████████████████████████████████████████▍     | 1.18G/1.27G [00:05<00:00, 241MB/s]Downloading pytorch_model.bin:  96%|███████████████████████████████████████████████████████████████████████████████▌   | 1.22G/1.27G [00:05<00:00, 240MB/s]Downloading pytorch_model.bin:  98%|█████████████████████████████████████████████████████████████████████████████████▌ | 1.25G/1.27G [00:05<00:00, 235MB/s]Downloading pytorch_model.bin: 100%|███████████████████████████████████████████████████████████████████████████████████| 1.27G/1.27G [00:05<00:00, 220MB/s]
Some weights of Wav2Vec2Model were not initialized from the model checkpoint at facebook/wav2vec2-large-xlsr-53 and are newly initialized: ['wav2vec2.encoder.pos_conv_embed.conv.parametrizations.weight.original0', 'wav2vec2.encoder.pos_conv_embed.conv.parametrizations.weight.original1']
You should probably TRAIN this model on a down-stream task to be able to use it for predictions and inference.
/root/miniconda3/envs/py38/lib/python3.8/site-packages/librosa/util/decorators.py:88: UserWarning: PySoundFile failed. Trying audioread instead.
  return f(*args, **kwargs)
Traceback (most recent call last):
  File "/root/miniconda3/envs/py38/lib/python3.8/site-packages/librosa/core/audio.py", line 164, in load
    y, sr_native = __soundfile_load(path, offset, duration, dtype)
  File "/root/miniconda3/envs/py38/lib/python3.8/site-packages/librosa/core/audio.py", line 195, in __soundfile_load
    context = sf.SoundFile(path)
  File "/root/miniconda3/envs/py38/lib/python3.8/site-packages/soundfile.py", line 658, in __init__
    self._file = self._open(file, mode_int, closefd)
  File "/root/miniconda3/envs/py38/lib/python3.8/site-packages/soundfile.py", line 1216, in _open
    raise LibsndfileError(err, prefix="Error opening {0!r}: ".format(self.name))
soundfile.LibsndfileError: Error opening '/path/to/test_audio_file.wav': System error.

During handling of the above exception, another exception occurred:

Traceback (most recent call last):
  File "./f00905_emotion_recognition.py", line 39, in <module>
    test_emotion_recognition()
  File "./f00905_emotion_recognition.py", line 32, in test_emotion_recognition
    result = emotion_recognition(audio_path)
  File "./f00905_emotion_recognition.py", line 20, in emotion_recognition
    audio_data, sample_rate = librosa.load(audio_path)
  File "/root/miniconda3/envs/py38/lib/python3.8/site-packages/librosa/util/decorators.py", line 88, in inner_f
    return f(*args, **kwargs)
  File "/root/miniconda3/envs/py38/lib/python3.8/site-packages/librosa/core/audio.py", line 170, in load
    y, sr_native = __audioread_load(path, offset, duration, dtype)
  File "/root/miniconda3/envs/py38/lib/python3.8/site-packages/librosa/core/audio.py", line 226, in __audioread_load
    reader = audioread.audio_open(path)
  File "/root/miniconda3/envs/py38/lib/python3.8/site-packages/audioread/__init__.py", line 127, in audio_open
    return BackendClass(path)
  File "/root/miniconda3/envs/py38/lib/python3.8/site-packages/audioread/rawread.py", line 59, in __init__
    self._fh = open(filename, 'rb')
FileNotFoundError: [Errno 2] No such file or directory: '/path/to/test_audio_file.wav'
